[2024-01-19T05:01:38.292+0000] {taskinstance.py:1159} INFO - Dependencies all met for dep_context=non-requeueable deps ti=<TaskInstance: bitcoin_data_batch_processing.submit_spark_job scheduled__2024-01-17T23:59:00+00:00 [queued]>
[2024-01-19T05:01:38.311+0000] {taskinstance.py:1159} INFO - Dependencies all met for dep_context=requeueable deps ti=<TaskInstance: bitcoin_data_batch_processing.submit_spark_job scheduled__2024-01-17T23:59:00+00:00 [queued]>
[2024-01-19T05:01:38.311+0000] {taskinstance.py:1361} INFO - Starting attempt 1 of 1
[2024-01-19T05:01:38.461+0000] {taskinstance.py:1382} INFO - Executing <Task(SparkSubmitOperator): submit_spark_job> on 2024-01-17 23:59:00+00:00
[2024-01-19T05:01:38.467+0000] {standard_task_runner.py:57} INFO - Started process 3345 to run task
[2024-01-19T05:01:38.478+0000] {standard_task_runner.py:84} INFO - Running: ['***', 'tasks', 'run', 'bitcoin_data_batch_processing', 'submit_spark_job', 'scheduled__2024-01-17T23:59:00+00:00', '--job-id', '2', '--raw', '--subdir', 'DAGS_FOLDER/BatchLayer_dag.py', '--cfg-path', '/tmp/tmp9cy2r6oj']
[2024-01-19T05:01:38.483+0000] {standard_task_runner.py:85} INFO - Job 2: Subtask submit_spark_job
[2024-01-19T05:01:38.796+0000] {task_command.py:415} INFO - Running <TaskInstance: bitcoin_data_batch_processing.submit_spark_job scheduled__2024-01-17T23:59:00+00:00 [running]> on host 16d1e907211a
[2024-01-19T05:01:39.247+0000] {taskinstance.py:1660} INFO - Exporting env vars: AIRFLOW_CTX_DAG_OWNER='***' AIRFLOW_CTX_DAG_ID='bitcoin_data_batch_processing' AIRFLOW_CTX_TASK_ID='submit_spark_job' AIRFLOW_CTX_EXECUTION_DATE='2024-01-17T23:59:00+00:00' AIRFLOW_CTX_TRY_NUMBER='1' AIRFLOW_CTX_DAG_RUN_ID='scheduled__2024-01-17T23:59:00+00:00'
[2024-01-19T05:01:39.275+0000] {base.py:73} INFO - Using connection ID 'spark_default' for task execution.
[2024-01-19T05:01:39.278+0000] {spark_submit.py:401} INFO - Spark-Submit cmd: spark-submit --master spark://172.18.0.5:7077 --packages com.datastax.spark:spark-cassandra-connector_2.12:3.4.1 --name arrow-spark --queue root.default --deploy-mode client /opt/***/dags/spark_batch.py
[2024-01-19T05:01:39.682+0000] {spark_submit.py:571} INFO - /home/***/.local/lib/python3.9/site-packages/pyspark/bin/load-spark-env.sh: line 68: ps: command not found
[2024-01-19T05:01:45.021+0000] {spark_submit.py:571} INFO - :: loading settings :: url = jar:file:/home/***/.local/lib/python3.9/site-packages/pyspark/jars/ivy-2.5.1.jar!/org/apache/ivy/core/settings/ivysettings.xml
[2024-01-19T05:01:45.296+0000] {spark_submit.py:571} INFO - Ivy Default Cache set to: /home/***/.ivy2/cache
[2024-01-19T05:01:45.297+0000] {spark_submit.py:571} INFO - The jars for the packages stored in: /home/***/.ivy2/jars
[2024-01-19T05:01:45.306+0000] {spark_submit.py:571} INFO - com.datastax.spark#spark-cassandra-connector_2.12 added as a dependency
[2024-01-19T05:01:45.309+0000] {spark_submit.py:571} INFO - :: resolving dependencies :: org.apache.spark#spark-submit-parent-fdcbd66f-ee76-43b2-a375-02dc7ed47e95;1.0
[2024-01-19T05:01:45.310+0000] {spark_submit.py:571} INFO - confs: [default]
[2024-01-19T05:01:46.452+0000] {spark_submit.py:571} INFO - found com.datastax.spark#spark-cassandra-connector_2.12;3.4.1 in central
[2024-01-19T05:01:46.554+0000] {spark_submit.py:571} INFO - found com.datastax.spark#spark-cassandra-connector-driver_2.12;3.4.1 in central
[2024-01-19T05:01:46.646+0000] {spark_submit.py:571} INFO - found org.scala-lang.modules#scala-collection-compat_2.12;2.11.0 in central
[2024-01-19T05:01:50.047+0000] {spark_submit.py:571} INFO - found com.datastax.oss#java-driver-core-shaded;4.13.0 in central
[2024-01-19T05:01:50.149+0000] {spark_submit.py:571} INFO - found com.datastax.oss#native-protocol;1.5.0 in central
[2024-01-19T05:01:50.232+0000] {spark_submit.py:571} INFO - found com.datastax.oss#java-driver-shaded-guava;25.1-jre-graal-sub-1 in central
[2024-01-19T05:01:50.297+0000] {spark_submit.py:571} INFO - found com.typesafe#config;1.4.1 in central
[2024-01-19T05:01:51.320+0000] {spark_submit.py:571} INFO - found org.slf4j#slf4j-api;1.7.26 in central
[2024-01-19T05:01:51.886+0000] {spark_submit.py:571} INFO - found io.dropwizard.metrics#metrics-core;4.1.18 in central
[2024-01-19T05:01:51.950+0000] {spark_submit.py:571} INFO - found org.hdrhistogram#HdrHistogram;2.1.12 in central
[2024-01-19T05:01:52.013+0000] {spark_submit.py:571} INFO - found org.reactivestreams#reactive-streams;1.0.3 in central
[2024-01-19T05:01:52.916+0000] {spark_submit.py:571} INFO - found com.github.stephenc.jcip#jcip-annotations;1.0-1 in central
[2024-01-19T05:01:52.982+0000] {spark_submit.py:571} INFO - found com.github.spotbugs#spotbugs-annotations;3.1.12 in central
[2024-01-19T05:01:53.325+0000] {spark_submit.py:571} INFO - found com.google.code.findbugs#jsr305;3.0.2 in central
[2024-01-19T05:01:53.456+0000] {spark_submit.py:571} INFO - found com.datastax.oss#java-driver-mapper-runtime;4.13.0 in central
[2024-01-19T05:01:53.529+0000] {spark_submit.py:571} INFO - found com.datastax.oss#java-driver-query-builder;4.13.0 in central
[2024-01-19T05:01:54.743+0000] {spark_submit.py:571} INFO - found org.apache.commons#commons-lang3;3.10 in central
[2024-01-19T05:01:56.084+0000] {spark_submit.py:571} INFO - found com.thoughtworks.paranamer#paranamer;2.8 in central
[2024-01-19T05:01:56.141+0000] {spark_submit.py:571} INFO - found org.scala-lang#scala-reflect;2.12.11 in central
[2024-01-19T05:01:56.186+0000] {spark_submit.py:571} INFO - downloading https://repo1.maven.org/maven2/com/datastax/spark/spark-cassandra-connector_2.12/3.4.1/spark-cassandra-connector_2.12-3.4.1.jar ...
[2024-01-19T05:01:56.477+0000] {spark_submit.py:571} INFO - [SUCCESSFUL ] com.datastax.spark#spark-cassandra-connector_2.12;3.4.1!spark-cassandra-connector_2.12.jar (318ms)
[2024-01-19T05:01:56.503+0000] {spark_submit.py:571} INFO - downloading https://repo1.maven.org/maven2/com/datastax/spark/spark-cassandra-connector-driver_2.12/3.4.1/spark-cassandra-connector-driver_2.12-3.4.1.jar ...
[2024-01-19T05:01:56.684+0000] {spark_submit.py:571} INFO - [SUCCESSFUL ] com.datastax.spark#spark-cassandra-connector-driver_2.12;3.4.1!spark-cassandra-connector-driver_2.12.jar (205ms)
[2024-01-19T05:01:56.712+0000] {spark_submit.py:571} INFO - downloading https://repo1.maven.org/maven2/org/scala-lang/modules/scala-collection-compat_2.12/2.11.0/scala-collection-compat_2.12-2.11.0.jar ...
[2024-01-19T05:01:56.793+0000] {spark_submit.py:571} INFO - [SUCCESSFUL ] org.scala-lang.modules#scala-collection-compat_2.12;2.11.0!scala-collection-compat_2.12.jar (108ms)
[2024-01-19T05:01:56.830+0000] {spark_submit.py:571} INFO - downloading https://repo1.maven.org/maven2/com/datastax/oss/java-driver-core-shaded/4.13.0/java-driver-core-shaded-4.13.0.jar ...
[2024-01-19T05:01:57.871+0000] {spark_submit.py:571} INFO - [SUCCESSFUL ] com.datastax.oss#java-driver-core-shaded;4.13.0!java-driver-core-shaded.jar (1076ms)
[2024-01-19T05:01:57.892+0000] {spark_submit.py:571} INFO - downloading https://repo1.maven.org/maven2/com/datastax/oss/java-driver-mapper-runtime/4.13.0/java-driver-mapper-runtime-4.13.0.jar ...
[2024-01-19T05:01:57.919+0000] {spark_submit.py:571} INFO - [SUCCESSFUL ] com.datastax.oss#java-driver-mapper-runtime;4.13.0!java-driver-mapper-runtime.jar(bundle) (47ms)
[2024-01-19T05:01:57.939+0000] {spark_submit.py:571} INFO - downloading https://repo1.maven.org/maven2/org/apache/commons/commons-lang3/3.10/commons-lang3-3.10.jar ...
[2024-01-19T05:01:58.032+0000] {spark_submit.py:571} INFO - [SUCCESSFUL ] org.apache.commons#commons-lang3;3.10!commons-lang3.jar (111ms)
[2024-01-19T05:01:58.054+0000] {spark_submit.py:571} INFO - downloading https://repo1.maven.org/maven2/com/thoughtworks/paranamer/paranamer/2.8/paranamer-2.8.jar ...
[2024-01-19T05:01:58.078+0000] {spark_submit.py:571} INFO - [SUCCESSFUL ] com.thoughtworks.paranamer#paranamer;2.8!paranamer.jar(bundle) (46ms)
[2024-01-19T05:01:58.122+0000] {spark_submit.py:571} INFO - downloading https://repo1.maven.org/maven2/org/scala-lang/scala-reflect/2.12.11/scala-reflect-2.12.11.jar ...
[2024-01-19T05:01:58.680+0000] {spark_submit.py:571} INFO - [SUCCESSFUL ] org.scala-lang#scala-reflect;2.12.11!scala-reflect.jar (588ms)
[2024-01-19T05:01:58.706+0000] {spark_submit.py:571} INFO - downloading https://repo1.maven.org/maven2/com/datastax/oss/native-protocol/1.5.0/native-protocol-1.5.0.jar ...
[2024-01-19T05:01:58.773+0000] {spark_submit.py:571} INFO - [SUCCESSFUL ] com.datastax.oss#native-protocol;1.5.0!native-protocol.jar(bundle) (90ms)
[2024-01-19T05:01:58.805+0000] {spark_submit.py:571} INFO - downloading https://repo1.maven.org/maven2/com/datastax/oss/java-driver-shaded-guava/25.1-jre-graal-sub-1/java-driver-shaded-guava-25.1-jre-graal-sub-1.jar ...
[2024-01-19T05:01:59.213+0000] {spark_submit.py:571} INFO - [SUCCESSFUL ] com.datastax.oss#java-driver-shaded-guava;25.1-jre-graal-sub-1!java-driver-shaded-guava.jar (436ms)
[2024-01-19T05:01:59.239+0000] {spark_submit.py:571} INFO - downloading https://repo1.maven.org/maven2/com/typesafe/config/1.4.1/config-1.4.1.jar ...
[2024-01-19T05:01:59.304+0000] {spark_submit.py:571} INFO - [SUCCESSFUL ] com.typesafe#config;1.4.1!config.jar(bundle) (88ms)
[2024-01-19T05:01:59.328+0000] {spark_submit.py:571} INFO - downloading https://repo1.maven.org/maven2/org/slf4j/slf4j-api/1.7.26/slf4j-api-1.7.26.jar ...
[2024-01-19T05:01:59.370+0000] {spark_submit.py:571} INFO - [SUCCESSFUL ] org.slf4j#slf4j-api;1.7.26!slf4j-api.jar (61ms)
[2024-01-19T05:01:59.398+0000] {spark_submit.py:571} INFO - downloading https://repo1.maven.org/maven2/io/dropwizard/metrics/metrics-core/4.1.18/metrics-core-4.1.18.jar ...
[2024-01-19T05:01:59.431+0000] {spark_submit.py:571} INFO - [SUCCESSFUL ] io.dropwizard.metrics#metrics-core;4.1.18!metrics-core.jar(bundle) (57ms)
[2024-01-19T05:01:59.455+0000] {spark_submit.py:571} INFO - downloading https://repo1.maven.org/maven2/org/hdrhistogram/HdrHistogram/2.1.12/HdrHistogram-2.1.12.jar ...
[2024-01-19T05:01:59.499+0000] {spark_submit.py:571} INFO - [SUCCESSFUL ] org.hdrhistogram#HdrHistogram;2.1.12!HdrHistogram.jar(bundle) (67ms)
[2024-01-19T05:01:59.524+0000] {spark_submit.py:571} INFO - downloading https://repo1.maven.org/maven2/org/reactivestreams/reactive-streams/1.0.3/reactive-streams-1.0.3.jar ...
[2024-01-19T05:01:59.548+0000] {spark_submit.py:571} INFO - [SUCCESSFUL ] org.reactivestreams#reactive-streams;1.0.3!reactive-streams.jar (45ms)
[2024-01-19T05:01:59.574+0000] {spark_submit.py:571} INFO - downloading https://repo1.maven.org/maven2/com/github/stephenc/jcip/jcip-annotations/1.0-1/jcip-annotations-1.0-1.jar ...
[2024-01-19T05:01:59.606+0000] {spark_submit.py:571} INFO - [SUCCESSFUL ] com.github.stephenc.jcip#jcip-annotations;1.0-1!jcip-annotations.jar (51ms)
[2024-01-19T05:01:59.630+0000] {spark_submit.py:571} INFO - downloading https://repo1.maven.org/maven2/com/github/spotbugs/spotbugs-annotations/3.1.12/spotbugs-annotations-3.1.12.jar ...
[2024-01-19T05:01:59.657+0000] {spark_submit.py:571} INFO - [SUCCESSFUL ] com.github.spotbugs#spotbugs-annotations;3.1.12!spotbugs-annotations.jar (46ms)
[2024-01-19T05:01:59.680+0000] {spark_submit.py:571} INFO - downloading https://repo1.maven.org/maven2/com/google/code/findbugs/jsr305/3.0.2/jsr305-3.0.2.jar ...
[2024-01-19T05:01:59.710+0000] {spark_submit.py:571} INFO - [SUCCESSFUL ] com.google.code.findbugs#jsr305;3.0.2!jsr305.jar (48ms)
[2024-01-19T05:01:59.738+0000] {spark_submit.py:571} INFO - downloading https://repo1.maven.org/maven2/com/datastax/oss/java-driver-query-builder/4.13.0/java-driver-query-builder-4.13.0.jar ...
[2024-01-19T05:01:59.793+0000] {spark_submit.py:571} INFO - [SUCCESSFUL ] com.datastax.oss#java-driver-query-builder;4.13.0!java-driver-query-builder.jar(bundle) (80ms)
[2024-01-19T05:01:59.794+0000] {spark_submit.py:571} INFO - :: resolution report :: resolve 10848ms :: artifacts dl 3636ms
[2024-01-19T05:01:59.794+0000] {spark_submit.py:571} INFO - :: modules in use:
[2024-01-19T05:01:59.794+0000] {spark_submit.py:571} INFO - com.datastax.oss#java-driver-core-shaded;4.13.0 from central in [default]
[2024-01-19T05:01:59.794+0000] {spark_submit.py:571} INFO - com.datastax.oss#java-driver-mapper-runtime;4.13.0 from central in [default]
[2024-01-19T05:01:59.794+0000] {spark_submit.py:571} INFO - com.datastax.oss#java-driver-query-builder;4.13.0 from central in [default]
[2024-01-19T05:01:59.795+0000] {spark_submit.py:571} INFO - com.datastax.oss#java-driver-shaded-guava;25.1-jre-graal-sub-1 from central in [default]
[2024-01-19T05:01:59.795+0000] {spark_submit.py:571} INFO - com.datastax.oss#native-protocol;1.5.0 from central in [default]
[2024-01-19T05:01:59.795+0000] {spark_submit.py:571} INFO - com.datastax.spark#spark-cassandra-connector-driver_2.12;3.4.1 from central in [default]
[2024-01-19T05:01:59.795+0000] {spark_submit.py:571} INFO - com.datastax.spark#spark-cassandra-connector_2.12;3.4.1 from central in [default]
[2024-01-19T05:01:59.796+0000] {spark_submit.py:571} INFO - com.github.spotbugs#spotbugs-annotations;3.1.12 from central in [default]
[2024-01-19T05:01:59.796+0000] {spark_submit.py:571} INFO - com.github.stephenc.jcip#jcip-annotations;1.0-1 from central in [default]
[2024-01-19T05:01:59.796+0000] {spark_submit.py:571} INFO - com.google.code.findbugs#jsr305;3.0.2 from central in [default]
[2024-01-19T05:01:59.796+0000] {spark_submit.py:571} INFO - com.thoughtworks.paranamer#paranamer;2.8 from central in [default]
[2024-01-19T05:01:59.796+0000] {spark_submit.py:571} INFO - com.typesafe#config;1.4.1 from central in [default]
[2024-01-19T05:01:59.796+0000] {spark_submit.py:571} INFO - io.dropwizard.metrics#metrics-core;4.1.18 from central in [default]
[2024-01-19T05:01:59.796+0000] {spark_submit.py:571} INFO - org.apache.commons#commons-lang3;3.10 from central in [default]
[2024-01-19T05:01:59.796+0000] {spark_submit.py:571} INFO - org.hdrhistogram#HdrHistogram;2.1.12 from central in [default]
[2024-01-19T05:01:59.796+0000] {spark_submit.py:571} INFO - org.reactivestreams#reactive-streams;1.0.3 from central in [default]
[2024-01-19T05:01:59.797+0000] {spark_submit.py:571} INFO - org.scala-lang#scala-reflect;2.12.11 from central in [default]
[2024-01-19T05:01:59.797+0000] {spark_submit.py:571} INFO - org.scala-lang.modules#scala-collection-compat_2.12;2.11.0 from central in [default]
[2024-01-19T05:01:59.797+0000] {spark_submit.py:571} INFO - org.slf4j#slf4j-api;1.7.26 from central in [default]
[2024-01-19T05:01:59.797+0000] {spark_submit.py:571} INFO - ---------------------------------------------------------------------
[2024-01-19T05:01:59.797+0000] {spark_submit.py:571} INFO - |                  |            modules            ||   artifacts   |
[2024-01-19T05:01:59.797+0000] {spark_submit.py:571} INFO - |       conf       | number| search|dwnlded|evicted|| number|dwnlded|
[2024-01-19T05:01:59.797+0000] {spark_submit.py:571} INFO - ---------------------------------------------------------------------
[2024-01-19T05:01:59.797+0000] {spark_submit.py:571} INFO - |      default     |   19  |   19  |   19  |   0   ||   19  |   19  |
[2024-01-19T05:01:59.798+0000] {spark_submit.py:571} INFO - ---------------------------------------------------------------------
[2024-01-19T05:01:59.822+0000] {spark_submit.py:571} INFO - :: retrieving :: org.apache.spark#spark-submit-parent-fdcbd66f-ee76-43b2-a375-02dc7ed47e95
[2024-01-19T05:01:59.823+0000] {spark_submit.py:571} INFO - confs: [default]
[2024-01-19T05:02:00.229+0000] {spark_submit.py:571} INFO - 19 artifacts copied, 0 already retrieved (18359kB/406ms)
[2024-01-19T05:02:00.947+0000] {spark_submit.py:571} INFO - 24/01/19 05:02:00 WARN NativeCodeLoader: Unable to load native-hadoop library for your platform... using builtin-java classes where applicable
[2024-01-19T05:02:08.949+0000] {spark_submit.py:571} INFO - 2024-01-19 05:02:08.948928: I tensorflow/core/util/util.cc:169] oneDNN custom operations are on. You may see slightly different numerical results due to floating-point round-off errors from different computation orders. To turn them off, set the environment variable `TF_ENABLE_ONEDNN_OPTS=0`.
[2024-01-19T05:02:09.348+0000] {spark_submit.py:571} INFO - 2024-01-19 05:02:09.347462: W tensorflow/stream_executor/platform/default/dso_loader.cc:64] Could not load dynamic library 'libcudart.so.11.0'; dlerror: libcudart.so.11.0: cannot open shared object file: No such file or directory; LD_LIBRARY_PATH: /usr/local/lib
[2024-01-19T05:02:09.349+0000] {spark_submit.py:571} INFO - 2024-01-19 05:02:09.347560: I tensorflow/stream_executor/cuda/cudart_stub.cc:29] Ignore above cudart dlerror if you do not have a GPU set up on your machine.
[2024-01-19T05:02:10.789+0000] {spark_submit.py:571} INFO - Traceback (most recent call last):
[2024-01-19T05:02:10.790+0000] {spark_submit.py:571} INFO - File "/opt/***/dags/spark_batch.py", line 4, in <module>
[2024-01-19T05:02:10.791+0000] {spark_submit.py:571} INFO - from tensorflow.keras.models import load_model
[2024-01-19T05:02:10.792+0000] {spark_submit.py:571} INFO - File "/home/***/.local/lib/python3.9/site-packages/tensorflow/__init__.py", line 37, in <module>
[2024-01-19T05:02:10.792+0000] {spark_submit.py:571} INFO - from tensorflow.python.tools import module_util as _module_util
[2024-01-19T05:02:10.793+0000] {spark_submit.py:571} INFO - File "/home/***/.local/lib/python3.9/site-packages/tensorflow/python/__init__.py", line 37, in <module>
[2024-01-19T05:02:10.793+0000] {spark_submit.py:571} INFO - from tensorflow.python.eager import context
[2024-01-19T05:02:10.793+0000] {spark_submit.py:571} INFO - File "/home/***/.local/lib/python3.9/site-packages/tensorflow/python/eager/context.py", line 29, in <module>
[2024-01-19T05:02:10.793+0000] {spark_submit.py:571} INFO - from tensorflow.core.framework import function_pb2
[2024-01-19T05:02:10.794+0000] {spark_submit.py:571} INFO - File "/home/***/.local/lib/python3.9/site-packages/tensorflow/core/framework/function_pb2.py", line 16, in <module>
[2024-01-19T05:02:10.794+0000] {spark_submit.py:571} INFO - from tensorflow.core.framework import attr_value_pb2 as tensorflow_dot_core_dot_framework_dot_attr__value__pb2
[2024-01-19T05:02:10.794+0000] {spark_submit.py:571} INFO - File "/home/***/.local/lib/python3.9/site-packages/tensorflow/core/framework/attr_value_pb2.py", line 16, in <module>
[2024-01-19T05:02:10.795+0000] {spark_submit.py:571} INFO - from tensorflow.core.framework import tensor_pb2 as tensorflow_dot_core_dot_framework_dot_tensor__pb2
[2024-01-19T05:02:10.795+0000] {spark_submit.py:571} INFO - File "/home/***/.local/lib/python3.9/site-packages/tensorflow/core/framework/tensor_pb2.py", line 16, in <module>
[2024-01-19T05:02:10.795+0000] {spark_submit.py:571} INFO - from tensorflow.core.framework import resource_handle_pb2 as tensorflow_dot_core_dot_framework_dot_resource__handle__pb2
[2024-01-19T05:02:10.795+0000] {spark_submit.py:571} INFO - File "/home/***/.local/lib/python3.9/site-packages/tensorflow/core/framework/resource_handle_pb2.py", line 16, in <module>
[2024-01-19T05:02:10.796+0000] {spark_submit.py:571} INFO - from tensorflow.core.framework import tensor_shape_pb2 as tensorflow_dot_core_dot_framework_dot_tensor__shape__pb2
[2024-01-19T05:02:10.796+0000] {spark_submit.py:571} INFO - File "/home/***/.local/lib/python3.9/site-packages/tensorflow/core/framework/tensor_shape_pb2.py", line 36, in <module>
[2024-01-19T05:02:10.796+0000] {spark_submit.py:571} INFO - _descriptor.FieldDescriptor(
[2024-01-19T05:02:10.797+0000] {spark_submit.py:571} INFO - File "/home/***/.local/lib/python3.9/site-packages/google/protobuf/descriptor.py", line 561, in __new__
[2024-01-19T05:02:10.797+0000] {spark_submit.py:571} INFO - _message.Message._CheckCalledFromGeneratedFile()
[2024-01-19T05:02:10.797+0000] {spark_submit.py:571} INFO - TypeError: Descriptors cannot not be created directly.
[2024-01-19T05:02:10.798+0000] {spark_submit.py:571} INFO - If this call came from a _pb2.py file, your generated code is out of date and must be regenerated with protoc >= 3.19.0.
[2024-01-19T05:02:10.798+0000] {spark_submit.py:571} INFO - If you cannot immediately regenerate your protos, some other possible workarounds are:
[2024-01-19T05:02:10.798+0000] {spark_submit.py:571} INFO - 1. Downgrade the protobuf package to 3.20.x or lower.
[2024-01-19T05:02:10.799+0000] {spark_submit.py:571} INFO - 2. Set PROTOCOL_BUFFERS_PYTHON_IMPLEMENTATION=python (but this will use pure-Python parsing and will be much slower).
[2024-01-19T05:02:10.799+0000] {spark_submit.py:571} INFO - 
[2024-01-19T05:02:10.800+0000] {spark_submit.py:571} INFO - More information: https://developers.google.com/protocol-buffers/docs/news/2022-05-06#python-updates
[2024-01-19T05:02:11.104+0000] {spark_submit.py:571} INFO - 24/01/19 05:02:11 INFO ShutdownHookManager: Shutdown hook called
[2024-01-19T05:02:11.106+0000] {spark_submit.py:571} INFO - 24/01/19 05:02:11 INFO ShutdownHookManager: Deleting directory /tmp/spark-20cb5c9e-c1d0-45c3-be4d-c01a55277c34
[2024-01-19T05:02:11.228+0000] {taskinstance.py:1943} ERROR - Task failed with exception
Traceback (most recent call last):
  File "/home/airflow/.local/lib/python3.9/site-packages/airflow/providers/apache/spark/operators/spark_submit.py", line 174, in execute
    self._hook.submit(self._application)
  File "/home/airflow/.local/lib/python3.9/site-packages/airflow/providers/apache/spark/hooks/spark_submit.py", line 502, in submit
    raise AirflowException(
airflow.exceptions.AirflowException: Cannot execute: spark-submit --master spark://172.18.0.5:7077 --packages com.datastax.spark:spark-cassandra-connector_2.12:3.4.1 --name arrow-spark --queue root.default --deploy-mode client /opt/***/dags/spark_batch.py. Error code is: 1.
[2024-01-19T05:02:11.242+0000] {taskinstance.py:1400} INFO - Marking task as FAILED. dag_id=bitcoin_data_batch_processing, task_id=submit_spark_job, execution_date=20240117T235900, start_date=20240119T050138, end_date=20240119T050211
[2024-01-19T05:02:11.299+0000] {standard_task_runner.py:104} ERROR - Failed to execute job 2 for task submit_spark_job (Cannot execute: spark-submit --master spark://172.18.0.5:7077 --packages com.datastax.spark:spark-cassandra-connector_2.12:3.4.1 --name arrow-spark --queue root.default --deploy-mode client /opt/***/dags/spark_batch.py. Error code is: 1.; 3345)
[2024-01-19T05:02:11.328+0000] {local_task_job_runner.py:228} INFO - Task exited with return code 1
[2024-01-19T05:02:11.375+0000] {taskinstance.py:2784} INFO - 0 downstream tasks scheduled from follow-on schedule check
[2024-01-19T05:06:01.355+0000] {taskinstance.py:1159} INFO - Dependencies all met for dep_context=non-requeueable deps ti=<TaskInstance: bitcoin_data_batch_processing.submit_spark_job scheduled__2024-01-17T23:59:00+00:00 [queued]>
[2024-01-19T05:06:01.365+0000] {taskinstance.py:1159} INFO - Dependencies all met for dep_context=requeueable deps ti=<TaskInstance: bitcoin_data_batch_processing.submit_spark_job scheduled__2024-01-17T23:59:00+00:00 [queued]>
[2024-01-19T05:06:01.365+0000] {taskinstance.py:1361} INFO - Starting attempt 1 of 1
[2024-01-19T05:06:01.384+0000] {taskinstance.py:1382} INFO - Executing <Task(SparkSubmitOperator): submit_spark_job> on 2024-01-17 23:59:00+00:00
[2024-01-19T05:06:01.395+0000] {standard_task_runner.py:57} INFO - Started process 3624 to run task
[2024-01-19T05:06:01.404+0000] {standard_task_runner.py:84} INFO - Running: ['***', 'tasks', 'run', 'bitcoin_data_batch_processing', 'submit_spark_job', 'scheduled__2024-01-17T23:59:00+00:00', '--job-id', '13', '--raw', '--subdir', 'DAGS_FOLDER/BatchLayer_dag.py', '--cfg-path', '/tmp/tmpr_uh4lmd']
[2024-01-19T05:06:01.406+0000] {standard_task_runner.py:85} INFO - Job 13: Subtask submit_spark_job
[2024-01-19T05:06:01.488+0000] {task_command.py:415} INFO - Running <TaskInstance: bitcoin_data_batch_processing.submit_spark_job scheduled__2024-01-17T23:59:00+00:00 [running]> on host 16d1e907211a
[2024-01-19T05:06:01.623+0000] {taskinstance.py:1660} INFO - Exporting env vars: AIRFLOW_CTX_DAG_OWNER='***' AIRFLOW_CTX_DAG_ID='bitcoin_data_batch_processing' AIRFLOW_CTX_TASK_ID='submit_spark_job' AIRFLOW_CTX_EXECUTION_DATE='2024-01-17T23:59:00+00:00' AIRFLOW_CTX_TRY_NUMBER='1' AIRFLOW_CTX_DAG_RUN_ID='scheduled__2024-01-17T23:59:00+00:00'
[2024-01-19T05:06:01.640+0000] {base.py:73} INFO - Using connection ID 'spark_default' for task execution.
[2024-01-19T05:06:01.641+0000] {spark_submit.py:401} INFO - Spark-Submit cmd: spark-submit --master spark://172.18.0.5:7077 --packages com.datastax.spark:spark-cassandra-connector_2.12:3.4.1 --name arrow-spark --queue root.default --deploy-mode client /opt/***/dags/spark_batch.py
[2024-01-19T05:06:01.847+0000] {spark_submit.py:571} INFO - /home/***/.local/lib/python3.9/site-packages/pyspark/bin/load-spark-env.sh: line 68: ps: command not found
[2024-01-19T05:06:03.631+0000] {spark_submit.py:571} INFO - :: loading settings :: url = jar:file:/home/***/.local/lib/python3.9/site-packages/pyspark/jars/ivy-2.5.1.jar!/org/apache/ivy/core/settings/ivysettings.xml
[2024-01-19T05:06:03.752+0000] {spark_submit.py:571} INFO - Ivy Default Cache set to: /home/***/.ivy2/cache
[2024-01-19T05:06:03.752+0000] {spark_submit.py:571} INFO - The jars for the packages stored in: /home/***/.ivy2/jars
[2024-01-19T05:06:03.757+0000] {spark_submit.py:571} INFO - com.datastax.spark#spark-cassandra-connector_2.12 added as a dependency
[2024-01-19T05:06:03.759+0000] {spark_submit.py:571} INFO - :: resolving dependencies :: org.apache.spark#spark-submit-parent-f975af13-6ac2-4d6f-9c28-4dc0eb654c25;1.0
[2024-01-19T05:06:03.759+0000] {spark_submit.py:571} INFO - confs: [default]
[2024-01-19T05:06:03.856+0000] {spark_submit.py:571} INFO - found com.datastax.spark#spark-cassandra-connector_2.12;3.4.1 in central
[2024-01-19T05:06:03.886+0000] {spark_submit.py:571} INFO - found com.datastax.spark#spark-cassandra-connector-driver_2.12;3.4.1 in central
[2024-01-19T05:06:03.911+0000] {spark_submit.py:571} INFO - found org.scala-lang.modules#scala-collection-compat_2.12;2.11.0 in central
[2024-01-19T05:06:03.958+0000] {spark_submit.py:571} INFO - found com.datastax.oss#java-driver-core-shaded;4.13.0 in central
[2024-01-19T05:06:03.981+0000] {spark_submit.py:571} INFO - found com.datastax.oss#native-protocol;1.5.0 in central
[2024-01-19T05:06:04.011+0000] {spark_submit.py:571} INFO - found com.datastax.oss#java-driver-shaded-guava;25.1-jre-graal-sub-1 in central
[2024-01-19T05:06:04.026+0000] {spark_submit.py:571} INFO - found com.typesafe#config;1.4.1 in central
[2024-01-19T05:06:04.042+0000] {spark_submit.py:571} INFO - found org.slf4j#slf4j-api;1.7.26 in central
[2024-01-19T05:06:04.057+0000] {spark_submit.py:571} INFO - found io.dropwizard.metrics#metrics-core;4.1.18 in central
[2024-01-19T05:06:04.075+0000] {spark_submit.py:571} INFO - found org.hdrhistogram#HdrHistogram;2.1.12 in central
[2024-01-19T05:06:04.093+0000] {spark_submit.py:571} INFO - found org.reactivestreams#reactive-streams;1.0.3 in central
[2024-01-19T05:06:04.113+0000] {spark_submit.py:571} INFO - found com.github.stephenc.jcip#jcip-annotations;1.0-1 in central
[2024-01-19T05:06:04.129+0000] {spark_submit.py:571} INFO - found com.github.spotbugs#spotbugs-annotations;3.1.12 in central
[2024-01-19T05:06:04.151+0000] {spark_submit.py:571} INFO - found com.google.code.findbugs#jsr305;3.0.2 in central
[2024-01-19T05:06:04.184+0000] {spark_submit.py:571} INFO - found com.datastax.oss#java-driver-mapper-runtime;4.13.0 in central
[2024-01-19T05:06:04.246+0000] {spark_submit.py:571} INFO - found com.datastax.oss#java-driver-query-builder;4.13.0 in central
[2024-01-19T05:06:04.402+0000] {spark_submit.py:571} INFO - found org.apache.commons#commons-lang3;3.10 in central
[2024-01-19T05:06:04.422+0000] {spark_submit.py:571} INFO - found com.thoughtworks.paranamer#paranamer;2.8 in central
[2024-01-19T05:06:04.445+0000] {spark_submit.py:571} INFO - found org.scala-lang#scala-reflect;2.12.11 in central
[2024-01-19T05:06:04.539+0000] {spark_submit.py:571} INFO - :: resolution report :: resolve 720ms :: artifacts dl 60ms
[2024-01-19T05:06:04.540+0000] {spark_submit.py:571} INFO - :: modules in use:
[2024-01-19T05:06:04.540+0000] {spark_submit.py:571} INFO - com.datastax.oss#java-driver-core-shaded;4.13.0 from central in [default]
[2024-01-19T05:06:04.540+0000] {spark_submit.py:571} INFO - com.datastax.oss#java-driver-mapper-runtime;4.13.0 from central in [default]
[2024-01-19T05:06:04.540+0000] {spark_submit.py:571} INFO - com.datastax.oss#java-driver-query-builder;4.13.0 from central in [default]
[2024-01-19T05:06:04.541+0000] {spark_submit.py:571} INFO - com.datastax.oss#java-driver-shaded-guava;25.1-jre-graal-sub-1 from central in [default]
[2024-01-19T05:06:04.541+0000] {spark_submit.py:571} INFO - com.datastax.oss#native-protocol;1.5.0 from central in [default]
[2024-01-19T05:06:04.541+0000] {spark_submit.py:571} INFO - com.datastax.spark#spark-cassandra-connector-driver_2.12;3.4.1 from central in [default]
[2024-01-19T05:06:04.541+0000] {spark_submit.py:571} INFO - com.datastax.spark#spark-cassandra-connector_2.12;3.4.1 from central in [default]
[2024-01-19T05:06:04.541+0000] {spark_submit.py:571} INFO - com.github.spotbugs#spotbugs-annotations;3.1.12 from central in [default]
[2024-01-19T05:06:04.541+0000] {spark_submit.py:571} INFO - com.github.stephenc.jcip#jcip-annotations;1.0-1 from central in [default]
[2024-01-19T05:06:04.541+0000] {spark_submit.py:571} INFO - com.google.code.findbugs#jsr305;3.0.2 from central in [default]
[2024-01-19T05:06:04.542+0000] {spark_submit.py:571} INFO - com.thoughtworks.paranamer#paranamer;2.8 from central in [default]
[2024-01-19T05:06:04.542+0000] {spark_submit.py:571} INFO - com.typesafe#config;1.4.1 from central in [default]
[2024-01-19T05:06:04.542+0000] {spark_submit.py:571} INFO - io.dropwizard.metrics#metrics-core;4.1.18 from central in [default]
[2024-01-19T05:06:04.542+0000] {spark_submit.py:571} INFO - org.apache.commons#commons-lang3;3.10 from central in [default]
[2024-01-19T05:06:04.542+0000] {spark_submit.py:571} INFO - org.hdrhistogram#HdrHistogram;2.1.12 from central in [default]
[2024-01-19T05:06:04.542+0000] {spark_submit.py:571} INFO - org.reactivestreams#reactive-streams;1.0.3 from central in [default]
[2024-01-19T05:06:04.542+0000] {spark_submit.py:571} INFO - org.scala-lang#scala-reflect;2.12.11 from central in [default]
[2024-01-19T05:06:04.543+0000] {spark_submit.py:571} INFO - org.scala-lang.modules#scala-collection-compat_2.12;2.11.0 from central in [default]
[2024-01-19T05:06:04.543+0000] {spark_submit.py:571} INFO - org.slf4j#slf4j-api;1.7.26 from central in [default]
[2024-01-19T05:06:04.543+0000] {spark_submit.py:571} INFO - ---------------------------------------------------------------------
[2024-01-19T05:06:04.543+0000] {spark_submit.py:571} INFO - |                  |            modules            ||   artifacts   |
[2024-01-19T05:06:04.543+0000] {spark_submit.py:571} INFO - |       conf       | number| search|dwnlded|evicted|| number|dwnlded|
[2024-01-19T05:06:04.544+0000] {spark_submit.py:571} INFO - ---------------------------------------------------------------------
[2024-01-19T05:06:04.545+0000] {spark_submit.py:571} INFO - |      default     |   19  |   0   |   0   |   0   ||   19  |   0   |
[2024-01-19T05:06:04.545+0000] {spark_submit.py:571} INFO - ---------------------------------------------------------------------
[2024-01-19T05:06:04.572+0000] {spark_submit.py:571} INFO - :: retrieving :: org.apache.spark#spark-submit-parent-f975af13-6ac2-4d6f-9c28-4dc0eb654c25
[2024-01-19T05:06:04.573+0000] {spark_submit.py:571} INFO - confs: [default]
[2024-01-19T05:06:04.598+0000] {spark_submit.py:571} INFO - 0 artifacts copied, 19 already retrieved (0kB/26ms)
[2024-01-19T05:06:04.996+0000] {spark_submit.py:571} INFO - 24/01/19 05:06:04 WARN NativeCodeLoader: Unable to load native-hadoop library for your platform... using builtin-java classes where applicable
[2024-01-19T05:06:07.042+0000] {spark_submit.py:571} INFO - 2024-01-19 05:06:07.042122: I tensorflow/core/util/util.cc:169] oneDNN custom operations are on. You may see slightly different numerical results due to floating-point round-off errors from different computation orders. To turn them off, set the environment variable `TF_ENABLE_ONEDNN_OPTS=0`.
[2024-01-19T05:06:07.048+0000] {spark_submit.py:571} INFO - 2024-01-19 05:06:07.048196: W tensorflow/stream_executor/platform/default/dso_loader.cc:64] Could not load dynamic library 'libcudart.so.11.0'; dlerror: libcudart.so.11.0: cannot open shared object file: No such file or directory; LD_LIBRARY_PATH: /usr/local/lib
[2024-01-19T05:06:07.049+0000] {spark_submit.py:571} INFO - 2024-01-19 05:06:07.048284: I tensorflow/stream_executor/cuda/cudart_stub.cc:29] Ignore above cudart dlerror if you do not have a GPU set up on your machine.
[2024-01-19T05:06:07.140+0000] {spark_submit.py:571} INFO - Traceback (most recent call last):
[2024-01-19T05:06:07.141+0000] {spark_submit.py:571} INFO - File "/opt/***/dags/spark_batch.py", line 4, in <module>
[2024-01-19T05:06:07.141+0000] {spark_submit.py:571} INFO - from tensorflow.keras.models import load_model
[2024-01-19T05:06:07.141+0000] {spark_submit.py:571} INFO - File "/home/***/.local/lib/python3.9/site-packages/tensorflow/__init__.py", line 37, in <module>
[2024-01-19T05:06:07.141+0000] {spark_submit.py:571} INFO - from tensorflow.python.tools import module_util as _module_util
[2024-01-19T05:06:07.141+0000] {spark_submit.py:571} INFO - File "/home/***/.local/lib/python3.9/site-packages/tensorflow/python/__init__.py", line 37, in <module>
[2024-01-19T05:06:07.141+0000] {spark_submit.py:571} INFO - from tensorflow.python.eager import context
[2024-01-19T05:06:07.141+0000] {spark_submit.py:571} INFO - File "/home/***/.local/lib/python3.9/site-packages/tensorflow/python/eager/context.py", line 29, in <module>
[2024-01-19T05:06:07.141+0000] {spark_submit.py:571} INFO - from tensorflow.core.framework import function_pb2
[2024-01-19T05:06:07.141+0000] {spark_submit.py:571} INFO - File "/home/***/.local/lib/python3.9/site-packages/tensorflow/core/framework/function_pb2.py", line 16, in <module>
[2024-01-19T05:06:07.142+0000] {spark_submit.py:571} INFO - from tensorflow.core.framework import attr_value_pb2 as tensorflow_dot_core_dot_framework_dot_attr__value__pb2
[2024-01-19T05:06:07.142+0000] {spark_submit.py:571} INFO - File "/home/***/.local/lib/python3.9/site-packages/tensorflow/core/framework/attr_value_pb2.py", line 16, in <module>
[2024-01-19T05:06:07.142+0000] {spark_submit.py:571} INFO - from tensorflow.core.framework import tensor_pb2 as tensorflow_dot_core_dot_framework_dot_tensor__pb2
[2024-01-19T05:06:07.142+0000] {spark_submit.py:571} INFO - File "/home/***/.local/lib/python3.9/site-packages/tensorflow/core/framework/tensor_pb2.py", line 16, in <module>
[2024-01-19T05:06:07.142+0000] {spark_submit.py:571} INFO - from tensorflow.core.framework import resource_handle_pb2 as tensorflow_dot_core_dot_framework_dot_resource__handle__pb2
[2024-01-19T05:06:07.142+0000] {spark_submit.py:571} INFO - File "/home/***/.local/lib/python3.9/site-packages/tensorflow/core/framework/resource_handle_pb2.py", line 16, in <module>
[2024-01-19T05:06:07.142+0000] {spark_submit.py:571} INFO - from tensorflow.core.framework import tensor_shape_pb2 as tensorflow_dot_core_dot_framework_dot_tensor__shape__pb2
[2024-01-19T05:06:07.142+0000] {spark_submit.py:571} INFO - File "/home/***/.local/lib/python3.9/site-packages/tensorflow/core/framework/tensor_shape_pb2.py", line 36, in <module>
[2024-01-19T05:06:07.142+0000] {spark_submit.py:571} INFO - _descriptor.FieldDescriptor(
[2024-01-19T05:06:07.142+0000] {spark_submit.py:571} INFO - File "/home/***/.local/lib/python3.9/site-packages/google/protobuf/descriptor.py", line 561, in __new__
[2024-01-19T05:06:07.142+0000] {spark_submit.py:571} INFO - _message.Message._CheckCalledFromGeneratedFile()
[2024-01-19T05:06:07.142+0000] {spark_submit.py:571} INFO - TypeError: Descriptors cannot not be created directly.
[2024-01-19T05:06:07.142+0000] {spark_submit.py:571} INFO - If this call came from a _pb2.py file, your generated code is out of date and must be regenerated with protoc >= 3.19.0.
[2024-01-19T05:06:07.142+0000] {spark_submit.py:571} INFO - If you cannot immediately regenerate your protos, some other possible workarounds are:
[2024-01-19T05:06:07.143+0000] {spark_submit.py:571} INFO - 1. Downgrade the protobuf package to 3.20.x or lower.
[2024-01-19T05:06:07.143+0000] {spark_submit.py:571} INFO - 2. Set PROTOCOL_BUFFERS_PYTHON_IMPLEMENTATION=python (but this will use pure-Python parsing and will be much slower).
[2024-01-19T05:06:07.143+0000] {spark_submit.py:571} INFO - 
[2024-01-19T05:06:07.143+0000] {spark_submit.py:571} INFO - More information: https://developers.google.com/protocol-buffers/docs/news/2022-05-06#python-updates
[2024-01-19T05:06:07.273+0000] {spark_submit.py:571} INFO - 24/01/19 05:06:07 INFO ShutdownHookManager: Shutdown hook called
[2024-01-19T05:06:07.275+0000] {spark_submit.py:571} INFO - 24/01/19 05:06:07 INFO ShutdownHookManager: Deleting directory /tmp/spark-63a30cfc-431d-4831-b84f-2cfe06c90e90
[2024-01-19T05:06:07.349+0000] {taskinstance.py:1943} ERROR - Task failed with exception
Traceback (most recent call last):
  File "/home/airflow/.local/lib/python3.9/site-packages/airflow/providers/apache/spark/operators/spark_submit.py", line 174, in execute
    self._hook.submit(self._application)
  File "/home/airflow/.local/lib/python3.9/site-packages/airflow/providers/apache/spark/hooks/spark_submit.py", line 502, in submit
    raise AirflowException(
airflow.exceptions.AirflowException: Cannot execute: spark-submit --master spark://172.18.0.5:7077 --packages com.datastax.spark:spark-cassandra-connector_2.12:3.4.1 --name arrow-spark --queue root.default --deploy-mode client /opt/***/dags/spark_batch.py. Error code is: 1.
[2024-01-19T05:06:07.357+0000] {taskinstance.py:1400} INFO - Marking task as FAILED. dag_id=bitcoin_data_batch_processing, task_id=submit_spark_job, execution_date=20240117T235900, start_date=20240119T050601, end_date=20240119T050607
[2024-01-19T05:06:07.376+0000] {standard_task_runner.py:104} ERROR - Failed to execute job 13 for task submit_spark_job (Cannot execute: spark-submit --master spark://172.18.0.5:7077 --packages com.datastax.spark:spark-cassandra-connector_2.12:3.4.1 --name arrow-spark --queue root.default --deploy-mode client /opt/***/dags/spark_batch.py. Error code is: 1.; 3624)
[2024-01-19T05:06:07.413+0000] {local_task_job_runner.py:228} INFO - Task exited with return code 1
[2024-01-19T05:06:07.437+0000] {taskinstance.py:2784} INFO - 0 downstream tasks scheduled from follow-on schedule check
