[2024-01-19T05:03:09.537+0000] {taskinstance.py:1159} INFO - Dependencies all met for dep_context=non-requeueable deps ti=<TaskInstance: fetch_and_save_historical_data.fetch_and_save_hitstorical_data manual__2024-01-19T05:02:11.386058+00:00 [queued]>
[2024-01-19T05:03:09.556+0000] {taskinstance.py:1159} INFO - Dependencies all met for dep_context=requeueable deps ti=<TaskInstance: fetch_and_save_historical_data.fetch_and_save_hitstorical_data manual__2024-01-19T05:02:11.386058+00:00 [queued]>
[2024-01-19T05:03:09.557+0000] {taskinstance.py:1361} INFO - Starting attempt 1 of 1
[2024-01-19T05:03:09.585+0000] {taskinstance.py:1382} INFO - Executing <Task(PythonOperator): fetch_and_save_hitstorical_data> on 2024-01-19 05:02:11.386058+00:00
[2024-01-19T05:03:09.593+0000] {standard_task_runner.py:57} INFO - Started process 3508 to run task
[2024-01-19T05:03:09.604+0000] {standard_task_runner.py:84} INFO - Running: ['***', 'tasks', 'run', 'fetch_and_save_historical_data', 'fetch_and_save_hitstorical_data', 'manual__2024-01-19T05:02:11.386058+00:00', '--job-id', '8', '--raw', '--subdir', 'DAGS_FOLDER/fetch_close_price.py', '--cfg-path', '/tmp/tmpbww5poko']
[2024-01-19T05:03:09.607+0000] {standard_task_runner.py:85} INFO - Job 8: Subtask fetch_and_save_hitstorical_data
[2024-01-19T05:03:09.730+0000] {task_command.py:415} INFO - Running <TaskInstance: fetch_and_save_historical_data.fetch_and_save_hitstorical_data manual__2024-01-19T05:02:11.386058+00:00 [running]> on host 16d1e907211a
[2024-01-19T05:03:09.926+0000] {taskinstance.py:1660} INFO - Exporting env vars: AIRFLOW_CTX_DAG_OWNER='fatine' AIRFLOW_CTX_DAG_ID='fetch_and_save_historical_data' AIRFLOW_CTX_TASK_ID='fetch_and_save_hitstorical_data' AIRFLOW_CTX_EXECUTION_DATE='2024-01-19T05:02:11.386058+00:00' AIRFLOW_CTX_TRY_NUMBER='1' AIRFLOW_CTX_DAG_RUN_ID='manual__2024-01-19T05:02:11.386058+00:00'
[2024-01-19T05:03:10.980+0000] {fetch_close_price.py:74} WARNING - Cluster.__init__ called with contact_points specified, but no load_balancing_policy. In the next major version, this will raise an error; please specify a load-balancing policy. (contact_points = ['cassandra'], lbp = None)
[2024-01-19T05:03:10.986+0000] {fetch_close_price.py:75} WARNING - Downgrading core protocol version from 66 to 65 for 172.18.0.3:9042. To avoid this, it is best practice to explicitly set Cluster(protocol_version) to the version supported by your cluster. http://datastax.github.io/python-driver/api/cassandra/cluster.html#cassandra.cluster.Cluster.protocol_version
[2024-01-19T05:03:10.990+0000] {fetch_close_price.py:75} WARNING - Downgrading core protocol version from 65 to 5 for 172.18.0.3:9042. To avoid this, it is best practice to explicitly set Cluster(protocol_version) to the version supported by your cluster. http://datastax.github.io/python-driver/api/cassandra/cluster.html#cassandra.cluster.Cluster.protocol_version
[2024-01-19T05:03:11.007+0000] {policies.py:289} INFO - Using datacenter 'datacenter1' for DCAwareRoundRobinPolicy (via host '172.18.0.3:9042'); if incorrect, please specify a local_dc to the constructor, or limit contact points to local cluster nodes
[2024-01-19T05:03:11.051+0000] {logging_mixin.py:151} INFO - Keyspace created successfully!
[2024-01-19T05:03:11.055+0000] {logging_mixin.py:151} INFO - Table created successfully!
[2024-01-19T05:03:11.291+0000] {fetch_close_price.py:93} INFO - Inserted historical data into Cassandra
[2024-01-19T05:03:11.292+0000] {python.py:194} INFO - Done. Returned value was: None
[2024-01-19T05:03:11.314+0000] {taskinstance.py:1400} INFO - Marking task as SUCCESS. dag_id=fetch_and_save_historical_data, task_id=fetch_and_save_hitstorical_data, execution_date=20240119T050211, start_date=20240119T050309, end_date=20240119T050311
[2024-01-19T05:03:11.386+0000] {local_task_job_runner.py:228} INFO - Task exited with return code 0
[2024-01-19T05:03:11.430+0000] {taskinstance.py:2784} INFO - 0 downstream tasks scheduled from follow-on schedule check
