[2024-01-18T22:43:03.358+0000] {taskinstance.py:1159} INFO - Dependencies all met for dep_context=non-requeueable deps ti=<TaskInstance: bitcoin_data_batch_processing.submit_spark_job scheduled__2023-12-16T23:56:00+00:00 [queued]>
[2024-01-18T22:43:03.365+0000] {taskinstance.py:1159} INFO - Dependencies all met for dep_context=requeueable deps ti=<TaskInstance: bitcoin_data_batch_processing.submit_spark_job scheduled__2023-12-16T23:56:00+00:00 [queued]>
[2024-01-18T22:43:03.366+0000] {taskinstance.py:1361} INFO - Starting attempt 1 of 2
[2024-01-18T22:43:03.380+0000] {taskinstance.py:1382} INFO - Executing <Task(SparkSubmitOperator): submit_spark_job> on 2023-12-16 23:56:00+00:00
[2024-01-18T22:43:03.384+0000] {standard_task_runner.py:57} INFO - Started process 235 to run task
[2024-01-18T22:43:03.388+0000] {standard_task_runner.py:84} INFO - Running: ['***', 'tasks', 'run', 'bitcoin_data_batch_processing', 'submit_spark_job', 'scheduled__2023-12-16T23:56:00+00:00', '--job-id', '15', '--raw', '--subdir', 'DAGS_FOLDER/BatchLayer_dag.py', '--cfg-path', '/tmp/tmpavsx99hs']
[2024-01-18T22:43:03.389+0000] {standard_task_runner.py:85} INFO - Job 15: Subtask submit_spark_job
[2024-01-18T22:43:03.454+0000] {task_command.py:415} INFO - Running <TaskInstance: bitcoin_data_batch_processing.submit_spark_job scheduled__2023-12-16T23:56:00+00:00 [running]> on host 36e53310e6a3
[2024-01-18T22:43:03.540+0000] {taskinstance.py:1660} INFO - Exporting env vars: AIRFLOW_CTX_DAG_OWNER='***' AIRFLOW_CTX_DAG_ID='bitcoin_data_batch_processing' AIRFLOW_CTX_TASK_ID='submit_spark_job' AIRFLOW_CTX_EXECUTION_DATE='2023-12-16T23:56:00+00:00' AIRFLOW_CTX_TRY_NUMBER='1' AIRFLOW_CTX_DAG_RUN_ID='scheduled__2023-12-16T23:56:00+00:00'
[2024-01-18T22:43:03.587+0000] {base.py:73} INFO - Using connection ID 'spark_default' for task execution.
[2024-01-18T22:43:03.588+0000] {spark_submit.py:401} INFO - Spark-Submit cmd: spark-submit --master yarn --name arrow-spark --queue root.default /opt/***/dags/spark_batch.py
[2024-01-18T22:43:03.722+0000] {spark_submit.py:571} INFO - /home/***/.local/lib/python3.9/site-packages/pyspark/bin/load-spark-env.sh: line 68: ps: command not found
[2024-01-18T22:43:03.723+0000] {spark_submit.py:571} INFO - JAVA_HOME is not set
[2024-01-18T22:43:03.736+0000] {taskinstance.py:1943} ERROR - Task failed with exception
Traceback (most recent call last):
  File "/home/airflow/.local/lib/python3.9/site-packages/airflow/providers/apache/spark/operators/spark_submit.py", line 174, in execute
    self._hook.submit(self._application)
  File "/home/airflow/.local/lib/python3.9/site-packages/airflow/providers/apache/spark/hooks/spark_submit.py", line 502, in submit
    raise AirflowException(
airflow.exceptions.AirflowException: Cannot execute: spark-submit --master yarn --name arrow-spark --queue root.default /opt/***/dags/spark_batch.py. Error code is: 1.
[2024-01-18T22:43:03.740+0000] {taskinstance.py:1400} INFO - Marking task as UP_FOR_RETRY. dag_id=bitcoin_data_batch_processing, task_id=submit_spark_job, execution_date=20231216T235600, start_date=20240118T224303, end_date=20240118T224303
[2024-01-18T22:43:03.755+0000] {standard_task_runner.py:104} ERROR - Failed to execute job 15 for task submit_spark_job (Cannot execute: spark-submit --master yarn --name arrow-spark --queue root.default /opt/***/dags/spark_batch.py. Error code is: 1.; 235)
[2024-01-18T22:43:03.761+0000] {local_task_job_runner.py:228} INFO - Task exited with return code 1
[2024-01-18T22:43:03.783+0000] {taskinstance.py:2784} INFO - 0 downstream tasks scheduled from follow-on schedule check
