[2024-01-18T22:51:51.477+0000] {taskinstance.py:1159} INFO - Dependencies all met for dep_context=non-requeueable deps ti=<TaskInstance: bitcoin_data_batch_processing.install_java manual__2024-01-18T22:51:48.705761+00:00 [queued]>
[2024-01-18T22:51:51.485+0000] {taskinstance.py:1159} INFO - Dependencies all met for dep_context=requeueable deps ti=<TaskInstance: bitcoin_data_batch_processing.install_java manual__2024-01-18T22:51:48.705761+00:00 [queued]>
[2024-01-18T22:51:51.485+0000] {taskinstance.py:1361} INFO - Starting attempt 1 of 1
[2024-01-18T22:51:51.500+0000] {taskinstance.py:1382} INFO - Executing <Task(BashOperator): install_java> on 2024-01-18 22:51:48.705761+00:00
[2024-01-18T22:51:51.503+0000] {standard_task_runner.py:57} INFO - Started process 360 to run task
[2024-01-18T22:51:51.511+0000] {standard_task_runner.py:84} INFO - Running: ['***', 'tasks', 'run', 'bitcoin_data_batch_processing', 'install_java', 'manual__2024-01-18T22:51:48.705761+00:00', '--job-id', '25', '--raw', '--subdir', 'DAGS_FOLDER/BatchLayer_dag.py', '--cfg-path', '/tmp/tmpdxrnrfox']
[2024-01-18T22:51:51.512+0000] {standard_task_runner.py:85} INFO - Job 25: Subtask install_java
[2024-01-18T22:51:51.649+0000] {task_command.py:415} INFO - Running <TaskInstance: bitcoin_data_batch_processing.install_java manual__2024-01-18T22:51:48.705761+00:00 [running]> on host 36e53310e6a3
[2024-01-18T22:51:51.815+0000] {taskinstance.py:1660} INFO - Exporting env vars: AIRFLOW_CTX_DAG_OWNER='***' AIRFLOW_CTX_DAG_ID='bitcoin_data_batch_processing' AIRFLOW_CTX_TASK_ID='install_java' AIRFLOW_CTX_EXECUTION_DATE='2024-01-18T22:51:48.705761+00:00' AIRFLOW_CTX_TRY_NUMBER='1' AIRFLOW_CTX_DAG_RUN_ID='manual__2024-01-18T22:51:48.705761+00:00'
[2024-01-18T22:51:51.817+0000] {subprocess.py:63} INFO - Tmp dir root location: /tmp
[2024-01-18T22:51:51.818+0000] {subprocess.py:75} INFO - Running command: ['/bin/bash', '-c', 'apt-get update && apt-get install -y openjdk-8-jdk']
[2024-01-18T22:51:51.827+0000] {subprocess.py:86} INFO - Output:
[2024-01-18T22:51:51.963+0000] {subprocess.py:93} INFO - Reading package lists...
[2024-01-18T22:51:51.966+0000] {subprocess.py:93} INFO - E: List directory /var/lib/apt/lists/partial is missing. - Acquire (13: Permission denied)
[2024-01-18T22:51:51.970+0000] {subprocess.py:97} INFO - Command exited with return code 100
[2024-01-18T22:51:51.987+0000] {taskinstance.py:1943} ERROR - Task failed with exception
Traceback (most recent call last):
  File "/home/airflow/.local/lib/python3.9/site-packages/airflow/operators/bash.py", line 210, in execute
    raise AirflowException(
airflow.exceptions.AirflowException: Bash command failed. The command returned a non-zero exit code 100.
[2024-01-18T22:51:51.991+0000] {taskinstance.py:1400} INFO - Marking task as FAILED. dag_id=bitcoin_data_batch_processing, task_id=install_java, execution_date=20240118T225148, start_date=20240118T225151, end_date=20240118T225151
[2024-01-18T22:51:52.012+0000] {standard_task_runner.py:104} ERROR - Failed to execute job 25 for task install_java (Bash command failed. The command returned a non-zero exit code 100.; 360)
[2024-01-18T22:51:52.047+0000] {local_task_job_runner.py:228} INFO - Task exited with return code 1
[2024-01-18T22:51:52.079+0000] {taskinstance.py:2784} INFO - 0 downstream tasks scheduled from follow-on schedule check
