[2024-01-19T05:09:56.365+0000] {taskinstance.py:1159} INFO - Dependencies all met for dep_context=non-requeueable deps ti=<TaskInstance: bitcoin_data_batch_processing.submit_spark_job manual__2024-01-19T05:09:53.135331+00:00 [queued]>
[2024-01-19T05:09:56.375+0000] {taskinstance.py:1159} INFO - Dependencies all met for dep_context=requeueable deps ti=<TaskInstance: bitcoin_data_batch_processing.submit_spark_job manual__2024-01-19T05:09:53.135331+00:00 [queued]>
[2024-01-19T05:09:56.376+0000] {taskinstance.py:1361} INFO - Starting attempt 1 of 1
[2024-01-19T05:09:56.391+0000] {taskinstance.py:1382} INFO - Executing <Task(SparkSubmitOperator): submit_spark_job> on 2024-01-19 05:09:53.135331+00:00
[2024-01-19T05:09:56.393+0000] {standard_task_runner.py:57} INFO - Started process 3804 to run task
[2024-01-19T05:09:56.396+0000] {standard_task_runner.py:84} INFO - Running: ['***', 'tasks', 'run', 'bitcoin_data_batch_processing', 'submit_spark_job', 'manual__2024-01-19T05:09:53.135331+00:00', '--job-id', '20', '--raw', '--subdir', 'DAGS_FOLDER/BatchLayer_dag.py', '--cfg-path', '/tmp/tmpgsgi3w7h']
[2024-01-19T05:09:56.397+0000] {standard_task_runner.py:85} INFO - Job 20: Subtask submit_spark_job
[2024-01-19T05:09:56.463+0000] {task_command.py:415} INFO - Running <TaskInstance: bitcoin_data_batch_processing.submit_spark_job manual__2024-01-19T05:09:53.135331+00:00 [running]> on host 16d1e907211a
[2024-01-19T05:09:56.566+0000] {taskinstance.py:1660} INFO - Exporting env vars: AIRFLOW_CTX_DAG_OWNER='***' AIRFLOW_CTX_DAG_ID='bitcoin_data_batch_processing' AIRFLOW_CTX_TASK_ID='submit_spark_job' AIRFLOW_CTX_EXECUTION_DATE='2024-01-19T05:09:53.135331+00:00' AIRFLOW_CTX_TRY_NUMBER='1' AIRFLOW_CTX_DAG_RUN_ID='manual__2024-01-19T05:09:53.135331+00:00'
[2024-01-19T05:09:56.580+0000] {base.py:73} INFO - Using connection ID 'spark_default' for task execution.
[2024-01-19T05:09:56.581+0000] {spark_submit.py:401} INFO - Spark-Submit cmd: spark-submit --master spark://172.18.0.5:7077 --packages com.datastax.spark:spark-cassandra-connector_2.12:3.4.1 --name arrow-spark --queue root.default --deploy-mode client /opt/***/dags/spark_batch.py
[2024-01-19T05:09:56.729+0000] {spark_submit.py:571} INFO - /home/***/.local/lib/python3.9/site-packages/pyspark/bin/load-spark-env.sh: line 68: ps: command not found
[2024-01-19T05:09:58.521+0000] {spark_submit.py:571} INFO - :: loading settings :: url = jar:file:/home/***/.local/lib/python3.9/site-packages/pyspark/jars/ivy-2.5.1.jar!/org/apache/ivy/core/settings/ivysettings.xml
[2024-01-19T05:09:58.674+0000] {spark_submit.py:571} INFO - Ivy Default Cache set to: /home/***/.ivy2/cache
[2024-01-19T05:09:58.674+0000] {spark_submit.py:571} INFO - The jars for the packages stored in: /home/***/.ivy2/jars
[2024-01-19T05:09:58.679+0000] {spark_submit.py:571} INFO - com.datastax.spark#spark-cassandra-connector_2.12 added as a dependency
[2024-01-19T05:09:58.681+0000] {spark_submit.py:571} INFO - :: resolving dependencies :: org.apache.spark#spark-submit-parent-29afa1e2-f519-46dc-970d-6c84ebb72836;1.0
[2024-01-19T05:09:58.681+0000] {spark_submit.py:571} INFO - confs: [default]
[2024-01-19T05:09:59.122+0000] {spark_submit.py:571} INFO - found com.datastax.spark#spark-cassandra-connector_2.12;3.4.1 in central
[2024-01-19T05:09:59.147+0000] {spark_submit.py:571} INFO - found com.datastax.spark#spark-cassandra-connector-driver_2.12;3.4.1 in central
[2024-01-19T05:09:59.198+0000] {spark_submit.py:571} INFO - found org.scala-lang.modules#scala-collection-compat_2.12;2.11.0 in central
[2024-01-19T05:09:59.248+0000] {spark_submit.py:571} INFO - found com.datastax.oss#java-driver-core-shaded;4.13.0 in central
[2024-01-19T05:09:59.279+0000] {spark_submit.py:571} INFO - found com.datastax.oss#native-protocol;1.5.0 in central
[2024-01-19T05:09:59.297+0000] {spark_submit.py:571} INFO - found com.datastax.oss#java-driver-shaded-guava;25.1-jre-graal-sub-1 in central
[2024-01-19T05:09:59.315+0000] {spark_submit.py:571} INFO - found com.typesafe#config;1.4.1 in central
[2024-01-19T05:09:59.336+0000] {spark_submit.py:571} INFO - found org.slf4j#slf4j-api;1.7.26 in central
[2024-01-19T05:09:59.357+0000] {spark_submit.py:571} INFO - found io.dropwizard.metrics#metrics-core;4.1.18 in central
[2024-01-19T05:09:59.379+0000] {spark_submit.py:571} INFO - found org.hdrhistogram#HdrHistogram;2.1.12 in central
[2024-01-19T05:09:59.395+0000] {spark_submit.py:571} INFO - found org.reactivestreams#reactive-streams;1.0.3 in central
[2024-01-19T05:09:59.444+0000] {spark_submit.py:571} INFO - found com.github.stephenc.jcip#jcip-annotations;1.0-1 in central
[2024-01-19T05:09:59.504+0000] {spark_submit.py:571} INFO - found com.github.spotbugs#spotbugs-annotations;3.1.12 in central
[2024-01-19T05:09:59.515+0000] {spark_submit.py:571} INFO - found com.google.code.findbugs#jsr305;3.0.2 in central
[2024-01-19T05:09:59.532+0000] {spark_submit.py:571} INFO - found com.datastax.oss#java-driver-mapper-runtime;4.13.0 in central
[2024-01-19T05:09:59.552+0000] {spark_submit.py:571} INFO - found com.datastax.oss#java-driver-query-builder;4.13.0 in central
[2024-01-19T05:09:59.697+0000] {spark_submit.py:571} INFO - found org.apache.commons#commons-lang3;3.10 in central
[2024-01-19T05:09:59.865+0000] {spark_submit.py:571} INFO - found com.thoughtworks.paranamer#paranamer;2.8 in central
[2024-01-19T05:09:59.944+0000] {spark_submit.py:571} INFO - found org.scala-lang#scala-reflect;2.12.11 in central
[2024-01-19T05:10:00.306+0000] {spark_submit.py:571} INFO - :: resolution report :: resolve 1534ms :: artifacts dl 90ms
[2024-01-19T05:10:00.307+0000] {spark_submit.py:571} INFO - :: modules in use:
[2024-01-19T05:10:00.307+0000] {spark_submit.py:571} INFO - com.datastax.oss#java-driver-core-shaded;4.13.0 from central in [default]
[2024-01-19T05:10:00.307+0000] {spark_submit.py:571} INFO - com.datastax.oss#java-driver-mapper-runtime;4.13.0 from central in [default]
[2024-01-19T05:10:00.307+0000] {spark_submit.py:571} INFO - com.datastax.oss#java-driver-query-builder;4.13.0 from central in [default]
[2024-01-19T05:10:00.307+0000] {spark_submit.py:571} INFO - com.datastax.oss#java-driver-shaded-guava;25.1-jre-graal-sub-1 from central in [default]
[2024-01-19T05:10:00.307+0000] {spark_submit.py:571} INFO - com.datastax.oss#native-protocol;1.5.0 from central in [default]
[2024-01-19T05:10:00.308+0000] {spark_submit.py:571} INFO - com.datastax.spark#spark-cassandra-connector-driver_2.12;3.4.1 from central in [default]
[2024-01-19T05:10:00.308+0000] {spark_submit.py:571} INFO - com.datastax.spark#spark-cassandra-connector_2.12;3.4.1 from central in [default]
[2024-01-19T05:10:00.308+0000] {spark_submit.py:571} INFO - com.github.spotbugs#spotbugs-annotations;3.1.12 from central in [default]
[2024-01-19T05:10:00.308+0000] {spark_submit.py:571} INFO - com.github.stephenc.jcip#jcip-annotations;1.0-1 from central in [default]
[2024-01-19T05:10:00.308+0000] {spark_submit.py:571} INFO - com.google.code.findbugs#jsr305;3.0.2 from central in [default]
[2024-01-19T05:10:00.308+0000] {spark_submit.py:571} INFO - com.thoughtworks.paranamer#paranamer;2.8 from central in [default]
[2024-01-19T05:10:00.308+0000] {spark_submit.py:571} INFO - com.typesafe#config;1.4.1 from central in [default]
[2024-01-19T05:10:00.308+0000] {spark_submit.py:571} INFO - io.dropwizard.metrics#metrics-core;4.1.18 from central in [default]
[2024-01-19T05:10:00.308+0000] {spark_submit.py:571} INFO - org.apache.commons#commons-lang3;3.10 from central in [default]
[2024-01-19T05:10:00.308+0000] {spark_submit.py:571} INFO - org.hdrhistogram#HdrHistogram;2.1.12 from central in [default]
[2024-01-19T05:10:00.308+0000] {spark_submit.py:571} INFO - org.reactivestreams#reactive-streams;1.0.3 from central in [default]
[2024-01-19T05:10:00.308+0000] {spark_submit.py:571} INFO - org.scala-lang#scala-reflect;2.12.11 from central in [default]
[2024-01-19T05:10:00.309+0000] {spark_submit.py:571} INFO - org.scala-lang.modules#scala-collection-compat_2.12;2.11.0 from central in [default]
[2024-01-19T05:10:00.309+0000] {spark_submit.py:571} INFO - org.slf4j#slf4j-api;1.7.26 from central in [default]
[2024-01-19T05:10:00.309+0000] {spark_submit.py:571} INFO - ---------------------------------------------------------------------
[2024-01-19T05:10:00.309+0000] {spark_submit.py:571} INFO - |                  |            modules            ||   artifacts   |
[2024-01-19T05:10:00.310+0000] {spark_submit.py:571} INFO - |       conf       | number| search|dwnlded|evicted|| number|dwnlded|
[2024-01-19T05:10:00.310+0000] {spark_submit.py:571} INFO - ---------------------------------------------------------------------
[2024-01-19T05:10:00.311+0000] {spark_submit.py:571} INFO - |      default     |   19  |   0   |   0   |   0   ||   19  |   0   |
[2024-01-19T05:10:00.311+0000] {spark_submit.py:571} INFO - ---------------------------------------------------------------------
[2024-01-19T05:10:00.327+0000] {spark_submit.py:571} INFO - :: retrieving :: org.apache.spark#spark-submit-parent-29afa1e2-f519-46dc-970d-6c84ebb72836
[2024-01-19T05:10:00.328+0000] {spark_submit.py:571} INFO - confs: [default]
[2024-01-19T05:10:00.351+0000] {spark_submit.py:571} INFO - 0 artifacts copied, 19 already retrieved (0kB/24ms)
[2024-01-19T05:10:00.997+0000] {spark_submit.py:571} INFO - 24/01/19 05:10:00 WARN NativeCodeLoader: Unable to load native-hadoop library for your platform... using builtin-java classes where applicable
[2024-01-19T05:10:06.630+0000] {spark_submit.py:571} INFO - 2024-01-19 05:10:06.629332: I tensorflow/core/util/util.cc:169] oneDNN custom operations are on. You may see slightly different numerical results due to floating-point round-off errors from different computation orders. To turn them off, set the environment variable `TF_ENABLE_ONEDNN_OPTS=0`.
[2024-01-19T05:10:06.663+0000] {spark_submit.py:571} INFO - 2024-01-19 05:10:06.662822: W tensorflow/stream_executor/platform/default/dso_loader.cc:64] Could not load dynamic library 'libcudart.so.11.0'; dlerror: libcudart.so.11.0: cannot open shared object file: No such file or directory; LD_LIBRARY_PATH: /usr/local/lib
[2024-01-19T05:10:06.663+0000] {spark_submit.py:571} INFO - 2024-01-19 05:10:06.662882: I tensorflow/stream_executor/cuda/cudart_stub.cc:29] Ignore above cudart dlerror if you do not have a GPU set up on your machine.
[2024-01-19T05:10:07.837+0000] {spark_submit.py:571} INFO - Traceback (most recent call last):
[2024-01-19T05:10:07.837+0000] {spark_submit.py:571} INFO - File "/opt/***/dags/spark_batch.py", line 4, in <module>
[2024-01-19T05:10:07.837+0000] {spark_submit.py:571} INFO - from tensorflow.keras.models import load_model
[2024-01-19T05:10:07.837+0000] {spark_submit.py:571} INFO - File "/home/***/.local/lib/python3.9/site-packages/tensorflow/__init__.py", line 37, in <module>
[2024-01-19T05:10:07.837+0000] {spark_submit.py:571} INFO - from tensorflow.python.tools import module_util as _module_util
[2024-01-19T05:10:07.838+0000] {spark_submit.py:571} INFO - File "/home/***/.local/lib/python3.9/site-packages/tensorflow/python/__init__.py", line 37, in <module>
[2024-01-19T05:10:07.838+0000] {spark_submit.py:571} INFO - from tensorflow.python.eager import context
[2024-01-19T05:10:07.838+0000] {spark_submit.py:571} INFO - File "/home/***/.local/lib/python3.9/site-packages/tensorflow/python/eager/context.py", line 29, in <module>
[2024-01-19T05:10:07.838+0000] {spark_submit.py:571} INFO - from tensorflow.core.framework import function_pb2
[2024-01-19T05:10:07.838+0000] {spark_submit.py:571} INFO - File "/home/***/.local/lib/python3.9/site-packages/tensorflow/core/framework/function_pb2.py", line 16, in <module>
[2024-01-19T05:10:07.838+0000] {spark_submit.py:571} INFO - from tensorflow.core.framework import attr_value_pb2 as tensorflow_dot_core_dot_framework_dot_attr__value__pb2
[2024-01-19T05:10:07.838+0000] {spark_submit.py:571} INFO - File "/home/***/.local/lib/python3.9/site-packages/tensorflow/core/framework/attr_value_pb2.py", line 16, in <module>
[2024-01-19T05:10:07.838+0000] {spark_submit.py:571} INFO - from tensorflow.core.framework import tensor_pb2 as tensorflow_dot_core_dot_framework_dot_tensor__pb2
[2024-01-19T05:10:07.838+0000] {spark_submit.py:571} INFO - File "/home/***/.local/lib/python3.9/site-packages/tensorflow/core/framework/tensor_pb2.py", line 16, in <module>
[2024-01-19T05:10:07.839+0000] {spark_submit.py:571} INFO - from tensorflow.core.framework import resource_handle_pb2 as tensorflow_dot_core_dot_framework_dot_resource__handle__pb2
[2024-01-19T05:10:07.839+0000] {spark_submit.py:571} INFO - File "/home/***/.local/lib/python3.9/site-packages/tensorflow/core/framework/resource_handle_pb2.py", line 16, in <module>
[2024-01-19T05:10:07.839+0000] {spark_submit.py:571} INFO - from tensorflow.core.framework import tensor_shape_pb2 as tensorflow_dot_core_dot_framework_dot_tensor__shape__pb2
[2024-01-19T05:10:07.839+0000] {spark_submit.py:571} INFO - File "/home/***/.local/lib/python3.9/site-packages/tensorflow/core/framework/tensor_shape_pb2.py", line 36, in <module>
[2024-01-19T05:10:07.839+0000] {spark_submit.py:571} INFO - _descriptor.FieldDescriptor(
[2024-01-19T05:10:07.839+0000] {spark_submit.py:571} INFO - File "/home/***/.local/lib/python3.9/site-packages/google/protobuf/descriptor.py", line 553, in __new__
[2024-01-19T05:10:07.840+0000] {spark_submit.py:571} INFO - _message.Message._CheckCalledFromGeneratedFile()
[2024-01-19T05:10:07.840+0000] {spark_submit.py:571} INFO - TypeError: Descriptors cannot be created directly.
[2024-01-19T05:10:07.840+0000] {spark_submit.py:571} INFO - If this call came from a _pb2.py file, your generated code is out of date and must be regenerated with protoc >= 3.19.0.
[2024-01-19T05:10:07.840+0000] {spark_submit.py:571} INFO - If you cannot immediately regenerate your protos, some other possible workarounds are:
[2024-01-19T05:10:07.840+0000] {spark_submit.py:571} INFO - 1. Downgrade the protobuf package to 3.20.x or lower.
[2024-01-19T05:10:07.840+0000] {spark_submit.py:571} INFO - 2. Set PROTOCOL_BUFFERS_PYTHON_IMPLEMENTATION=python (but this will use pure-Python parsing and will be much slower).
[2024-01-19T05:10:07.840+0000] {spark_submit.py:571} INFO - 
[2024-01-19T05:10:07.840+0000] {spark_submit.py:571} INFO - More information: https://developers.google.com/protocol-buffers/docs/news/2022-05-06#python-updates
[2024-01-19T05:10:07.953+0000] {spark_submit.py:571} INFO - 24/01/19 05:10:07 INFO ShutdownHookManager: Shutdown hook called
[2024-01-19T05:10:07.954+0000] {spark_submit.py:571} INFO - 24/01/19 05:10:07 INFO ShutdownHookManager: Deleting directory /tmp/spark-e633541c-8ae7-4d95-804e-efd5fdb41bab
[2024-01-19T05:10:08.044+0000] {taskinstance.py:1943} ERROR - Task failed with exception
Traceback (most recent call last):
  File "/home/airflow/.local/lib/python3.9/site-packages/airflow/providers/apache/spark/operators/spark_submit.py", line 174, in execute
    self._hook.submit(self._application)
  File "/home/airflow/.local/lib/python3.9/site-packages/airflow/providers/apache/spark/hooks/spark_submit.py", line 502, in submit
    raise AirflowException(
airflow.exceptions.AirflowException: Cannot execute: spark-submit --master spark://172.18.0.5:7077 --packages com.datastax.spark:spark-cassandra-connector_2.12:3.4.1 --name arrow-spark --queue root.default --deploy-mode client /opt/***/dags/spark_batch.py. Error code is: 1.
[2024-01-19T05:10:08.084+0000] {taskinstance.py:1400} INFO - Marking task as FAILED. dag_id=bitcoin_data_batch_processing, task_id=submit_spark_job, execution_date=20240119T050953, start_date=20240119T050956, end_date=20240119T051008
[2024-01-19T05:10:08.116+0000] {standard_task_runner.py:104} ERROR - Failed to execute job 20 for task submit_spark_job (Cannot execute: spark-submit --master spark://172.18.0.5:7077 --packages com.datastax.spark:spark-cassandra-connector_2.12:3.4.1 --name arrow-spark --queue root.default --deploy-mode client /opt/***/dags/spark_batch.py. Error code is: 1.; 3804)
[2024-01-19T05:10:08.137+0000] {local_task_job_runner.py:228} INFO - Task exited with return code 1
[2024-01-19T05:10:08.153+0000] {taskinstance.py:2784} INFO - 0 downstream tasks scheduled from follow-on schedule check
