[2024-01-18T23:13:39.991+0000] {taskinstance.py:1159} INFO - Dependencies all met for dep_context=non-requeueable deps ti=<TaskInstance: bitcoin_data_batch_processing.submit_spark_job manual__2024-01-18T23:13:16.661124+00:00 [queued]>
[2024-01-18T23:13:39.998+0000] {taskinstance.py:1159} INFO - Dependencies all met for dep_context=requeueable deps ti=<TaskInstance: bitcoin_data_batch_processing.submit_spark_job manual__2024-01-18T23:13:16.661124+00:00 [queued]>
[2024-01-18T23:13:39.998+0000] {taskinstance.py:1361} INFO - Starting attempt 1 of 1
[2024-01-18T23:13:40.014+0000] {taskinstance.py:1382} INFO - Executing <Task(SparkSubmitOperator): submit_spark_job> on 2024-01-18 23:13:16.661124+00:00
[2024-01-18T23:13:40.019+0000] {standard_task_runner.py:57} INFO - Started process 3932 to run task
[2024-01-18T23:13:40.022+0000] {standard_task_runner.py:84} INFO - Running: ['***', 'tasks', 'run', 'bitcoin_data_batch_processing', 'submit_spark_job', 'manual__2024-01-18T23:13:16.661124+00:00', '--job-id', '29', '--raw', '--subdir', 'DAGS_FOLDER/BatchLayer_dag.py', '--cfg-path', '/tmp/tmplcslsu5h']
[2024-01-18T23:13:40.024+0000] {standard_task_runner.py:85} INFO - Job 29: Subtask submit_spark_job
[2024-01-18T23:13:40.081+0000] {task_command.py:415} INFO - Running <TaskInstance: bitcoin_data_batch_processing.submit_spark_job manual__2024-01-18T23:13:16.661124+00:00 [running]> on host 36e53310e6a3
[2024-01-18T23:13:40.183+0000] {taskinstance.py:1660} INFO - Exporting env vars: AIRFLOW_CTX_DAG_OWNER='***' AIRFLOW_CTX_DAG_ID='bitcoin_data_batch_processing' AIRFLOW_CTX_TASK_ID='submit_spark_job' AIRFLOW_CTX_EXECUTION_DATE='2024-01-18T23:13:16.661124+00:00' AIRFLOW_CTX_TRY_NUMBER='1' AIRFLOW_CTX_DAG_RUN_ID='manual__2024-01-18T23:13:16.661124+00:00'
[2024-01-18T23:13:40.194+0000] {base.py:73} INFO - Using connection ID 'spark_default' for task execution.
[2024-01-18T23:13:40.195+0000] {spark_submit.py:401} INFO - Spark-Submit cmd: spark-submit --master spark://172.29.0.5:7077 --name arrow-spark --queue root.default --deploy-mode client /opt/***/dags/spark_batch.py
[2024-01-18T23:13:40.343+0000] {spark_submit.py:571} INFO - /home/***/.local/lib/python3.9/site-packages/pyspark/bin/load-spark-env.sh: line 68: ps: command not found
[2024-01-18T23:13:44.799+0000] {spark_submit.py:571} INFO - 2024-01-18 23:13:44.798999: I tensorflow/core/util/port.cc:113] oneDNN custom operations are on. You may see slightly different numerical results due to floating-point round-off errors from different computation orders. To turn them off, set the environment variable `TF_ENABLE_ONEDNN_OPTS=0`.
[2024-01-18T23:13:44.850+0000] {spark_submit.py:571} INFO - 2024-01-18 23:13:44.850166: I external/local_tsl/tsl/cuda/cudart_stub.cc:31] Could not find cuda drivers on your machine, GPU will not be used.
[2024-01-18T23:13:44.910+0000] {spark_submit.py:571} INFO - 2024-01-18 23:13:44.909709: E external/local_xla/xla/stream_executor/cuda/cuda_dnn.cc:9261] Unable to register cuDNN factory: Attempting to register factory for plugin cuDNN when one has already been registered
[2024-01-18T23:13:44.910+0000] {spark_submit.py:571} INFO - 2024-01-18 23:13:44.909791: E external/local_xla/xla/stream_executor/cuda/cuda_fft.cc:607] Unable to register cuFFT factory: Attempting to register factory for plugin cuFFT when one has already been registered
[2024-01-18T23:13:44.911+0000] {spark_submit.py:571} INFO - 2024-01-18 23:13:44.911122: E external/local_xla/xla/stream_executor/cuda/cuda_blas.cc:1515] Unable to register cuBLAS factory: Attempting to register factory for plugin cuBLAS when one has already been registered
[2024-01-18T23:13:44.917+0000] {spark_submit.py:571} INFO - 2024-01-18 23:13:44.917578: I external/local_tsl/tsl/cuda/cudart_stub.cc:31] Could not find cuda drivers on your machine, GPU will not be used.
[2024-01-18T23:13:44.918+0000] {spark_submit.py:571} INFO - 2024-01-18 23:13:44.917803: I tensorflow/core/platform/cpu_feature_guard.cc:182] This TensorFlow binary is optimized to use available CPU instructions in performance-critical operations.
[2024-01-18T23:13:44.918+0000] {spark_submit.py:571} INFO - To enable the following instructions: AVX2 AVX512F AVX512_VNNI FMA, in other operations, rebuild TensorFlow with the appropriate compiler flags.
[2024-01-18T23:13:47.002+0000] {spark_submit.py:571} INFO - 2024-01-18 23:13:47.002391: W tensorflow/compiler/tf2tensorrt/utils/py_utils.cc:38] TF-TRT Warning: Could not find TensorRT
[2024-01-18T23:13:49.521+0000] {spark_submit.py:571} INFO - Traceback (most recent call last):
[2024-01-18T23:13:49.522+0000] {spark_submit.py:571} INFO - File "/opt/***/dags/spark_batch.py", line 5, in <module>
[2024-01-18T23:13:49.522+0000] {spark_submit.py:571} INFO - from sklearn.preprocessing import MinMaxScaler
[2024-01-18T23:13:49.522+0000] {spark_submit.py:571} INFO - ModuleNotFoundError: No module named 'sklearn'
[2024-01-18T23:13:50.172+0000] {spark_submit.py:571} INFO - 24/01/18 23:13:50 INFO ShutdownHookManager: Shutdown hook called
[2024-01-18T23:13:50.180+0000] {spark_submit.py:571} INFO - 24/01/18 23:13:50 INFO ShutdownHookManager: Deleting directory /tmp/spark-f4353ad8-1ff9-4d54-9ed8-d9731f4bd74f
[2024-01-18T23:13:50.281+0000] {taskinstance.py:1943} ERROR - Task failed with exception
Traceback (most recent call last):
  File "/home/airflow/.local/lib/python3.9/site-packages/airflow/providers/apache/spark/operators/spark_submit.py", line 174, in execute
    self._hook.submit(self._application)
  File "/home/airflow/.local/lib/python3.9/site-packages/airflow/providers/apache/spark/hooks/spark_submit.py", line 502, in submit
    raise AirflowException(
airflow.exceptions.AirflowException: Cannot execute: spark-submit --master spark://172.29.0.5:7077 --name arrow-spark --queue root.default --deploy-mode client /opt/***/dags/spark_batch.py. Error code is: 1.
[2024-01-18T23:13:50.294+0000] {taskinstance.py:1400} INFO - Marking task as FAILED. dag_id=bitcoin_data_batch_processing, task_id=submit_spark_job, execution_date=20240118T231316, start_date=20240118T231339, end_date=20240118T231350
[2024-01-18T23:13:50.312+0000] {standard_task_runner.py:104} ERROR - Failed to execute job 29 for task submit_spark_job (Cannot execute: spark-submit --master spark://172.29.0.5:7077 --name arrow-spark --queue root.default --deploy-mode client /opt/***/dags/spark_batch.py. Error code is: 1.; 3932)
[2024-01-18T23:13:50.333+0000] {local_task_job_runner.py:228} INFO - Task exited with return code 1
[2024-01-18T23:13:50.352+0000] {taskinstance.py:2784} INFO - 0 downstream tasks scheduled from follow-on schedule check
