[2024-01-19T05:20:25.675+0000] {taskinstance.py:1159} INFO - Dependencies all met for dep_context=non-requeueable deps ti=<TaskInstance: bitcoin_data_batch_processing.submit_spark_job manual__2024-01-19T05:20:22.447277+00:00 [queued]>
[2024-01-19T05:20:25.686+0000] {taskinstance.py:1159} INFO - Dependencies all met for dep_context=requeueable deps ti=<TaskInstance: bitcoin_data_batch_processing.submit_spark_job manual__2024-01-19T05:20:22.447277+00:00 [queued]>
[2024-01-19T05:20:25.687+0000] {taskinstance.py:1361} INFO - Starting attempt 1 of 1
[2024-01-19T05:20:25.707+0000] {taskinstance.py:1382} INFO - Executing <Task(SparkSubmitOperator): submit_spark_job> on 2024-01-19 05:20:22.447277+00:00
[2024-01-19T05:20:25.711+0000] {standard_task_runner.py:57} INFO - Started process 3969 to run task
[2024-01-19T05:20:25.714+0000] {standard_task_runner.py:84} INFO - Running: ['***', 'tasks', 'run', 'bitcoin_data_batch_processing', 'submit_spark_job', 'manual__2024-01-19T05:20:22.447277+00:00', '--job-id', '31', '--raw', '--subdir', 'DAGS_FOLDER/BatchLayer_dag.py', '--cfg-path', '/tmp/tmpz3ie88mz']
[2024-01-19T05:20:25.716+0000] {standard_task_runner.py:85} INFO - Job 31: Subtask submit_spark_job
[2024-01-19T05:20:25.777+0000] {task_command.py:415} INFO - Running <TaskInstance: bitcoin_data_batch_processing.submit_spark_job manual__2024-01-19T05:20:22.447277+00:00 [running]> on host 16d1e907211a
[2024-01-19T05:20:25.868+0000] {taskinstance.py:1660} INFO - Exporting env vars: AIRFLOW_CTX_DAG_OWNER='***' AIRFLOW_CTX_DAG_ID='bitcoin_data_batch_processing' AIRFLOW_CTX_TASK_ID='submit_spark_job' AIRFLOW_CTX_EXECUTION_DATE='2024-01-19T05:20:22.447277+00:00' AIRFLOW_CTX_TRY_NUMBER='1' AIRFLOW_CTX_DAG_RUN_ID='manual__2024-01-19T05:20:22.447277+00:00'
[2024-01-19T05:20:25.883+0000] {base.py:73} INFO - Using connection ID 'spark_default' for task execution.
[2024-01-19T05:20:25.884+0000] {spark_submit.py:401} INFO - Spark-Submit cmd: spark-submit --master spark://172.18.0.5:7077 --packages com.datastax.spark:spark-cassandra-connector_2.12:3.4.1 --name arrow-spark --queue root.default --deploy-mode client /opt/***/dags/spark_batch.py
[2024-01-19T05:20:26.059+0000] {spark_submit.py:571} INFO - /home/***/.local/lib/python3.9/site-packages/pyspark/bin/load-spark-env.sh: line 68: ps: command not found
[2024-01-19T05:20:29.348+0000] {spark_submit.py:571} INFO - :: loading settings :: url = jar:file:/home/***/.local/lib/python3.9/site-packages/pyspark/jars/ivy-2.5.1.jar!/org/apache/ivy/core/settings/ivysettings.xml
[2024-01-19T05:20:29.552+0000] {spark_submit.py:571} INFO - Ivy Default Cache set to: /home/***/.ivy2/cache
[2024-01-19T05:20:29.552+0000] {spark_submit.py:571} INFO - The jars for the packages stored in: /home/***/.ivy2/jars
[2024-01-19T05:20:29.556+0000] {spark_submit.py:571} INFO - com.datastax.spark#spark-cassandra-connector_2.12 added as a dependency
[2024-01-19T05:20:29.557+0000] {spark_submit.py:571} INFO - :: resolving dependencies :: org.apache.spark#spark-submit-parent-fd01d73e-9323-460f-abde-a37c3c9f8a61;1.0
[2024-01-19T05:20:29.557+0000] {spark_submit.py:571} INFO - confs: [default]
[2024-01-19T05:20:29.719+0000] {spark_submit.py:571} INFO - found com.datastax.spark#spark-cassandra-connector_2.12;3.4.1 in central
[2024-01-19T05:20:29.747+0000] {spark_submit.py:571} INFO - found com.datastax.spark#spark-cassandra-connector-driver_2.12;3.4.1 in central
[2024-01-19T05:20:29.775+0000] {spark_submit.py:571} INFO - found org.scala-lang.modules#scala-collection-compat_2.12;2.11.0 in central
[2024-01-19T05:20:29.805+0000] {spark_submit.py:571} INFO - found com.datastax.oss#java-driver-core-shaded;4.13.0 in central
[2024-01-19T05:20:29.829+0000] {spark_submit.py:571} INFO - found com.datastax.oss#native-protocol;1.5.0 in central
[2024-01-19T05:20:29.846+0000] {spark_submit.py:571} INFO - found com.datastax.oss#java-driver-shaded-guava;25.1-jre-graal-sub-1 in central
[2024-01-19T05:20:29.864+0000] {spark_submit.py:571} INFO - found com.typesafe#config;1.4.1 in central
[2024-01-19T05:20:29.879+0000] {spark_submit.py:571} INFO - found org.slf4j#slf4j-api;1.7.26 in central
[2024-01-19T05:20:29.894+0000] {spark_submit.py:571} INFO - found io.dropwizard.metrics#metrics-core;4.1.18 in central
[2024-01-19T05:20:29.909+0000] {spark_submit.py:571} INFO - found org.hdrhistogram#HdrHistogram;2.1.12 in central
[2024-01-19T05:20:29.924+0000] {spark_submit.py:571} INFO - found org.reactivestreams#reactive-streams;1.0.3 in central
[2024-01-19T05:20:29.942+0000] {spark_submit.py:571} INFO - found com.github.stephenc.jcip#jcip-annotations;1.0-1 in central
[2024-01-19T05:20:29.956+0000] {spark_submit.py:571} INFO - found com.github.spotbugs#spotbugs-annotations;3.1.12 in central
[2024-01-19T05:20:29.985+0000] {spark_submit.py:571} INFO - found com.google.code.findbugs#jsr305;3.0.2 in central
[2024-01-19T05:20:30.000+0000] {spark_submit.py:571} INFO - found com.datastax.oss#java-driver-mapper-runtime;4.13.0 in central
[2024-01-19T05:20:30.014+0000] {spark_submit.py:571} INFO - found com.datastax.oss#java-driver-query-builder;4.13.0 in central
[2024-01-19T05:20:30.032+0000] {spark_submit.py:571} INFO - found org.apache.commons#commons-lang3;3.10 in central
[2024-01-19T05:20:30.042+0000] {spark_submit.py:571} INFO - found com.thoughtworks.paranamer#paranamer;2.8 in central
[2024-01-19T05:20:30.051+0000] {spark_submit.py:571} INFO - found org.scala-lang#scala-reflect;2.12.11 in central
[2024-01-19T05:20:30.086+0000] {spark_submit.py:571} INFO - :: resolution report :: resolve 507ms :: artifacts dl 22ms
[2024-01-19T05:20:30.087+0000] {spark_submit.py:571} INFO - :: modules in use:
[2024-01-19T05:20:30.087+0000] {spark_submit.py:571} INFO - com.datastax.oss#java-driver-core-shaded;4.13.0 from central in [default]
[2024-01-19T05:20:30.087+0000] {spark_submit.py:571} INFO - com.datastax.oss#java-driver-mapper-runtime;4.13.0 from central in [default]
[2024-01-19T05:20:30.087+0000] {spark_submit.py:571} INFO - com.datastax.oss#java-driver-query-builder;4.13.0 from central in [default]
[2024-01-19T05:20:30.087+0000] {spark_submit.py:571} INFO - com.datastax.oss#java-driver-shaded-guava;25.1-jre-graal-sub-1 from central in [default]
[2024-01-19T05:20:30.087+0000] {spark_submit.py:571} INFO - com.datastax.oss#native-protocol;1.5.0 from central in [default]
[2024-01-19T05:20:30.087+0000] {spark_submit.py:571} INFO - com.datastax.spark#spark-cassandra-connector-driver_2.12;3.4.1 from central in [default]
[2024-01-19T05:20:30.087+0000] {spark_submit.py:571} INFO - com.datastax.spark#spark-cassandra-connector_2.12;3.4.1 from central in [default]
[2024-01-19T05:20:30.088+0000] {spark_submit.py:571} INFO - com.github.spotbugs#spotbugs-annotations;3.1.12 from central in [default]
[2024-01-19T05:20:30.088+0000] {spark_submit.py:571} INFO - com.github.stephenc.jcip#jcip-annotations;1.0-1 from central in [default]
[2024-01-19T05:20:30.088+0000] {spark_submit.py:571} INFO - com.google.code.findbugs#jsr305;3.0.2 from central in [default]
[2024-01-19T05:20:30.088+0000] {spark_submit.py:571} INFO - com.thoughtworks.paranamer#paranamer;2.8 from central in [default]
[2024-01-19T05:20:30.088+0000] {spark_submit.py:571} INFO - com.typesafe#config;1.4.1 from central in [default]
[2024-01-19T05:20:30.088+0000] {spark_submit.py:571} INFO - io.dropwizard.metrics#metrics-core;4.1.18 from central in [default]
[2024-01-19T05:20:30.088+0000] {spark_submit.py:571} INFO - org.apache.commons#commons-lang3;3.10 from central in [default]
[2024-01-19T05:20:30.088+0000] {spark_submit.py:571} INFO - org.hdrhistogram#HdrHistogram;2.1.12 from central in [default]
[2024-01-19T05:20:30.088+0000] {spark_submit.py:571} INFO - org.reactivestreams#reactive-streams;1.0.3 from central in [default]
[2024-01-19T05:20:30.088+0000] {spark_submit.py:571} INFO - org.scala-lang#scala-reflect;2.12.11 from central in [default]
[2024-01-19T05:20:30.088+0000] {spark_submit.py:571} INFO - org.scala-lang.modules#scala-collection-compat_2.12;2.11.0 from central in [default]
[2024-01-19T05:20:30.089+0000] {spark_submit.py:571} INFO - org.slf4j#slf4j-api;1.7.26 from central in [default]
[2024-01-19T05:20:30.089+0000] {spark_submit.py:571} INFO - ---------------------------------------------------------------------
[2024-01-19T05:20:30.089+0000] {spark_submit.py:571} INFO - |                  |            modules            ||   artifacts   |
[2024-01-19T05:20:30.089+0000] {spark_submit.py:571} INFO - |       conf       | number| search|dwnlded|evicted|| number|dwnlded|
[2024-01-19T05:20:30.089+0000] {spark_submit.py:571} INFO - ---------------------------------------------------------------------
[2024-01-19T05:20:30.089+0000] {spark_submit.py:571} INFO - |      default     |   19  |   0   |   0   |   0   ||   19  |   0   |
[2024-01-19T05:20:30.089+0000] {spark_submit.py:571} INFO - ---------------------------------------------------------------------
[2024-01-19T05:20:30.104+0000] {spark_submit.py:571} INFO - :: retrieving :: org.apache.spark#spark-submit-parent-fd01d73e-9323-460f-abde-a37c3c9f8a61
[2024-01-19T05:20:30.104+0000] {spark_submit.py:571} INFO - confs: [default]
[2024-01-19T05:20:30.117+0000] {spark_submit.py:571} INFO - 0 artifacts copied, 19 already retrieved (0kB/14ms)
[2024-01-19T05:20:30.409+0000] {spark_submit.py:571} INFO - 24/01/19 05:20:30 WARN NativeCodeLoader: Unable to load native-hadoop library for your platform... using builtin-java classes where applicable
[2024-01-19T05:20:33.733+0000] {spark_submit.py:571} INFO - 2024-01-19 05:20:33.732437: I tensorflow/core/util/port.cc:113] oneDNN custom operations are on. You may see slightly different numerical results due to floating-point round-off errors from different computation orders. To turn them off, set the environment variable `TF_ENABLE_ONEDNN_OPTS=0`.
[2024-01-19T05:20:33.962+0000] {spark_submit.py:571} INFO - 2024-01-19 05:20:33.962357: I external/local_tsl/tsl/cuda/cudart_stub.cc:31] Could not find cuda drivers on your machine, GPU will not be used.
[2024-01-19T05:20:34.611+0000] {spark_submit.py:571} INFO - 2024-01-19 05:20:34.610915: E external/local_xla/xla/stream_executor/cuda/cuda_dnn.cc:9261] Unable to register cuDNN factory: Attempting to register factory for plugin cuDNN when one has already been registered
[2024-01-19T05:20:34.611+0000] {spark_submit.py:571} INFO - 2024-01-19 05:20:34.611017: E external/local_xla/xla/stream_executor/cuda/cuda_fft.cc:607] Unable to register cuFFT factory: Attempting to register factory for plugin cuFFT when one has already been registered
[2024-01-19T05:20:34.727+0000] {spark_submit.py:571} INFO - 2024-01-19 05:20:34.727614: E external/local_xla/xla/stream_executor/cuda/cuda_blas.cc:1515] Unable to register cuBLAS factory: Attempting to register factory for plugin cuBLAS when one has already been registered
[2024-01-19T05:20:34.894+0000] {spark_submit.py:571} INFO - 2024-01-19 05:20:34.893780: I external/local_tsl/tsl/cuda/cudart_stub.cc:31] Could not find cuda drivers on your machine, GPU will not be used.
[2024-01-19T05:20:34.896+0000] {spark_submit.py:571} INFO - 2024-01-19 05:20:34.896149: I tensorflow/core/platform/cpu_feature_guard.cc:182] This TensorFlow binary is optimized to use available CPU instructions in performance-critical operations.
[2024-01-19T05:20:34.896+0000] {spark_submit.py:571} INFO - To enable the following instructions: AVX2 AVX512F AVX512_VNNI FMA, in other operations, rebuild TensorFlow with the appropriate compiler flags.
[2024-01-19T05:20:36.574+0000] {spark_submit.py:571} INFO - 2024-01-19 05:20:36.574209: W tensorflow/compiler/tf2tensorrt/utils/py_utils.cc:38] TF-TRT Warning: Could not find TensorRT
[2024-01-19T05:20:41.852+0000] {spark_submit.py:571} INFO - 24/01/19 05:20:41 INFO SparkContext: Running Spark version 3.4.1
[2024-01-19T05:20:41.876+0000] {spark_submit.py:571} INFO - 24/01/19 05:20:41 INFO ResourceUtils: ==============================================================
[2024-01-19T05:20:41.877+0000] {spark_submit.py:571} INFO - 24/01/19 05:20:41 INFO ResourceUtils: No custom resources configured for spark.driver.
[2024-01-19T05:20:41.877+0000] {spark_submit.py:571} INFO - 24/01/19 05:20:41 INFO ResourceUtils: ==============================================================
[2024-01-19T05:20:41.877+0000] {spark_submit.py:571} INFO - 24/01/19 05:20:41 INFO SparkContext: Submitted application: SparkDataStreaming
[2024-01-19T05:20:41.905+0000] {spark_submit.py:571} INFO - 24/01/19 05:20:41 INFO ResourceProfile: Default ResourceProfile created, executor resources: Map(memory -> name: memory, amount: 1024, script: , vendor: , offHeap -> name: offHeap, amount: 0, script: , vendor: ), task resources: Map(cpus -> name: cpus, amount: 1.0)
[2024-01-19T05:20:41.922+0000] {spark_submit.py:571} INFO - 24/01/19 05:20:41 INFO ResourceProfile: Limiting resource is cpu
[2024-01-19T05:20:41.923+0000] {spark_submit.py:571} INFO - 24/01/19 05:20:41 INFO ResourceProfileManager: Added ResourceProfile id: 0
[2024-01-19T05:20:42.027+0000] {spark_submit.py:571} INFO - 24/01/19 05:20:42 INFO SecurityManager: Changing view acls to: ***
[2024-01-19T05:20:42.027+0000] {spark_submit.py:571} INFO - 24/01/19 05:20:42 INFO SecurityManager: Changing modify acls to: ***
[2024-01-19T05:20:42.027+0000] {spark_submit.py:571} INFO - 24/01/19 05:20:42 INFO SecurityManager: Changing view acls groups to:
[2024-01-19T05:20:42.028+0000] {spark_submit.py:571} INFO - 24/01/19 05:20:42 INFO SecurityManager: Changing modify acls groups to:
[2024-01-19T05:20:42.028+0000] {spark_submit.py:571} INFO - 24/01/19 05:20:42 INFO SecurityManager: SecurityManager: authentication disabled; ui acls disabled; users with view permissions: ***; groups with view permissions: EMPTY; users with modify permissions: ***; groups with modify permissions: EMPTY
[2024-01-19T05:20:42.357+0000] {spark_submit.py:571} INFO - 24/01/19 05:20:42 INFO Utils: Successfully started service 'sparkDriver' on port 33959.
[2024-01-19T05:20:42.402+0000] {spark_submit.py:571} INFO - 24/01/19 05:20:42 INFO SparkEnv: Registering MapOutputTracker
[2024-01-19T05:20:42.453+0000] {spark_submit.py:571} INFO - 24/01/19 05:20:42 INFO SparkEnv: Registering BlockManagerMaster
[2024-01-19T05:20:42.478+0000] {spark_submit.py:571} INFO - 24/01/19 05:20:42 INFO BlockManagerMasterEndpoint: Using org.apache.spark.storage.DefaultTopologyMapper for getting topology information
[2024-01-19T05:20:42.479+0000] {spark_submit.py:571} INFO - 24/01/19 05:20:42 INFO BlockManagerMasterEndpoint: BlockManagerMasterEndpoint up
[2024-01-19T05:20:42.484+0000] {spark_submit.py:571} INFO - 24/01/19 05:20:42 INFO SparkEnv: Registering BlockManagerMasterHeartbeat
[2024-01-19T05:20:42.527+0000] {spark_submit.py:571} INFO - 24/01/19 05:20:42 INFO DiskBlockManager: Created local directory at /tmp/blockmgr-315c7326-2f16-4f26-89e5-949ab544becc
[2024-01-19T05:20:42.550+0000] {spark_submit.py:571} INFO - 24/01/19 05:20:42 INFO MemoryStore: MemoryStore started with capacity 434.4 MiB
[2024-01-19T05:20:42.573+0000] {spark_submit.py:571} INFO - 24/01/19 05:20:42 INFO SparkEnv: Registering OutputCommitCoordinator
[2024-01-19T05:20:42.778+0000] {spark_submit.py:571} INFO - 24/01/19 05:20:42 INFO JettyUtils: Start Jetty 0.0.0.0:4040 for SparkUI
[2024-01-19T05:20:42.888+0000] {spark_submit.py:571} INFO - 24/01/19 05:20:42 INFO Utils: Successfully started service 'SparkUI' on port 4040.
[2024-01-19T05:20:42.939+0000] {spark_submit.py:571} INFO - 24/01/19 05:20:42 INFO SparkContext: Added JAR file:///home/***/.ivy2/jars/com.datastax.spark_spark-cassandra-connector_2.12-3.4.1.jar at spark://16d1e907211a:33959/jars/com.datastax.spark_spark-cassandra-connector_2.12-3.4.1.jar with timestamp 1705641641839
[2024-01-19T05:20:42.939+0000] {spark_submit.py:571} INFO - 24/01/19 05:20:42 INFO SparkContext: Added JAR file:///home/***/.ivy2/jars/com.datastax.spark_spark-cassandra-connector-driver_2.12-3.4.1.jar at spark://16d1e907211a:33959/jars/com.datastax.spark_spark-cassandra-connector-driver_2.12-3.4.1.jar with timestamp 1705641641839
[2024-01-19T05:20:42.940+0000] {spark_submit.py:571} INFO - 24/01/19 05:20:42 INFO SparkContext: Added JAR file:///home/***/.ivy2/jars/org.scala-lang.modules_scala-collection-compat_2.12-2.11.0.jar at spark://16d1e907211a:33959/jars/org.scala-lang.modules_scala-collection-compat_2.12-2.11.0.jar with timestamp 1705641641839
[2024-01-19T05:20:42.940+0000] {spark_submit.py:571} INFO - 24/01/19 05:20:42 INFO SparkContext: Added JAR file:///home/***/.ivy2/jars/com.datastax.oss_java-driver-core-shaded-4.13.0.jar at spark://16d1e907211a:33959/jars/com.datastax.oss_java-driver-core-shaded-4.13.0.jar with timestamp 1705641641839
[2024-01-19T05:20:42.940+0000] {spark_submit.py:571} INFO - 24/01/19 05:20:42 INFO SparkContext: Added JAR file:///home/***/.ivy2/jars/com.datastax.oss_java-driver-mapper-runtime-4.13.0.jar at spark://16d1e907211a:33959/jars/com.datastax.oss_java-driver-mapper-runtime-4.13.0.jar with timestamp 1705641641839
[2024-01-19T05:20:42.940+0000] {spark_submit.py:571} INFO - 24/01/19 05:20:42 INFO SparkContext: Added JAR file:///home/***/.ivy2/jars/org.apache.commons_commons-lang3-3.10.jar at spark://16d1e907211a:33959/jars/org.apache.commons_commons-lang3-3.10.jar with timestamp 1705641641839
[2024-01-19T05:20:42.940+0000] {spark_submit.py:571} INFO - 24/01/19 05:20:42 INFO SparkContext: Added JAR file:///home/***/.ivy2/jars/com.thoughtworks.paranamer_paranamer-2.8.jar at spark://16d1e907211a:33959/jars/com.thoughtworks.paranamer_paranamer-2.8.jar with timestamp 1705641641839
[2024-01-19T05:20:42.940+0000] {spark_submit.py:571} INFO - 24/01/19 05:20:42 INFO SparkContext: Added JAR file:///home/***/.ivy2/jars/org.scala-lang_scala-reflect-2.12.11.jar at spark://16d1e907211a:33959/jars/org.scala-lang_scala-reflect-2.12.11.jar with timestamp 1705641641839
[2024-01-19T05:20:42.940+0000] {spark_submit.py:571} INFO - 24/01/19 05:20:42 INFO SparkContext: Added JAR file:///home/***/.ivy2/jars/com.datastax.oss_native-protocol-1.5.0.jar at spark://16d1e907211a:33959/jars/com.datastax.oss_native-protocol-1.5.0.jar with timestamp 1705641641839
[2024-01-19T05:20:42.941+0000] {spark_submit.py:571} INFO - 24/01/19 05:20:42 INFO SparkContext: Added JAR file:///home/***/.ivy2/jars/com.datastax.oss_java-driver-shaded-guava-25.1-jre-graal-sub-1.jar at spark://16d1e907211a:33959/jars/com.datastax.oss_java-driver-shaded-guava-25.1-jre-graal-sub-1.jar with timestamp 1705641641839
[2024-01-19T05:20:42.941+0000] {spark_submit.py:571} INFO - 24/01/19 05:20:42 INFO SparkContext: Added JAR file:///home/***/.ivy2/jars/com.typesafe_config-1.4.1.jar at spark://16d1e907211a:33959/jars/com.typesafe_config-1.4.1.jar with timestamp 1705641641839
[2024-01-19T05:20:42.941+0000] {spark_submit.py:571} INFO - 24/01/19 05:20:42 INFO SparkContext: Added JAR file:///home/***/.ivy2/jars/org.slf4j_slf4j-api-1.7.26.jar at spark://16d1e907211a:33959/jars/org.slf4j_slf4j-api-1.7.26.jar with timestamp 1705641641839
[2024-01-19T05:20:42.941+0000] {spark_submit.py:571} INFO - 24/01/19 05:20:42 INFO SparkContext: Added JAR file:///home/***/.ivy2/jars/io.dropwizard.metrics_metrics-core-4.1.18.jar at spark://16d1e907211a:33959/jars/io.dropwizard.metrics_metrics-core-4.1.18.jar with timestamp 1705641641839
[2024-01-19T05:20:42.941+0000] {spark_submit.py:571} INFO - 24/01/19 05:20:42 INFO SparkContext: Added JAR file:///home/***/.ivy2/jars/org.hdrhistogram_HdrHistogram-2.1.12.jar at spark://16d1e907211a:33959/jars/org.hdrhistogram_HdrHistogram-2.1.12.jar with timestamp 1705641641839
[2024-01-19T05:20:42.941+0000] {spark_submit.py:571} INFO - 24/01/19 05:20:42 INFO SparkContext: Added JAR file:///home/***/.ivy2/jars/org.reactivestreams_reactive-streams-1.0.3.jar at spark://16d1e907211a:33959/jars/org.reactivestreams_reactive-streams-1.0.3.jar with timestamp 1705641641839
[2024-01-19T05:20:42.941+0000] {spark_submit.py:571} INFO - 24/01/19 05:20:42 INFO SparkContext: Added JAR file:///home/***/.ivy2/jars/com.github.stephenc.jcip_jcip-annotations-1.0-1.jar at spark://16d1e907211a:33959/jars/com.github.stephenc.jcip_jcip-annotations-1.0-1.jar with timestamp 1705641641839
[2024-01-19T05:20:42.942+0000] {spark_submit.py:571} INFO - 24/01/19 05:20:42 INFO SparkContext: Added JAR file:///home/***/.ivy2/jars/com.github.spotbugs_spotbugs-annotations-3.1.12.jar at spark://16d1e907211a:33959/jars/com.github.spotbugs_spotbugs-annotations-3.1.12.jar with timestamp 1705641641839
[2024-01-19T05:20:42.942+0000] {spark_submit.py:571} INFO - 24/01/19 05:20:42 INFO SparkContext: Added JAR file:///home/***/.ivy2/jars/com.google.code.findbugs_jsr305-3.0.2.jar at spark://16d1e907211a:33959/jars/com.google.code.findbugs_jsr305-3.0.2.jar with timestamp 1705641641839
[2024-01-19T05:20:42.942+0000] {spark_submit.py:571} INFO - 24/01/19 05:20:42 INFO SparkContext: Added JAR file:///home/***/.ivy2/jars/com.datastax.oss_java-driver-query-builder-4.13.0.jar at spark://16d1e907211a:33959/jars/com.datastax.oss_java-driver-query-builder-4.13.0.jar with timestamp 1705641641839
[2024-01-19T05:20:42.945+0000] {spark_submit.py:571} INFO - 24/01/19 05:20:42 INFO SparkContext: Added file file:///home/***/.ivy2/jars/com.datastax.spark_spark-cassandra-connector_2.12-3.4.1.jar at spark://16d1e907211a:33959/files/com.datastax.spark_spark-cassandra-connector_2.12-3.4.1.jar with timestamp 1705641641839
[2024-01-19T05:20:42.947+0000] {spark_submit.py:571} INFO - 24/01/19 05:20:42 INFO Utils: Copying /home/***/.ivy2/jars/com.datastax.spark_spark-cassandra-connector_2.12-3.4.1.jar to /tmp/spark-4a4bf9d0-94c0-40d9-9465-ba77b9700945/userFiles-5d8209ab-7333-477f-b211-e4ace21bae08/com.datastax.spark_spark-cassandra-connector_2.12-3.4.1.jar
[2024-01-19T05:20:42.972+0000] {spark_submit.py:571} INFO - 24/01/19 05:20:42 INFO SparkContext: Added file file:///home/***/.ivy2/jars/com.datastax.spark_spark-cassandra-connector-driver_2.12-3.4.1.jar at spark://16d1e907211a:33959/files/com.datastax.spark_spark-cassandra-connector-driver_2.12-3.4.1.jar with timestamp 1705641641839
[2024-01-19T05:20:42.973+0000] {spark_submit.py:571} INFO - 24/01/19 05:20:42 INFO Utils: Copying /home/***/.ivy2/jars/com.datastax.spark_spark-cassandra-connector-driver_2.12-3.4.1.jar to /tmp/spark-4a4bf9d0-94c0-40d9-9465-ba77b9700945/userFiles-5d8209ab-7333-477f-b211-e4ace21bae08/com.datastax.spark_spark-cassandra-connector-driver_2.12-3.4.1.jar
[2024-01-19T05:20:42.983+0000] {spark_submit.py:571} INFO - 24/01/19 05:20:42 INFO SparkContext: Added file file:///home/***/.ivy2/jars/org.scala-lang.modules_scala-collection-compat_2.12-2.11.0.jar at spark://16d1e907211a:33959/files/org.scala-lang.modules_scala-collection-compat_2.12-2.11.0.jar with timestamp 1705641641839
[2024-01-19T05:20:42.985+0000] {spark_submit.py:571} INFO - 24/01/19 05:20:42 INFO Utils: Copying /home/***/.ivy2/jars/org.scala-lang.modules_scala-collection-compat_2.12-2.11.0.jar to /tmp/spark-4a4bf9d0-94c0-40d9-9465-ba77b9700945/userFiles-5d8209ab-7333-477f-b211-e4ace21bae08/org.scala-lang.modules_scala-collection-compat_2.12-2.11.0.jar
[2024-01-19T05:20:42.991+0000] {spark_submit.py:571} INFO - 24/01/19 05:20:42 INFO SparkContext: Added file file:///home/***/.ivy2/jars/com.datastax.oss_java-driver-core-shaded-4.13.0.jar at spark://16d1e907211a:33959/files/com.datastax.oss_java-driver-core-shaded-4.13.0.jar with timestamp 1705641641839
[2024-01-19T05:20:42.991+0000] {spark_submit.py:571} INFO - 24/01/19 05:20:42 INFO Utils: Copying /home/***/.ivy2/jars/com.datastax.oss_java-driver-core-shaded-4.13.0.jar to /tmp/spark-4a4bf9d0-94c0-40d9-9465-ba77b9700945/userFiles-5d8209ab-7333-477f-b211-e4ace21bae08/com.datastax.oss_java-driver-core-shaded-4.13.0.jar
[2024-01-19T05:20:43.026+0000] {spark_submit.py:571} INFO - 24/01/19 05:20:43 INFO SparkContext: Added file file:///home/***/.ivy2/jars/com.datastax.oss_java-driver-mapper-runtime-4.13.0.jar at spark://16d1e907211a:33959/files/com.datastax.oss_java-driver-mapper-runtime-4.13.0.jar with timestamp 1705641641839
[2024-01-19T05:20:43.026+0000] {spark_submit.py:571} INFO - 24/01/19 05:20:43 INFO Utils: Copying /home/***/.ivy2/jars/com.datastax.oss_java-driver-mapper-runtime-4.13.0.jar to /tmp/spark-4a4bf9d0-94c0-40d9-9465-ba77b9700945/userFiles-5d8209ab-7333-477f-b211-e4ace21bae08/com.datastax.oss_java-driver-mapper-runtime-4.13.0.jar
[2024-01-19T05:20:43.031+0000] {spark_submit.py:571} INFO - 24/01/19 05:20:43 INFO SparkContext: Added file file:///home/***/.ivy2/jars/org.apache.commons_commons-lang3-3.10.jar at spark://16d1e907211a:33959/files/org.apache.commons_commons-lang3-3.10.jar with timestamp 1705641641839
[2024-01-19T05:20:43.032+0000] {spark_submit.py:571} INFO - 24/01/19 05:20:43 INFO Utils: Copying /home/***/.ivy2/jars/org.apache.commons_commons-lang3-3.10.jar to /tmp/spark-4a4bf9d0-94c0-40d9-9465-ba77b9700945/userFiles-5d8209ab-7333-477f-b211-e4ace21bae08/org.apache.commons_commons-lang3-3.10.jar
[2024-01-19T05:20:43.040+0000] {spark_submit.py:571} INFO - 24/01/19 05:20:43 INFO SparkContext: Added file file:///home/***/.ivy2/jars/com.thoughtworks.paranamer_paranamer-2.8.jar at spark://16d1e907211a:33959/files/com.thoughtworks.paranamer_paranamer-2.8.jar with timestamp 1705641641839
[2024-01-19T05:20:43.040+0000] {spark_submit.py:571} INFO - 24/01/19 05:20:43 INFO Utils: Copying /home/***/.ivy2/jars/com.thoughtworks.paranamer_paranamer-2.8.jar to /tmp/spark-4a4bf9d0-94c0-40d9-9465-ba77b9700945/userFiles-5d8209ab-7333-477f-b211-e4ace21bae08/com.thoughtworks.paranamer_paranamer-2.8.jar
[2024-01-19T05:20:43.045+0000] {spark_submit.py:571} INFO - 24/01/19 05:20:43 INFO SparkContext: Added file file:///home/***/.ivy2/jars/org.scala-lang_scala-reflect-2.12.11.jar at spark://16d1e907211a:33959/files/org.scala-lang_scala-reflect-2.12.11.jar with timestamp 1705641641839
[2024-01-19T05:20:43.045+0000] {spark_submit.py:571} INFO - 24/01/19 05:20:43 INFO Utils: Copying /home/***/.ivy2/jars/org.scala-lang_scala-reflect-2.12.11.jar to /tmp/spark-4a4bf9d0-94c0-40d9-9465-ba77b9700945/userFiles-5d8209ab-7333-477f-b211-e4ace21bae08/org.scala-lang_scala-reflect-2.12.11.jar
[2024-01-19T05:20:43.064+0000] {spark_submit.py:571} INFO - 24/01/19 05:20:43 INFO SparkContext: Added file file:///home/***/.ivy2/jars/com.datastax.oss_native-protocol-1.5.0.jar at spark://16d1e907211a:33959/files/com.datastax.oss_native-protocol-1.5.0.jar with timestamp 1705641641839
[2024-01-19T05:20:43.065+0000] {spark_submit.py:571} INFO - 24/01/19 05:20:43 INFO Utils: Copying /home/***/.ivy2/jars/com.datastax.oss_native-protocol-1.5.0.jar to /tmp/spark-4a4bf9d0-94c0-40d9-9465-ba77b9700945/userFiles-5d8209ab-7333-477f-b211-e4ace21bae08/com.datastax.oss_native-protocol-1.5.0.jar
[2024-01-19T05:20:43.071+0000] {spark_submit.py:571} INFO - 24/01/19 05:20:43 INFO SparkContext: Added file file:///home/***/.ivy2/jars/com.datastax.oss_java-driver-shaded-guava-25.1-jre-graal-sub-1.jar at spark://16d1e907211a:33959/files/com.datastax.oss_java-driver-shaded-guava-25.1-jre-graal-sub-1.jar with timestamp 1705641641839
[2024-01-19T05:20:43.072+0000] {spark_submit.py:571} INFO - 24/01/19 05:20:43 INFO Utils: Copying /home/***/.ivy2/jars/com.datastax.oss_java-driver-shaded-guava-25.1-jre-graal-sub-1.jar to /tmp/spark-4a4bf9d0-94c0-40d9-9465-ba77b9700945/userFiles-5d8209ab-7333-477f-b211-e4ace21bae08/com.datastax.oss_java-driver-shaded-guava-25.1-jre-graal-sub-1.jar
[2024-01-19T05:20:43.086+0000] {spark_submit.py:571} INFO - 24/01/19 05:20:43 INFO SparkContext: Added file file:///home/***/.ivy2/jars/com.typesafe_config-1.4.1.jar at spark://16d1e907211a:33959/files/com.typesafe_config-1.4.1.jar with timestamp 1705641641839
[2024-01-19T05:20:43.086+0000] {spark_submit.py:571} INFO - 24/01/19 05:20:43 INFO Utils: Copying /home/***/.ivy2/jars/com.typesafe_config-1.4.1.jar to /tmp/spark-4a4bf9d0-94c0-40d9-9465-ba77b9700945/userFiles-5d8209ab-7333-477f-b211-e4ace21bae08/com.typesafe_config-1.4.1.jar
[2024-01-19T05:20:43.092+0000] {spark_submit.py:571} INFO - 24/01/19 05:20:43 INFO SparkContext: Added file file:///home/***/.ivy2/jars/org.slf4j_slf4j-api-1.7.26.jar at spark://16d1e907211a:33959/files/org.slf4j_slf4j-api-1.7.26.jar with timestamp 1705641641839
[2024-01-19T05:20:43.093+0000] {spark_submit.py:571} INFO - 24/01/19 05:20:43 INFO Utils: Copying /home/***/.ivy2/jars/org.slf4j_slf4j-api-1.7.26.jar to /tmp/spark-4a4bf9d0-94c0-40d9-9465-ba77b9700945/userFiles-5d8209ab-7333-477f-b211-e4ace21bae08/org.slf4j_slf4j-api-1.7.26.jar
[2024-01-19T05:20:43.097+0000] {spark_submit.py:571} INFO - 24/01/19 05:20:43 INFO SparkContext: Added file file:///home/***/.ivy2/jars/io.dropwizard.metrics_metrics-core-4.1.18.jar at spark://16d1e907211a:33959/files/io.dropwizard.metrics_metrics-core-4.1.18.jar with timestamp 1705641641839
[2024-01-19T05:20:43.098+0000] {spark_submit.py:571} INFO - 24/01/19 05:20:43 INFO Utils: Copying /home/***/.ivy2/jars/io.dropwizard.metrics_metrics-core-4.1.18.jar to /tmp/spark-4a4bf9d0-94c0-40d9-9465-ba77b9700945/userFiles-5d8209ab-7333-477f-b211-e4ace21bae08/io.dropwizard.metrics_metrics-core-4.1.18.jar
[2024-01-19T05:20:43.105+0000] {spark_submit.py:571} INFO - 24/01/19 05:20:43 INFO SparkContext: Added file file:///home/***/.ivy2/jars/org.hdrhistogram_HdrHistogram-2.1.12.jar at spark://16d1e907211a:33959/files/org.hdrhistogram_HdrHistogram-2.1.12.jar with timestamp 1705641641839
[2024-01-19T05:20:43.105+0000] {spark_submit.py:571} INFO - 24/01/19 05:20:43 INFO Utils: Copying /home/***/.ivy2/jars/org.hdrhistogram_HdrHistogram-2.1.12.jar to /tmp/spark-4a4bf9d0-94c0-40d9-9465-ba77b9700945/userFiles-5d8209ab-7333-477f-b211-e4ace21bae08/org.hdrhistogram_HdrHistogram-2.1.12.jar
[2024-01-19T05:20:43.110+0000] {spark_submit.py:571} INFO - 24/01/19 05:20:43 INFO SparkContext: Added file file:///home/***/.ivy2/jars/org.reactivestreams_reactive-streams-1.0.3.jar at spark://16d1e907211a:33959/files/org.reactivestreams_reactive-streams-1.0.3.jar with timestamp 1705641641839
[2024-01-19T05:20:43.110+0000] {spark_submit.py:571} INFO - 24/01/19 05:20:43 INFO Utils: Copying /home/***/.ivy2/jars/org.reactivestreams_reactive-streams-1.0.3.jar to /tmp/spark-4a4bf9d0-94c0-40d9-9465-ba77b9700945/userFiles-5d8209ab-7333-477f-b211-e4ace21bae08/org.reactivestreams_reactive-streams-1.0.3.jar
[2024-01-19T05:20:43.114+0000] {spark_submit.py:571} INFO - 24/01/19 05:20:43 INFO SparkContext: Added file file:///home/***/.ivy2/jars/com.github.stephenc.jcip_jcip-annotations-1.0-1.jar at spark://16d1e907211a:33959/files/com.github.stephenc.jcip_jcip-annotations-1.0-1.jar with timestamp 1705641641839
[2024-01-19T05:20:43.115+0000] {spark_submit.py:571} INFO - 24/01/19 05:20:43 INFO Utils: Copying /home/***/.ivy2/jars/com.github.stephenc.jcip_jcip-annotations-1.0-1.jar to /tmp/spark-4a4bf9d0-94c0-40d9-9465-ba77b9700945/userFiles-5d8209ab-7333-477f-b211-e4ace21bae08/com.github.stephenc.jcip_jcip-annotations-1.0-1.jar
[2024-01-19T05:20:43.120+0000] {spark_submit.py:571} INFO - 24/01/19 05:20:43 INFO SparkContext: Added file file:///home/***/.ivy2/jars/com.github.spotbugs_spotbugs-annotations-3.1.12.jar at spark://16d1e907211a:33959/files/com.github.spotbugs_spotbugs-annotations-3.1.12.jar with timestamp 1705641641839
[2024-01-19T05:20:43.121+0000] {spark_submit.py:571} INFO - 24/01/19 05:20:43 INFO Utils: Copying /home/***/.ivy2/jars/com.github.spotbugs_spotbugs-annotations-3.1.12.jar to /tmp/spark-4a4bf9d0-94c0-40d9-9465-ba77b9700945/userFiles-5d8209ab-7333-477f-b211-e4ace21bae08/com.github.spotbugs_spotbugs-annotations-3.1.12.jar
[2024-01-19T05:20:43.127+0000] {spark_submit.py:571} INFO - 24/01/19 05:20:43 INFO SparkContext: Added file file:///home/***/.ivy2/jars/com.google.code.findbugs_jsr305-3.0.2.jar at spark://16d1e907211a:33959/files/com.google.code.findbugs_jsr305-3.0.2.jar with timestamp 1705641641839
[2024-01-19T05:20:43.127+0000] {spark_submit.py:571} INFO - 24/01/19 05:20:43 INFO Utils: Copying /home/***/.ivy2/jars/com.google.code.findbugs_jsr305-3.0.2.jar to /tmp/spark-4a4bf9d0-94c0-40d9-9465-ba77b9700945/userFiles-5d8209ab-7333-477f-b211-e4ace21bae08/com.google.code.findbugs_jsr305-3.0.2.jar
[2024-01-19T05:20:43.132+0000] {spark_submit.py:571} INFO - 24/01/19 05:20:43 INFO SparkContext: Added file file:///home/***/.ivy2/jars/com.datastax.oss_java-driver-query-builder-4.13.0.jar at spark://16d1e907211a:33959/files/com.datastax.oss_java-driver-query-builder-4.13.0.jar with timestamp 1705641641839
[2024-01-19T05:20:43.133+0000] {spark_submit.py:571} INFO - 24/01/19 05:20:43 INFO Utils: Copying /home/***/.ivy2/jars/com.datastax.oss_java-driver-query-builder-4.13.0.jar to /tmp/spark-4a4bf9d0-94c0-40d9-9465-ba77b9700945/userFiles-5d8209ab-7333-477f-b211-e4ace21bae08/com.datastax.oss_java-driver-query-builder-4.13.0.jar
[2024-01-19T05:20:43.247+0000] {spark_submit.py:571} INFO - 24/01/19 05:20:43 INFO StandaloneAppClient$ClientEndpoint: Connecting to master spark://172.18.0.5:7077...
[2024-01-19T05:20:43.311+0000] {spark_submit.py:571} INFO - 24/01/19 05:20:43 INFO TransportClientFactory: Successfully created connection to /172.18.0.5:7077 after 39 ms (0 ms spent in bootstraps)
[2024-01-19T05:20:45.944+0000] {spark_submit.py:571} INFO - 24/01/19 05:20:45 INFO StandaloneSchedulerBackend: Connected to Spark cluster with app ID app-20240119052045-0000
[2024-01-19T05:20:45.957+0000] {spark_submit.py:571} INFO - 24/01/19 05:20:45 INFO Utils: Successfully started service 'org.apache.spark.network.netty.NettyBlockTransferService' on port 44017.
[2024-01-19T05:20:45.957+0000] {spark_submit.py:571} INFO - 24/01/19 05:20:45 INFO NettyBlockTransferService: Server created on 16d1e907211a:44017
[2024-01-19T05:20:45.961+0000] {spark_submit.py:571} INFO - 24/01/19 05:20:45 INFO BlockManager: Using org.apache.spark.storage.RandomBlockReplicationPolicy for block replication policy
[2024-01-19T05:20:45.972+0000] {spark_submit.py:571} INFO - 24/01/19 05:20:45 INFO BlockManagerMaster: Registering BlockManager BlockManagerId(driver, 16d1e907211a, 44017, None)
[2024-01-19T05:20:45.978+0000] {spark_submit.py:571} INFO - 24/01/19 05:20:45 INFO BlockManagerMasterEndpoint: Registering block manager 16d1e907211a:44017 with 434.4 MiB RAM, BlockManagerId(driver, 16d1e907211a, 44017, None)
[2024-01-19T05:20:45.982+0000] {spark_submit.py:571} INFO - 24/01/19 05:20:45 INFO BlockManagerMaster: Registered BlockManager BlockManagerId(driver, 16d1e907211a, 44017, None)
[2024-01-19T05:20:45.984+0000] {spark_submit.py:571} INFO - 24/01/19 05:20:45 INFO BlockManager: Initialized BlockManager: BlockManagerId(driver, 16d1e907211a, 44017, None)
[2024-01-19T05:20:46.232+0000] {spark_submit.py:571} INFO - 24/01/19 05:20:46 INFO StandaloneAppClient$ClientEndpoint: Executor added: app-20240119052045-0000/0 on worker-20240119035654-172.18.0.6-42227 (172.18.0.6:42227) with 2 core(s)
[2024-01-19T05:20:46.238+0000] {spark_submit.py:571} INFO - 24/01/19 05:20:46 INFO StandaloneSchedulerBackend: Granted executor ID app-20240119052045-0000/0 on hostPort 172.18.0.6:42227 with 2 core(s), 1024.0 MiB RAM
[2024-01-19T05:20:46.239+0000] {spark_submit.py:571} INFO - 24/01/19 05:20:46 INFO StandaloneAppClient$ClientEndpoint: Executor added: app-20240119052045-0000/1 on worker-20240119035654-172.18.0.7-33015 (172.18.0.7:33015) with 2 core(s)
[2024-01-19T05:20:46.239+0000] {spark_submit.py:571} INFO - 24/01/19 05:20:46 INFO StandaloneSchedulerBackend: Granted executor ID app-20240119052045-0000/1 on hostPort 172.18.0.7:33015 with 2 core(s), 1024.0 MiB RAM
[2024-01-19T05:20:46.337+0000] {spark_submit.py:571} INFO - 24/01/19 05:20:46 INFO StandaloneSchedulerBackend: SchedulerBackend is ready for scheduling beginning after reached minRegisteredResourcesRatio: 0.0
[2024-01-19T05:20:46.621+0000] {spark_submit.py:571} INFO - WARNING:cassandra.cluster:Cluster.__init__ called with contact_points specified, but no load_balancing_policy. In the next major version, this will raise an error; please specify a load-balancing policy. (contact_points = ['cassandra'], lbp = None)
[2024-01-19T05:20:46.833+0000] {spark_submit.py:571} INFO - WARNING:cassandra.cluster:Downgrading core protocol version from 66 to 65 for 172.18.0.3:9042. To avoid this, it is best practice to explicitly set Cluster(protocol_version) to the version supported by your cluster. http://datastax.github.io/python-driver/api/cassandra/cluster.html#cassandra.cluster.Cluster.protocol_version
[2024-01-19T05:20:46.844+0000] {spark_submit.py:571} INFO - WARNING:cassandra.cluster:Downgrading core protocol version from 65 to 5 for 172.18.0.3:9042. To avoid this, it is best practice to explicitly set Cluster(protocol_version) to the version supported by your cluster. http://datastax.github.io/python-driver/api/cassandra/cluster.html#cassandra.cluster.Cluster.protocol_version
[2024-01-19T05:20:47.278+0000] {spark_submit.py:571} INFO - Keyspace created successfully!
[2024-01-19T05:20:48.951+0000] {spark_submit.py:571} INFO - Table created successfully!
[2024-01-19T05:20:48.952+0000] {spark_submit.py:571} INFO - Charger les données historiques depuis Cassandra
[2024-01-19T05:21:01.479+0000] {spark_submit.py:571} INFO - historical_data :  DataFrame[name: string, date: string, price: string]
[2024-01-19T05:26:54.493+0000] {job.py:219} ERROR - Job heartbeat got an exception
Traceback (most recent call last):
  File "/home/airflow/.local/lib/python3.9/site-packages/sqlalchemy/engine/base.py", line 3371, in _wrap_pool_connect
    return fn()
  File "/home/airflow/.local/lib/python3.9/site-packages/sqlalchemy/pool/base.py", line 327, in connect
    return _ConnectionFairy._checkout(self)
  File "/home/airflow/.local/lib/python3.9/site-packages/sqlalchemy/pool/base.py", line 894, in _checkout
    fairy = _ConnectionRecord.checkout(pool)
  File "/home/airflow/.local/lib/python3.9/site-packages/sqlalchemy/pool/base.py", line 493, in checkout
    rec = pool._do_get()
  File "/home/airflow/.local/lib/python3.9/site-packages/sqlalchemy/pool/impl.py", line 256, in _do_get
    return self._create_connection()
  File "/home/airflow/.local/lib/python3.9/site-packages/sqlalchemy/pool/base.py", line 273, in _create_connection
    return _ConnectionRecord(self)
  File "/home/airflow/.local/lib/python3.9/site-packages/sqlalchemy/pool/base.py", line 388, in __init__
    self.__connect()
  File "/home/airflow/.local/lib/python3.9/site-packages/sqlalchemy/pool/base.py", line 691, in __connect
    pool.logger.debug("Error on connect(): %s", e)
  File "/home/airflow/.local/lib/python3.9/site-packages/sqlalchemy/util/langhelpers.py", line 70, in __exit__
    compat.raise_(
  File "/home/airflow/.local/lib/python3.9/site-packages/sqlalchemy/util/compat.py", line 211, in raise_
    raise exception
  File "/home/airflow/.local/lib/python3.9/site-packages/sqlalchemy/pool/base.py", line 686, in __connect
    self.dbapi_connection = connection = pool._invoke_creator(self)
  File "/home/airflow/.local/lib/python3.9/site-packages/sqlalchemy/engine/create.py", line 574, in connect
    return dialect.connect(*cargs, **cparams)
  File "/home/airflow/.local/lib/python3.9/site-packages/sqlalchemy/engine/default.py", line 598, in connect
    return self.dbapi.connect(*cargs, **cparams)
  File "/home/airflow/.local/lib/python3.9/site-packages/psycopg2/__init__.py", line 122, in connect
    conn = _connect(dsn, connection_factory=connection_factory, **kwasync)
psycopg2.OperationalError: could not translate host name "postgres" to address: Temporary failure in name resolution


The above exception was the direct cause of the following exception:

Traceback (most recent call last):
  File "/home/airflow/.local/lib/python3.9/site-packages/airflow/jobs/job.py", line 190, in heartbeat
    session.merge(self)
  File "/home/airflow/.local/lib/python3.9/site-packages/sqlalchemy/orm/session.py", line 3056, in merge
    return self._merge(
  File "/home/airflow/.local/lib/python3.9/site-packages/sqlalchemy/orm/session.py", line 3136, in _merge
    merged = self.get(
  File "/home/airflow/.local/lib/python3.9/site-packages/sqlalchemy/orm/session.py", line 2853, in get
    return self._get_impl(
  File "/home/airflow/.local/lib/python3.9/site-packages/sqlalchemy/orm/session.py", line 2975, in _get_impl
    return db_load_fn(
  File "/home/airflow/.local/lib/python3.9/site-packages/sqlalchemy/orm/loading.py", line 530, in load_on_pk_identity
    session.execute(
  File "/home/airflow/.local/lib/python3.9/site-packages/sqlalchemy/orm/session.py", line 1716, in execute
    conn = self._connection_for_bind(bind)
  File "/home/airflow/.local/lib/python3.9/site-packages/sqlalchemy/orm/session.py", line 1555, in _connection_for_bind
    return self._transaction._connection_for_bind(
  File "/home/airflow/.local/lib/python3.9/site-packages/sqlalchemy/orm/session.py", line 750, in _connection_for_bind
    conn = bind.connect()
  File "/home/airflow/.local/lib/python3.9/site-packages/sqlalchemy/future/engine.py", line 406, in connect
    return super(Engine, self).connect()
  File "/home/airflow/.local/lib/python3.9/site-packages/sqlalchemy/engine/base.py", line 3325, in connect
    return self._connection_cls(self, close_with_result=close_with_result)
  File "/home/airflow/.local/lib/python3.9/site-packages/sqlalchemy/engine/base.py", line 96, in __init__
    else engine.raw_connection()
  File "/home/airflow/.local/lib/python3.9/site-packages/sqlalchemy/engine/base.py", line 3404, in raw_connection
    return self._wrap_pool_connect(self.pool.connect, _connection)
  File "/home/airflow/.local/lib/python3.9/site-packages/sqlalchemy/engine/base.py", line 3374, in _wrap_pool_connect
    Connection._handle_dbapi_exception_noconnection(
  File "/home/airflow/.local/lib/python3.9/site-packages/sqlalchemy/engine/base.py", line 2208, in _handle_dbapi_exception_noconnection
    util.raise_(
  File "/home/airflow/.local/lib/python3.9/site-packages/sqlalchemy/util/compat.py", line 211, in raise_
    raise exception
  File "/home/airflow/.local/lib/python3.9/site-packages/sqlalchemy/engine/base.py", line 3371, in _wrap_pool_connect
    return fn()
  File "/home/airflow/.local/lib/python3.9/site-packages/sqlalchemy/pool/base.py", line 327, in connect
    return _ConnectionFairy._checkout(self)
  File "/home/airflow/.local/lib/python3.9/site-packages/sqlalchemy/pool/base.py", line 894, in _checkout
    fairy = _ConnectionRecord.checkout(pool)
  File "/home/airflow/.local/lib/python3.9/site-packages/sqlalchemy/pool/base.py", line 493, in checkout
    rec = pool._do_get()
  File "/home/airflow/.local/lib/python3.9/site-packages/sqlalchemy/pool/impl.py", line 256, in _do_get
    return self._create_connection()
  File "/home/airflow/.local/lib/python3.9/site-packages/sqlalchemy/pool/base.py", line 273, in _create_connection
    return _ConnectionRecord(self)
  File "/home/airflow/.local/lib/python3.9/site-packages/sqlalchemy/pool/base.py", line 388, in __init__
    self.__connect()
  File "/home/airflow/.local/lib/python3.9/site-packages/sqlalchemy/pool/base.py", line 691, in __connect
    pool.logger.debug("Error on connect(): %s", e)
  File "/home/airflow/.local/lib/python3.9/site-packages/sqlalchemy/util/langhelpers.py", line 70, in __exit__
    compat.raise_(
  File "/home/airflow/.local/lib/python3.9/site-packages/sqlalchemy/util/compat.py", line 211, in raise_
    raise exception
  File "/home/airflow/.local/lib/python3.9/site-packages/sqlalchemy/pool/base.py", line 686, in __connect
    self.dbapi_connection = connection = pool._invoke_creator(self)
  File "/home/airflow/.local/lib/python3.9/site-packages/sqlalchemy/engine/create.py", line 574, in connect
    return dialect.connect(*cargs, **cparams)
  File "/home/airflow/.local/lib/python3.9/site-packages/sqlalchemy/engine/default.py", line 598, in connect
    return self.dbapi.connect(*cargs, **cparams)
  File "/home/airflow/.local/lib/python3.9/site-packages/psycopg2/__init__.py", line 122, in connect
    conn = _connect(dsn, connection_factory=connection_factory, **kwasync)
sqlalchemy.exc.OperationalError: (psycopg2.OperationalError) could not translate host name "postgres" to address: Temporary failure in name resolution

(Background on this error at: https://sqlalche.me/e/14/e3q8)
