[2024-01-18T23:56:02.745+0000] {taskinstance.py:1159} INFO - Dependencies all met for dep_context=non-requeueable deps ti=<TaskInstance: bitcoin_data_batch_processing.submit_spark_job scheduled__2024-01-17T23:56:00+00:00 [queued]>
[2024-01-18T23:56:02.753+0000] {taskinstance.py:1159} INFO - Dependencies all met for dep_context=requeueable deps ti=<TaskInstance: bitcoin_data_batch_processing.submit_spark_job scheduled__2024-01-17T23:56:00+00:00 [queued]>
[2024-01-18T23:56:02.754+0000] {taskinstance.py:1361} INFO - Starting attempt 1 of 1
[2024-01-18T23:56:02.769+0000] {taskinstance.py:1382} INFO - Executing <Task(SparkSubmitOperator): submit_spark_job> on 2024-01-17 23:56:00+00:00
[2024-01-18T23:56:02.772+0000] {standard_task_runner.py:57} INFO - Started process 5989 to run task
[2024-01-18T23:56:02.775+0000] {standard_task_runner.py:84} INFO - Running: ['***', 'tasks', 'run', 'bitcoin_data_batch_processing', 'submit_spark_job', 'scheduled__2024-01-17T23:56:00+00:00', '--job-id', '44', '--raw', '--subdir', 'DAGS_FOLDER/BatchLayer_dag.py', '--cfg-path', '/tmp/tmp799i42v_']
[2024-01-18T23:56:02.776+0000] {standard_task_runner.py:85} INFO - Job 44: Subtask submit_spark_job
[2024-01-18T23:56:02.844+0000] {task_command.py:415} INFO - Running <TaskInstance: bitcoin_data_batch_processing.submit_spark_job scheduled__2024-01-17T23:56:00+00:00 [running]> on host 36e53310e6a3
[2024-01-18T23:56:02.938+0000] {taskinstance.py:1660} INFO - Exporting env vars: AIRFLOW_CTX_DAG_OWNER='***' AIRFLOW_CTX_DAG_ID='bitcoin_data_batch_processing' AIRFLOW_CTX_TASK_ID='submit_spark_job' AIRFLOW_CTX_EXECUTION_DATE='2024-01-17T23:56:00+00:00' AIRFLOW_CTX_TRY_NUMBER='1' AIRFLOW_CTX_DAG_RUN_ID='scheduled__2024-01-17T23:56:00+00:00'
[2024-01-18T23:56:02.950+0000] {base.py:73} INFO - Using connection ID 'spark_default' for task execution.
[2024-01-18T23:56:02.951+0000] {spark_submit.py:401} INFO - Spark-Submit cmd: spark-submit --master spark://172.29.0.5:7077 --packages com.datastax.spark:spark-cassandra-connector_2.12:3.4.1, org.apache.spark:spark-sql-kafka-0-10_2.12:3.4.1 --name arrow-spark --queue root.default --deploy-mode client /opt/***/dags/spark_batch.py
[2024-01-18T23:56:03.082+0000] {spark_submit.py:571} INFO - /home/***/.local/lib/python3.9/site-packages/pyspark/bin/load-spark-env.sh: line 68: ps: command not found
[2024-01-18T23:56:04.679+0000] {spark_submit.py:571} INFO - :: loading settings :: url = jar:file:/home/***/.local/lib/python3.9/site-packages/pyspark/jars/ivy-2.5.1.jar!/org/apache/ivy/core/settings/ivysettings.xml
[2024-01-18T23:56:04.782+0000] {spark_submit.py:571} INFO - Ivy Default Cache set to: /home/***/.ivy2/cache
[2024-01-18T23:56:04.782+0000] {spark_submit.py:571} INFO - The jars for the packages stored in: /home/***/.ivy2/jars
[2024-01-18T23:56:04.786+0000] {spark_submit.py:571} INFO - com.datastax.spark#spark-cassandra-connector_2.12 added as a dependency
[2024-01-18T23:56:04.786+0000] {spark_submit.py:571} INFO - org.apache.spark#spark-sql-kafka-0-10_2.12 added as a dependency
[2024-01-18T23:56:04.787+0000] {spark_submit.py:571} INFO - :: resolving dependencies :: org.apache.spark#spark-submit-parent-2f2b4e05-f84b-4e1e-8ee8-a7479ad2b751;1.0
[2024-01-18T23:56:04.787+0000] {spark_submit.py:571} INFO - confs: [default]
[2024-01-18T23:56:04.872+0000] {spark_submit.py:571} INFO - found com.datastax.spark#spark-cassandra-connector_2.12;3.4.1 in central
[2024-01-18T23:56:04.899+0000] {spark_submit.py:571} INFO - found com.datastax.spark#spark-cassandra-connector-driver_2.12;3.4.1 in central
[2024-01-18T23:56:04.923+0000] {spark_submit.py:571} INFO - found org.scala-lang.modules#scala-collection-compat_2.12;2.11.0 in central
[2024-01-18T23:56:04.965+0000] {spark_submit.py:571} INFO - found com.datastax.oss#java-driver-core-shaded;4.13.0 in central
[2024-01-18T23:56:04.999+0000] {spark_submit.py:571} INFO - found com.datastax.oss#native-protocol;1.5.0 in central
[2024-01-18T23:56:05.027+0000] {spark_submit.py:571} INFO - found com.datastax.oss#java-driver-shaded-guava;25.1-jre-graal-sub-1 in central
[2024-01-18T23:56:05.049+0000] {spark_submit.py:571} INFO - found com.typesafe#config;1.4.1 in central
[2024-01-18T23:56:05.066+0000] {spark_submit.py:571} INFO - found org.slf4j#slf4j-api;1.7.26 in central
[2024-01-18T23:56:05.086+0000] {spark_submit.py:571} INFO - found io.dropwizard.metrics#metrics-core;4.1.18 in central
[2024-01-18T23:56:05.107+0000] {spark_submit.py:571} INFO - found org.hdrhistogram#HdrHistogram;2.1.12 in central
[2024-01-18T23:56:05.119+0000] {spark_submit.py:571} INFO - found org.reactivestreams#reactive-streams;1.0.3 in central
[2024-01-18T23:56:05.130+0000] {spark_submit.py:571} INFO - found com.github.stephenc.jcip#jcip-annotations;1.0-1 in central
[2024-01-18T23:56:05.144+0000] {spark_submit.py:571} INFO - found com.github.spotbugs#spotbugs-annotations;3.1.12 in central
[2024-01-18T23:56:05.159+0000] {spark_submit.py:571} INFO - found com.google.code.findbugs#jsr305;3.0.2 in central
[2024-01-18T23:56:05.189+0000] {spark_submit.py:571} INFO - found com.datastax.oss#java-driver-mapper-runtime;4.13.0 in central
[2024-01-18T23:56:05.206+0000] {spark_submit.py:571} INFO - found com.datastax.oss#java-driver-query-builder;4.13.0 in central
[2024-01-18T23:56:05.224+0000] {spark_submit.py:571} INFO - found org.apache.commons#commons-lang3;3.10 in central
[2024-01-18T23:56:05.235+0000] {spark_submit.py:571} INFO - found com.thoughtworks.paranamer#paranamer;2.8 in central
[2024-01-18T23:56:05.247+0000] {spark_submit.py:571} INFO - found org.scala-lang#scala-reflect;2.12.11 in central
[2024-01-18T23:56:06.996+0000] {spark_submit.py:571} INFO - :: resolution report :: resolve 2196ms :: artifacts dl 13ms
[2024-01-18T23:56:06.996+0000] {spark_submit.py:571} INFO - :: modules in use:
[2024-01-18T23:56:06.997+0000] {spark_submit.py:571} INFO - com.datastax.oss#java-driver-core-shaded;4.13.0 from central in [default]
[2024-01-18T23:56:06.997+0000] {spark_submit.py:571} INFO - com.datastax.oss#java-driver-mapper-runtime;4.13.0 from central in [default]
[2024-01-18T23:56:06.997+0000] {spark_submit.py:571} INFO - com.datastax.oss#java-driver-query-builder;4.13.0 from central in [default]
[2024-01-18T23:56:06.997+0000] {spark_submit.py:571} INFO - com.datastax.oss#java-driver-shaded-guava;25.1-jre-graal-sub-1 from central in [default]
[2024-01-18T23:56:06.997+0000] {spark_submit.py:571} INFO - com.datastax.oss#native-protocol;1.5.0 from central in [default]
[2024-01-18T23:56:06.997+0000] {spark_submit.py:571} INFO - com.datastax.spark#spark-cassandra-connector-driver_2.12;3.4.1 from central in [default]
[2024-01-18T23:56:06.997+0000] {spark_submit.py:571} INFO - com.datastax.spark#spark-cassandra-connector_2.12;3.4.1 from central in [default]
[2024-01-18T23:56:06.997+0000] {spark_submit.py:571} INFO - com.github.spotbugs#spotbugs-annotations;3.1.12 from central in [default]
[2024-01-18T23:56:06.997+0000] {spark_submit.py:571} INFO - com.github.stephenc.jcip#jcip-annotations;1.0-1 from central in [default]
[2024-01-18T23:56:06.997+0000] {spark_submit.py:571} INFO - com.google.code.findbugs#jsr305;3.0.2 from central in [default]
[2024-01-18T23:56:06.997+0000] {spark_submit.py:571} INFO - com.thoughtworks.paranamer#paranamer;2.8 from central in [default]
[2024-01-18T23:56:06.998+0000] {spark_submit.py:571} INFO - com.typesafe#config;1.4.1 from central in [default]
[2024-01-18T23:56:06.998+0000] {spark_submit.py:571} INFO - io.dropwizard.metrics#metrics-core;4.1.18 from central in [default]
[2024-01-18T23:56:06.998+0000] {spark_submit.py:571} INFO - org.apache.commons#commons-lang3;3.10 from central in [default]
[2024-01-18T23:56:06.998+0000] {spark_submit.py:571} INFO - org.hdrhistogram#HdrHistogram;2.1.12 from central in [default]
[2024-01-18T23:56:06.998+0000] {spark_submit.py:571} INFO - org.reactivestreams#reactive-streams;1.0.3 from central in [default]
[2024-01-18T23:56:06.998+0000] {spark_submit.py:571} INFO - org.scala-lang#scala-reflect;2.12.11 from central in [default]
[2024-01-18T23:56:06.998+0000] {spark_submit.py:571} INFO - org.scala-lang.modules#scala-collection-compat_2.12;2.11.0 from central in [default]
[2024-01-18T23:56:06.998+0000] {spark_submit.py:571} INFO - org.slf4j#slf4j-api;1.7.26 from central in [default]
[2024-01-18T23:56:06.998+0000] {spark_submit.py:571} INFO - ---------------------------------------------------------------------
[2024-01-18T23:56:06.998+0000] {spark_submit.py:571} INFO - |                  |            modules            ||   artifacts   |
[2024-01-18T23:56:06.998+0000] {spark_submit.py:571} INFO - |       conf       | number| search|dwnlded|evicted|| number|dwnlded|
[2024-01-18T23:56:06.999+0000] {spark_submit.py:571} INFO - ---------------------------------------------------------------------
[2024-01-18T23:56:06.999+0000] {spark_submit.py:571} INFO - |      default     |   20  |   0   |   0   |   0   ||   19  |   0   |
[2024-01-18T23:56:06.999+0000] {spark_submit.py:571} INFO - ---------------------------------------------------------------------
[2024-01-18T23:56:07.002+0000] {spark_submit.py:571} INFO - 
[2024-01-18T23:56:07.003+0000] {spark_submit.py:571} INFO - :: problems summary ::
[2024-01-18T23:56:07.003+0000] {spark_submit.py:571} INFO - :::: WARNINGS
[2024-01-18T23:56:07.003+0000] {spark_submit.py:571} INFO - module not found:  org.apache.spark#spark-sql-kafka-0-10_2.12;3.4.1
[2024-01-18T23:56:07.003+0000] {spark_submit.py:571} INFO - 
[2024-01-18T23:56:07.003+0000] {spark_submit.py:571} INFO - ==== local-m2-cache: tried
[2024-01-18T23:56:07.003+0000] {spark_submit.py:571} INFO - 
[2024-01-18T23:56:07.003+0000] {spark_submit.py:571} INFO - file:/home/***/.m2/repository/ org/apache/spark/spark-sql-kafka-0-10_2.12/3.4.1/spark-sql-kafka-0-10_2.12-3.4.1.pom
[2024-01-18T23:56:07.004+0000] {spark_submit.py:571} INFO - 
[2024-01-18T23:56:07.004+0000] {spark_submit.py:571} INFO - -- artifact  org.apache.spark#spark-sql-kafka-0-10_2.12;3.4.1!spark-sql-kafka-0-10_2.12.jar:
[2024-01-18T23:56:07.004+0000] {spark_submit.py:571} INFO - 
[2024-01-18T23:56:07.004+0000] {spark_submit.py:571} INFO - file:/home/***/.m2/repository/ org/apache/spark/spark-sql-kafka-0-10_2.12/3.4.1/spark-sql-kafka-0-10_2.12-3.4.1.jar
[2024-01-18T23:56:07.004+0000] {spark_submit.py:571} INFO - 
[2024-01-18T23:56:07.004+0000] {spark_submit.py:571} INFO - ==== local-ivy-cache: tried
[2024-01-18T23:56:07.004+0000] {spark_submit.py:571} INFO - 
[2024-01-18T23:56:07.004+0000] {spark_submit.py:571} INFO - /home/***/.ivy2/local/ org.apache.spark/spark-sql-kafka-0-10_2.12/3.4.1/ivys/ivy.xml
[2024-01-18T23:56:07.004+0000] {spark_submit.py:571} INFO - 
[2024-01-18T23:56:07.004+0000] {spark_submit.py:571} INFO - -- artifact  org.apache.spark#spark-sql-kafka-0-10_2.12;3.4.1!spark-sql-kafka-0-10_2.12.jar:
[2024-01-18T23:56:07.005+0000] {spark_submit.py:571} INFO - 
[2024-01-18T23:56:07.005+0000] {spark_submit.py:571} INFO - /home/***/.ivy2/local/ org.apache.spark/spark-sql-kafka-0-10_2.12/3.4.1/jars/spark-sql-kafka-0-10_2.12.jar
[2024-01-18T23:56:07.005+0000] {spark_submit.py:571} INFO - 
[2024-01-18T23:56:07.005+0000] {spark_submit.py:571} INFO - ==== central: tried
[2024-01-18T23:56:07.005+0000] {spark_submit.py:571} INFO - 
[2024-01-18T23:56:07.005+0000] {spark_submit.py:571} INFO - https://repo1.maven.org/maven2/ org/apache/spark/spark-sql-kafka-0-10_2.12/3.4.1/spark-sql-kafka-0-10_2.12-3.4.1.pom
[2024-01-18T23:56:07.005+0000] {spark_submit.py:571} INFO - 
[2024-01-18T23:56:07.005+0000] {spark_submit.py:571} INFO - -- artifact  org.apache.spark#spark-sql-kafka-0-10_2.12;3.4.1!spark-sql-kafka-0-10_2.12.jar:
[2024-01-18T23:56:07.005+0000] {spark_submit.py:571} INFO - 
[2024-01-18T23:56:07.005+0000] {spark_submit.py:571} INFO - https://repo1.maven.org/maven2/ org/apache/spark/spark-sql-kafka-0-10_2.12/3.4.1/spark-sql-kafka-0-10_2.12-3.4.1.jar
[2024-01-18T23:56:07.006+0000] {spark_submit.py:571} INFO - 
[2024-01-18T23:56:07.006+0000] {spark_submit.py:571} INFO - ==== spark-packages: tried
[2024-01-18T23:56:07.006+0000] {spark_submit.py:571} INFO - 
[2024-01-18T23:56:07.006+0000] {spark_submit.py:571} INFO - https://repos.spark-packages.org/ org/apache/spark/spark-sql-kafka-0-10_2.12/3.4.1/spark-sql-kafka-0-10_2.12-3.4.1.pom
[2024-01-18T23:56:07.006+0000] {spark_submit.py:571} INFO - 
[2024-01-18T23:56:07.006+0000] {spark_submit.py:571} INFO - -- artifact  org.apache.spark#spark-sql-kafka-0-10_2.12;3.4.1!spark-sql-kafka-0-10_2.12.jar:
[2024-01-18T23:56:07.006+0000] {spark_submit.py:571} INFO - 
[2024-01-18T23:56:07.006+0000] {spark_submit.py:571} INFO - https://repos.spark-packages.org/ org/apache/spark/spark-sql-kafka-0-10_2.12/3.4.1/spark-sql-kafka-0-10_2.12-3.4.1.jar
[2024-01-18T23:56:07.006+0000] {spark_submit.py:571} INFO - 
[2024-01-18T23:56:07.006+0000] {spark_submit.py:571} INFO - ::::::::::::::::::::::::::::::::::::::::::::::
[2024-01-18T23:56:07.006+0000] {spark_submit.py:571} INFO - 
[2024-01-18T23:56:07.007+0000] {spark_submit.py:571} INFO - ::          UNRESOLVED DEPENDENCIES         ::
[2024-01-18T23:56:07.007+0000] {spark_submit.py:571} INFO - 
[2024-01-18T23:56:07.007+0000] {spark_submit.py:571} INFO - ::::::::::::::::::::::::::::::::::::::::::::::
[2024-01-18T23:56:07.007+0000] {spark_submit.py:571} INFO - 
[2024-01-18T23:56:07.007+0000] {spark_submit.py:571} INFO - ::  org.apache.spark#spark-sql-kafka-0-10_2.12;3.4.1: not found
[2024-01-18T23:56:07.007+0000] {spark_submit.py:571} INFO - 
[2024-01-18T23:56:07.007+0000] {spark_submit.py:571} INFO - ::::::::::::::::::::::::::::::::::::::::::::::
[2024-01-18T23:56:07.007+0000] {spark_submit.py:571} INFO - 
[2024-01-18T23:56:07.007+0000] {spark_submit.py:571} INFO - 
[2024-01-18T23:56:07.007+0000] {spark_submit.py:571} INFO - 
[2024-01-18T23:56:07.007+0000] {spark_submit.py:571} INFO - :: USE VERBOSE OR DEBUG MESSAGE LEVEL FOR MORE DETAILS
[2024-01-18T23:56:07.007+0000] {spark_submit.py:571} INFO - Exception in thread "main" java.lang.RuntimeException: [unresolved dependency:  org.apache.spark#spark-sql-kafka-0-10_2.12;3.4.1: not found]
[2024-01-18T23:56:07.007+0000] {spark_submit.py:571} INFO - at org.apache.spark.deploy.SparkSubmitUtils$.resolveMavenCoordinates(SparkSubmit.scala:1537)
[2024-01-18T23:56:07.007+0000] {spark_submit.py:571} INFO - at org.apache.spark.util.DependencyUtils$.resolveMavenDependencies(DependencyUtils.scala:185)
[2024-01-18T23:56:07.007+0000] {spark_submit.py:571} INFO - at org.apache.spark.deploy.SparkSubmit.prepareSubmitEnvironment(SparkSubmit.scala:334)
[2024-01-18T23:56:07.007+0000] {spark_submit.py:571} INFO - at org.apache.spark.deploy.SparkSubmit.org$apache$spark$deploy$SparkSubmit$$runMain(SparkSubmit.scala:964)
[2024-01-18T23:56:07.008+0000] {spark_submit.py:571} INFO - at org.apache.spark.deploy.SparkSubmit.doRunMain$1(SparkSubmit.scala:194)
[2024-01-18T23:56:07.008+0000] {spark_submit.py:571} INFO - at org.apache.spark.deploy.SparkSubmit.submit(SparkSubmit.scala:217)
[2024-01-18T23:56:07.008+0000] {spark_submit.py:571} INFO - at org.apache.spark.deploy.SparkSubmit.doSubmit(SparkSubmit.scala:91)
[2024-01-18T23:56:07.008+0000] {spark_submit.py:571} INFO - at org.apache.spark.deploy.SparkSubmit$$anon$2.doSubmit(SparkSubmit.scala:1120)
[2024-01-18T23:56:07.008+0000] {spark_submit.py:571} INFO - at org.apache.spark.deploy.SparkSubmit$.main(SparkSubmit.scala:1129)
[2024-01-18T23:56:07.008+0000] {spark_submit.py:571} INFO - at org.apache.spark.deploy.SparkSubmit.main(SparkSubmit.scala)
[2024-01-18T23:56:07.038+0000] {taskinstance.py:1943} ERROR - Task failed with exception
Traceback (most recent call last):
  File "/home/airflow/.local/lib/python3.9/site-packages/airflow/providers/apache/spark/operators/spark_submit.py", line 174, in execute
    self._hook.submit(self._application)
  File "/home/airflow/.local/lib/python3.9/site-packages/airflow/providers/apache/spark/hooks/spark_submit.py", line 502, in submit
    raise AirflowException(
airflow.exceptions.AirflowException: Cannot execute: spark-submit --master spark://172.29.0.5:7077 --packages com.datastax.spark:spark-cassandra-connector_2.12:3.4.1, org.apache.spark:spark-sql-kafka-0-10_2.12:3.4.1 --name arrow-spark --queue root.default --deploy-mode client /opt/***/dags/spark_batch.py. Error code is: 1.
[2024-01-18T23:56:07.042+0000] {taskinstance.py:1400} INFO - Marking task as FAILED. dag_id=bitcoin_data_batch_processing, task_id=submit_spark_job, execution_date=20240117T235600, start_date=20240118T235602, end_date=20240118T235607
[2024-01-18T23:56:07.057+0000] {standard_task_runner.py:104} ERROR - Failed to execute job 44 for task submit_spark_job (Cannot execute: spark-submit --master spark://172.29.0.5:7077 --packages com.datastax.spark:spark-cassandra-connector_2.12:3.4.1, org.apache.spark:spark-sql-kafka-0-10_2.12:3.4.1 --name arrow-spark --queue root.default --deploy-mode client /opt/***/dags/spark_batch.py. Error code is: 1.; 5989)
[2024-01-18T23:56:07.090+0000] {local_task_job_runner.py:228} INFO - Task exited with return code 1
[2024-01-18T23:56:07.117+0000] {taskinstance.py:2784} INFO - 0 downstream tasks scheduled from follow-on schedule check
[2024-01-18T23:58:53.435+0000] {taskinstance.py:1159} INFO - Dependencies all met for dep_context=non-requeueable deps ti=<TaskInstance: bitcoin_data_batch_processing.submit_spark_job scheduled__2024-01-17T23:56:00+00:00 [queued]>
[2024-01-18T23:58:53.445+0000] {taskinstance.py:1159} INFO - Dependencies all met for dep_context=requeueable deps ti=<TaskInstance: bitcoin_data_batch_processing.submit_spark_job scheduled__2024-01-17T23:56:00+00:00 [queued]>
[2024-01-18T23:58:53.445+0000] {taskinstance.py:1361} INFO - Starting attempt 1 of 1
[2024-01-18T23:58:53.460+0000] {taskinstance.py:1382} INFO - Executing <Task(SparkSubmitOperator): submit_spark_job> on 2024-01-17 23:56:00+00:00
[2024-01-18T23:58:53.467+0000] {standard_task_runner.py:57} INFO - Started process 6387 to run task
[2024-01-18T23:58:53.470+0000] {standard_task_runner.py:84} INFO - Running: ['***', 'tasks', 'run', 'bitcoin_data_batch_processing', 'submit_spark_job', 'scheduled__2024-01-17T23:56:00+00:00', '--job-id', '46', '--raw', '--subdir', 'DAGS_FOLDER/BatchLayer_dag.py', '--cfg-path', '/tmp/tmpcxr58efe']
[2024-01-18T23:58:53.471+0000] {standard_task_runner.py:85} INFO - Job 46: Subtask submit_spark_job
[2024-01-18T23:58:53.535+0000] {task_command.py:415} INFO - Running <TaskInstance: bitcoin_data_batch_processing.submit_spark_job scheduled__2024-01-17T23:56:00+00:00 [running]> on host 36e53310e6a3
[2024-01-18T23:58:53.636+0000] {taskinstance.py:1660} INFO - Exporting env vars: AIRFLOW_CTX_DAG_OWNER='***' AIRFLOW_CTX_DAG_ID='bitcoin_data_batch_processing' AIRFLOW_CTX_TASK_ID='submit_spark_job' AIRFLOW_CTX_EXECUTION_DATE='2024-01-17T23:56:00+00:00' AIRFLOW_CTX_TRY_NUMBER='1' AIRFLOW_CTX_DAG_RUN_ID='scheduled__2024-01-17T23:56:00+00:00'
[2024-01-18T23:58:53.648+0000] {base.py:73} INFO - Using connection ID 'spark_default' for task execution.
[2024-01-18T23:58:53.649+0000] {spark_submit.py:401} INFO - Spark-Submit cmd: spark-submit --master spark://172.29.0.5:7077 --packages com.datastax.spark:spark-cassandra-connector_2.12:3.4.1 --name arrow-spark --queue root.default --deploy-mode client /opt/***/dags/spark_batch.py
[2024-01-18T23:58:53.805+0000] {spark_submit.py:571} INFO - /home/***/.local/lib/python3.9/site-packages/pyspark/bin/load-spark-env.sh: line 68: ps: command not found
[2024-01-18T23:58:56.537+0000] {spark_submit.py:571} INFO - :: loading settings :: url = jar:file:/home/***/.local/lib/python3.9/site-packages/pyspark/jars/ivy-2.5.1.jar!/org/apache/ivy/core/settings/ivysettings.xml
[2024-01-18T23:58:56.675+0000] {spark_submit.py:571} INFO - Ivy Default Cache set to: /home/***/.ivy2/cache
[2024-01-18T23:58:56.675+0000] {spark_submit.py:571} INFO - The jars for the packages stored in: /home/***/.ivy2/jars
[2024-01-18T23:58:56.680+0000] {spark_submit.py:571} INFO - com.datastax.spark#spark-cassandra-connector_2.12 added as a dependency
[2024-01-18T23:58:56.681+0000] {spark_submit.py:571} INFO - :: resolving dependencies :: org.apache.spark#spark-submit-parent-251fb371-1159-402c-9351-729ccefc49f2;1.0
[2024-01-18T23:58:56.681+0000] {spark_submit.py:571} INFO - confs: [default]
[2024-01-18T23:58:56.864+0000] {spark_submit.py:571} INFO - found com.datastax.spark#spark-cassandra-connector_2.12;3.4.1 in central
[2024-01-18T23:58:56.901+0000] {spark_submit.py:571} INFO - found com.datastax.spark#spark-cassandra-connector-driver_2.12;3.4.1 in central
[2024-01-18T23:58:56.943+0000] {spark_submit.py:571} INFO - found org.scala-lang.modules#scala-collection-compat_2.12;2.11.0 in central
[2024-01-18T23:58:56.994+0000] {spark_submit.py:571} INFO - found com.datastax.oss#java-driver-core-shaded;4.13.0 in central
[2024-01-18T23:58:57.043+0000] {spark_submit.py:571} INFO - found com.datastax.oss#native-protocol;1.5.0 in central
[2024-01-18T23:58:57.077+0000] {spark_submit.py:571} INFO - found com.datastax.oss#java-driver-shaded-guava;25.1-jre-graal-sub-1 in central
[2024-01-18T23:58:57.104+0000] {spark_submit.py:571} INFO - found com.typesafe#config;1.4.1 in central
[2024-01-18T23:58:57.139+0000] {spark_submit.py:571} INFO - found org.slf4j#slf4j-api;1.7.26 in central
[2024-01-18T23:58:57.169+0000] {spark_submit.py:571} INFO - found io.dropwizard.metrics#metrics-core;4.1.18 in central
[2024-01-18T23:58:57.195+0000] {spark_submit.py:571} INFO - found org.hdrhistogram#HdrHistogram;2.1.12 in central
[2024-01-18T23:58:57.216+0000] {spark_submit.py:571} INFO - found org.reactivestreams#reactive-streams;1.0.3 in central
[2024-01-18T23:58:57.235+0000] {spark_submit.py:571} INFO - found com.github.stephenc.jcip#jcip-annotations;1.0-1 in central
[2024-01-18T23:58:57.285+0000] {spark_submit.py:571} INFO - found com.github.spotbugs#spotbugs-annotations;3.1.12 in central
[2024-01-18T23:58:57.357+0000] {spark_submit.py:571} INFO - found com.google.code.findbugs#jsr305;3.0.2 in central
[2024-01-18T23:58:57.412+0000] {spark_submit.py:571} INFO - found com.datastax.oss#java-driver-mapper-runtime;4.13.0 in central
[2024-01-18T23:58:57.454+0000] {spark_submit.py:571} INFO - found com.datastax.oss#java-driver-query-builder;4.13.0 in central
[2024-01-18T23:58:57.480+0000] {spark_submit.py:571} INFO - found org.apache.commons#commons-lang3;3.10 in central
[2024-01-18T23:58:57.496+0000] {spark_submit.py:571} INFO - found com.thoughtworks.paranamer#paranamer;2.8 in central
[2024-01-18T23:58:57.513+0000] {spark_submit.py:571} INFO - found org.scala-lang#scala-reflect;2.12.11 in central
[2024-01-18T23:58:57.568+0000] {spark_submit.py:571} INFO - :: resolution report :: resolve 851ms :: artifacts dl 36ms
[2024-01-18T23:58:57.569+0000] {spark_submit.py:571} INFO - :: modules in use:
[2024-01-18T23:58:57.569+0000] {spark_submit.py:571} INFO - com.datastax.oss#java-driver-core-shaded;4.13.0 from central in [default]
[2024-01-18T23:58:57.569+0000] {spark_submit.py:571} INFO - com.datastax.oss#java-driver-mapper-runtime;4.13.0 from central in [default]
[2024-01-18T23:58:57.569+0000] {spark_submit.py:571} INFO - com.datastax.oss#java-driver-query-builder;4.13.0 from central in [default]
[2024-01-18T23:58:57.569+0000] {spark_submit.py:571} INFO - com.datastax.oss#java-driver-shaded-guava;25.1-jre-graal-sub-1 from central in [default]
[2024-01-18T23:58:57.569+0000] {spark_submit.py:571} INFO - com.datastax.oss#native-protocol;1.5.0 from central in [default]
[2024-01-18T23:58:57.569+0000] {spark_submit.py:571} INFO - com.datastax.spark#spark-cassandra-connector-driver_2.12;3.4.1 from central in [default]
[2024-01-18T23:58:57.569+0000] {spark_submit.py:571} INFO - com.datastax.spark#spark-cassandra-connector_2.12;3.4.1 from central in [default]
[2024-01-18T23:58:57.570+0000] {spark_submit.py:571} INFO - com.github.spotbugs#spotbugs-annotations;3.1.12 from central in [default]
[2024-01-18T23:58:57.570+0000] {spark_submit.py:571} INFO - com.github.stephenc.jcip#jcip-annotations;1.0-1 from central in [default]
[2024-01-18T23:58:57.570+0000] {spark_submit.py:571} INFO - com.google.code.findbugs#jsr305;3.0.2 from central in [default]
[2024-01-18T23:58:57.570+0000] {spark_submit.py:571} INFO - com.thoughtworks.paranamer#paranamer;2.8 from central in [default]
[2024-01-18T23:58:57.570+0000] {spark_submit.py:571} INFO - com.typesafe#config;1.4.1 from central in [default]
[2024-01-18T23:58:57.570+0000] {spark_submit.py:571} INFO - io.dropwizard.metrics#metrics-core;4.1.18 from central in [default]
[2024-01-18T23:58:57.570+0000] {spark_submit.py:571} INFO - org.apache.commons#commons-lang3;3.10 from central in [default]
[2024-01-18T23:58:57.570+0000] {spark_submit.py:571} INFO - org.hdrhistogram#HdrHistogram;2.1.12 from central in [default]
[2024-01-18T23:58:57.571+0000] {spark_submit.py:571} INFO - org.reactivestreams#reactive-streams;1.0.3 from central in [default]
[2024-01-18T23:58:57.571+0000] {spark_submit.py:571} INFO - org.scala-lang#scala-reflect;2.12.11 from central in [default]
[2024-01-18T23:58:57.571+0000] {spark_submit.py:571} INFO - org.scala-lang.modules#scala-collection-compat_2.12;2.11.0 from central in [default]
[2024-01-18T23:58:57.571+0000] {spark_submit.py:571} INFO - org.slf4j#slf4j-api;1.7.26 from central in [default]
[2024-01-18T23:58:57.571+0000] {spark_submit.py:571} INFO - ---------------------------------------------------------------------
[2024-01-18T23:58:57.571+0000] {spark_submit.py:571} INFO - |                  |            modules            ||   artifacts   |
[2024-01-18T23:58:57.571+0000] {spark_submit.py:571} INFO - |       conf       | number| search|dwnlded|evicted|| number|dwnlded|
[2024-01-18T23:58:57.571+0000] {spark_submit.py:571} INFO - ---------------------------------------------------------------------
[2024-01-18T23:58:57.571+0000] {spark_submit.py:571} INFO - |      default     |   19  |   0   |   0   |   0   ||   19  |   0   |
[2024-01-18T23:58:57.572+0000] {spark_submit.py:571} INFO - ---------------------------------------------------------------------
[2024-01-18T23:58:57.585+0000] {spark_submit.py:571} INFO - :: retrieving :: org.apache.spark#spark-submit-parent-251fb371-1159-402c-9351-729ccefc49f2
[2024-01-18T23:58:57.586+0000] {spark_submit.py:571} INFO - confs: [default]
[2024-01-18T23:58:57.598+0000] {spark_submit.py:571} INFO - 0 artifacts copied, 19 already retrieved (0kB/13ms)
[2024-01-18T23:58:57.917+0000] {spark_submit.py:571} INFO - 24/01/18 23:58:57 WARN NativeCodeLoader: Unable to load native-hadoop library for your platform... using builtin-java classes where applicable
[2024-01-18T23:59:01.113+0000] {spark_submit.py:571} INFO - 2024-01-18 23:59:01.113245: I tensorflow/core/util/port.cc:113] oneDNN custom operations are on. You may see slightly different numerical results due to floating-point round-off errors from different computation orders. To turn them off, set the environment variable `TF_ENABLE_ONEDNN_OPTS=0`.
[2024-01-18T23:59:01.239+0000] {spark_submit.py:571} INFO - 2024-01-18 23:59:01.238745: I external/local_tsl/tsl/cuda/cudart_stub.cc:31] Could not find cuda drivers on your machine, GPU will not be used.
[2024-01-18T23:59:01.793+0000] {spark_submit.py:571} INFO - 2024-01-18 23:59:01.793277: E external/local_xla/xla/stream_executor/cuda/cuda_dnn.cc:9261] Unable to register cuDNN factory: Attempting to register factory for plugin cuDNN when one has already been registered
[2024-01-18T23:59:01.793+0000] {spark_submit.py:571} INFO - 2024-01-18 23:59:01.793358: E external/local_xla/xla/stream_executor/cuda/cuda_fft.cc:607] Unable to register cuFFT factory: Attempting to register factory for plugin cuFFT when one has already been registered
[2024-01-18T23:59:01.910+0000] {spark_submit.py:571} INFO - 2024-01-18 23:59:01.909994: E external/local_xla/xla/stream_executor/cuda/cuda_blas.cc:1515] Unable to register cuBLAS factory: Attempting to register factory for plugin cuBLAS when one has already been registered
[2024-01-18T23:59:02.158+0000] {spark_submit.py:571} INFO - 2024-01-18 23:59:02.157673: I external/local_tsl/tsl/cuda/cudart_stub.cc:31] Could not find cuda drivers on your machine, GPU will not be used.
[2024-01-18T23:59:02.159+0000] {spark_submit.py:571} INFO - 2024-01-18 23:59:02.159537: I tensorflow/core/platform/cpu_feature_guard.cc:182] This TensorFlow binary is optimized to use available CPU instructions in performance-critical operations.
[2024-01-18T23:59:02.159+0000] {spark_submit.py:571} INFO - To enable the following instructions: AVX2 AVX512F AVX512_VNNI FMA, in other operations, rebuild TensorFlow with the appropriate compiler flags.
[2024-01-18T23:59:04.568+0000] {spark_submit.py:571} INFO - 2024-01-18 23:59:04.567723: W tensorflow/compiler/tf2tensorrt/utils/py_utils.cc:38] TF-TRT Warning: Could not find TensorRT
[2024-01-18T23:59:09.666+0000] {spark_submit.py:571} INFO - 24/01/18 23:59:09 INFO SparkContext: Running Spark version 3.5.0
[2024-01-18T23:59:09.666+0000] {spark_submit.py:571} INFO - 24/01/18 23:59:09 INFO SparkContext: OS info Linux, 5.10.102.1-microsoft-standard-WSL2, amd64
[2024-01-18T23:59:09.667+0000] {spark_submit.py:571} INFO - 24/01/18 23:59:09 INFO SparkContext: Java version 11.0.21
[2024-01-18T23:59:09.704+0000] {spark_submit.py:571} INFO - 24/01/18 23:59:09 INFO ResourceUtils: ==============================================================
[2024-01-18T23:59:09.704+0000] {spark_submit.py:571} INFO - 24/01/18 23:59:09 INFO ResourceUtils: No custom resources configured for spark.driver.
[2024-01-18T23:59:09.704+0000] {spark_submit.py:571} INFO - 24/01/18 23:59:09 INFO ResourceUtils: ==============================================================
[2024-01-18T23:59:09.705+0000] {spark_submit.py:571} INFO - 24/01/18 23:59:09 INFO SparkContext: Submitted application: SparkDataStreaming
[2024-01-18T23:59:09.742+0000] {spark_submit.py:571} INFO - 24/01/18 23:59:09 INFO ResourceProfile: Default ResourceProfile created, executor resources: Map(memory -> name: memory, amount: 1024, script: , vendor: , offHeap -> name: offHeap, amount: 0, script: , vendor: ), task resources: Map(cpus -> name: cpus, amount: 1.0)
[2024-01-18T23:59:09.765+0000] {spark_submit.py:571} INFO - 24/01/18 23:59:09 INFO ResourceProfile: Limiting resource is cpu
[2024-01-18T23:59:09.767+0000] {spark_submit.py:571} INFO - 24/01/18 23:59:09 INFO ResourceProfileManager: Added ResourceProfile id: 0
[2024-01-18T23:59:09.875+0000] {spark_submit.py:571} INFO - 24/01/18 23:59:09 INFO SecurityManager: Changing view acls to: ***
[2024-01-18T23:59:09.875+0000] {spark_submit.py:571} INFO - 24/01/18 23:59:09 INFO SecurityManager: Changing modify acls to: ***
[2024-01-18T23:59:09.876+0000] {spark_submit.py:571} INFO - 24/01/18 23:59:09 INFO SecurityManager: Changing view acls groups to:
[2024-01-18T23:59:09.876+0000] {spark_submit.py:571} INFO - 24/01/18 23:59:09 INFO SecurityManager: Changing modify acls groups to:
[2024-01-18T23:59:09.877+0000] {spark_submit.py:571} INFO - 24/01/18 23:59:09 INFO SecurityManager: SecurityManager: authentication disabled; ui acls disabled; users with view permissions: ***; groups with view permissions: EMPTY; users with modify permissions: ***; groups with modify permissions: EMPTY
[2024-01-18T23:59:10.237+0000] {spark_submit.py:571} INFO - 24/01/18 23:59:10 INFO Utils: Successfully started service 'sparkDriver' on port 44831.
[2024-01-18T23:59:10.290+0000] {spark_submit.py:571} INFO - 24/01/18 23:59:10 INFO SparkEnv: Registering MapOutputTracker
[2024-01-18T23:59:10.360+0000] {spark_submit.py:571} INFO - 24/01/18 23:59:10 INFO SparkEnv: Registering BlockManagerMaster
[2024-01-18T23:59:10.392+0000] {spark_submit.py:571} INFO - 24/01/18 23:59:10 INFO BlockManagerMasterEndpoint: Using org.apache.spark.storage.DefaultTopologyMapper for getting topology information
[2024-01-18T23:59:10.393+0000] {spark_submit.py:571} INFO - 24/01/18 23:59:10 INFO BlockManagerMasterEndpoint: BlockManagerMasterEndpoint up
[2024-01-18T23:59:10.408+0000] {spark_submit.py:571} INFO - 24/01/18 23:59:10 INFO SparkEnv: Registering BlockManagerMasterHeartbeat
[2024-01-18T23:59:10.462+0000] {spark_submit.py:571} INFO - 24/01/18 23:59:10 INFO DiskBlockManager: Created local directory at /tmp/blockmgr-6bcfb391-0a6f-4ca7-9172-2b0b8e8af74b
[2024-01-18T23:59:10.485+0000] {spark_submit.py:571} INFO - 24/01/18 23:59:10 INFO MemoryStore: MemoryStore started with capacity 434.4 MiB
[2024-01-18T23:59:10.512+0000] {spark_submit.py:571} INFO - 24/01/18 23:59:10 INFO SparkEnv: Registering OutputCommitCoordinator
[2024-01-18T23:59:10.754+0000] {spark_submit.py:571} INFO - 24/01/18 23:59:10 INFO JettyUtils: Start Jetty 0.0.0.0:4040 for SparkUI
[2024-01-18T23:59:10.875+0000] {spark_submit.py:571} INFO - 24/01/18 23:59:10 INFO Utils: Successfully started service 'SparkUI' on port 4040.
[2024-01-18T23:59:10.932+0000] {spark_submit.py:571} INFO - 24/01/18 23:59:10 INFO SparkContext: Added JAR file:///home/***/.ivy2/jars/com.datastax.spark_spark-cassandra-connector_2.12-3.4.1.jar at spark://36e53310e6a3:44831/jars/com.datastax.spark_spark-cassandra-connector_2.12-3.4.1.jar with timestamp 1705622349649
[2024-01-18T23:59:10.933+0000] {spark_submit.py:571} INFO - 24/01/18 23:59:10 INFO SparkContext: Added JAR file:///home/***/.ivy2/jars/com.datastax.spark_spark-cassandra-connector-driver_2.12-3.4.1.jar at spark://36e53310e6a3:44831/jars/com.datastax.spark_spark-cassandra-connector-driver_2.12-3.4.1.jar with timestamp 1705622349649
[2024-01-18T23:59:10.933+0000] {spark_submit.py:571} INFO - 24/01/18 23:59:10 INFO SparkContext: Added JAR file:///home/***/.ivy2/jars/org.scala-lang.modules_scala-collection-compat_2.12-2.11.0.jar at spark://36e53310e6a3:44831/jars/org.scala-lang.modules_scala-collection-compat_2.12-2.11.0.jar with timestamp 1705622349649
[2024-01-18T23:59:10.933+0000] {spark_submit.py:571} INFO - 24/01/18 23:59:10 INFO SparkContext: Added JAR file:///home/***/.ivy2/jars/com.datastax.oss_java-driver-core-shaded-4.13.0.jar at spark://36e53310e6a3:44831/jars/com.datastax.oss_java-driver-core-shaded-4.13.0.jar with timestamp 1705622349649
[2024-01-18T23:59:10.933+0000] {spark_submit.py:571} INFO - 24/01/18 23:59:10 INFO SparkContext: Added JAR file:///home/***/.ivy2/jars/com.datastax.oss_java-driver-mapper-runtime-4.13.0.jar at spark://36e53310e6a3:44831/jars/com.datastax.oss_java-driver-mapper-runtime-4.13.0.jar with timestamp 1705622349649
[2024-01-18T23:59:10.933+0000] {spark_submit.py:571} INFO - 24/01/18 23:59:10 INFO SparkContext: Added JAR file:///home/***/.ivy2/jars/org.apache.commons_commons-lang3-3.10.jar at spark://36e53310e6a3:44831/jars/org.apache.commons_commons-lang3-3.10.jar with timestamp 1705622349649
[2024-01-18T23:59:10.934+0000] {spark_submit.py:571} INFO - 24/01/18 23:59:10 INFO SparkContext: Added JAR file:///home/***/.ivy2/jars/com.thoughtworks.paranamer_paranamer-2.8.jar at spark://36e53310e6a3:44831/jars/com.thoughtworks.paranamer_paranamer-2.8.jar with timestamp 1705622349649
[2024-01-18T23:59:10.934+0000] {spark_submit.py:571} INFO - 24/01/18 23:59:10 INFO SparkContext: Added JAR file:///home/***/.ivy2/jars/org.scala-lang_scala-reflect-2.12.11.jar at spark://36e53310e6a3:44831/jars/org.scala-lang_scala-reflect-2.12.11.jar with timestamp 1705622349649
[2024-01-18T23:59:10.934+0000] {spark_submit.py:571} INFO - 24/01/18 23:59:10 INFO SparkContext: Added JAR file:///home/***/.ivy2/jars/com.datastax.oss_native-protocol-1.5.0.jar at spark://36e53310e6a3:44831/jars/com.datastax.oss_native-protocol-1.5.0.jar with timestamp 1705622349649
[2024-01-18T23:59:10.934+0000] {spark_submit.py:571} INFO - 24/01/18 23:59:10 INFO SparkContext: Added JAR file:///home/***/.ivy2/jars/com.datastax.oss_java-driver-shaded-guava-25.1-jre-graal-sub-1.jar at spark://36e53310e6a3:44831/jars/com.datastax.oss_java-driver-shaded-guava-25.1-jre-graal-sub-1.jar with timestamp 1705622349649
[2024-01-18T23:59:10.934+0000] {spark_submit.py:571} INFO - 24/01/18 23:59:10 INFO SparkContext: Added JAR file:///home/***/.ivy2/jars/com.typesafe_config-1.4.1.jar at spark://36e53310e6a3:44831/jars/com.typesafe_config-1.4.1.jar with timestamp 1705622349649
[2024-01-18T23:59:10.934+0000] {spark_submit.py:571} INFO - 24/01/18 23:59:10 INFO SparkContext: Added JAR file:///home/***/.ivy2/jars/org.slf4j_slf4j-api-1.7.26.jar at spark://36e53310e6a3:44831/jars/org.slf4j_slf4j-api-1.7.26.jar with timestamp 1705622349649
[2024-01-18T23:59:10.934+0000] {spark_submit.py:571} INFO - 24/01/18 23:59:10 INFO SparkContext: Added JAR file:///home/***/.ivy2/jars/io.dropwizard.metrics_metrics-core-4.1.18.jar at spark://36e53310e6a3:44831/jars/io.dropwizard.metrics_metrics-core-4.1.18.jar with timestamp 1705622349649
[2024-01-18T23:59:10.934+0000] {spark_submit.py:571} INFO - 24/01/18 23:59:10 INFO SparkContext: Added JAR file:///home/***/.ivy2/jars/org.hdrhistogram_HdrHistogram-2.1.12.jar at spark://36e53310e6a3:44831/jars/org.hdrhistogram_HdrHistogram-2.1.12.jar with timestamp 1705622349649
[2024-01-18T23:59:10.934+0000] {spark_submit.py:571} INFO - 24/01/18 23:59:10 INFO SparkContext: Added JAR file:///home/***/.ivy2/jars/org.reactivestreams_reactive-streams-1.0.3.jar at spark://36e53310e6a3:44831/jars/org.reactivestreams_reactive-streams-1.0.3.jar with timestamp 1705622349649
[2024-01-18T23:59:10.934+0000] {spark_submit.py:571} INFO - 24/01/18 23:59:10 INFO SparkContext: Added JAR file:///home/***/.ivy2/jars/com.github.stephenc.jcip_jcip-annotations-1.0-1.jar at spark://36e53310e6a3:44831/jars/com.github.stephenc.jcip_jcip-annotations-1.0-1.jar with timestamp 1705622349649
[2024-01-18T23:59:10.935+0000] {spark_submit.py:571} INFO - 24/01/18 23:59:10 INFO SparkContext: Added JAR file:///home/***/.ivy2/jars/com.github.spotbugs_spotbugs-annotations-3.1.12.jar at spark://36e53310e6a3:44831/jars/com.github.spotbugs_spotbugs-annotations-3.1.12.jar with timestamp 1705622349649
[2024-01-18T23:59:10.935+0000] {spark_submit.py:571} INFO - 24/01/18 23:59:10 INFO SparkContext: Added JAR file:///home/***/.ivy2/jars/com.google.code.findbugs_jsr305-3.0.2.jar at spark://36e53310e6a3:44831/jars/com.google.code.findbugs_jsr305-3.0.2.jar with timestamp 1705622349649
[2024-01-18T23:59:10.935+0000] {spark_submit.py:571} INFO - 24/01/18 23:59:10 INFO SparkContext: Added JAR file:///home/***/.ivy2/jars/com.datastax.oss_java-driver-query-builder-4.13.0.jar at spark://36e53310e6a3:44831/jars/com.datastax.oss_java-driver-query-builder-4.13.0.jar with timestamp 1705622349649
[2024-01-18T23:59:10.938+0000] {spark_submit.py:571} INFO - 24/01/18 23:59:10 INFO SparkContext: Added file file:///home/***/.ivy2/jars/com.datastax.spark_spark-cassandra-connector_2.12-3.4.1.jar at spark://36e53310e6a3:44831/files/com.datastax.spark_spark-cassandra-connector_2.12-3.4.1.jar with timestamp 1705622349649
[2024-01-18T23:59:10.940+0000] {spark_submit.py:571} INFO - 24/01/18 23:59:10 INFO Utils: Copying /home/***/.ivy2/jars/com.datastax.spark_spark-cassandra-connector_2.12-3.4.1.jar to /tmp/spark-19ebb536-bc27-439e-8c8e-96410af7395b/userFiles-9d86b75c-0a15-4501-9577-35e5dd45790b/com.datastax.spark_spark-cassandra-connector_2.12-3.4.1.jar
[2024-01-18T23:59:10.963+0000] {spark_submit.py:571} INFO - 24/01/18 23:59:10 INFO SparkContext: Added file file:///home/***/.ivy2/jars/com.datastax.spark_spark-cassandra-connector-driver_2.12-3.4.1.jar at spark://36e53310e6a3:44831/files/com.datastax.spark_spark-cassandra-connector-driver_2.12-3.4.1.jar with timestamp 1705622349649
[2024-01-18T23:59:10.963+0000] {spark_submit.py:571} INFO - 24/01/18 23:59:10 INFO Utils: Copying /home/***/.ivy2/jars/com.datastax.spark_spark-cassandra-connector-driver_2.12-3.4.1.jar to /tmp/spark-19ebb536-bc27-439e-8c8e-96410af7395b/userFiles-9d86b75c-0a15-4501-9577-35e5dd45790b/com.datastax.spark_spark-cassandra-connector-driver_2.12-3.4.1.jar
[2024-01-18T23:59:10.974+0000] {spark_submit.py:571} INFO - 24/01/18 23:59:10 INFO SparkContext: Added file file:///home/***/.ivy2/jars/org.scala-lang.modules_scala-collection-compat_2.12-2.11.0.jar at spark://36e53310e6a3:44831/files/org.scala-lang.modules_scala-collection-compat_2.12-2.11.0.jar with timestamp 1705622349649
[2024-01-18T23:59:10.974+0000] {spark_submit.py:571} INFO - 24/01/18 23:59:10 INFO Utils: Copying /home/***/.ivy2/jars/org.scala-lang.modules_scala-collection-compat_2.12-2.11.0.jar to /tmp/spark-19ebb536-bc27-439e-8c8e-96410af7395b/userFiles-9d86b75c-0a15-4501-9577-35e5dd45790b/org.scala-lang.modules_scala-collection-compat_2.12-2.11.0.jar
[2024-01-18T23:59:10.981+0000] {spark_submit.py:571} INFO - 24/01/18 23:59:10 INFO SparkContext: Added file file:///home/***/.ivy2/jars/com.datastax.oss_java-driver-core-shaded-4.13.0.jar at spark://36e53310e6a3:44831/files/com.datastax.oss_java-driver-core-shaded-4.13.0.jar with timestamp 1705622349649
[2024-01-18T23:59:10.981+0000] {spark_submit.py:571} INFO - 24/01/18 23:59:10 INFO Utils: Copying /home/***/.ivy2/jars/com.datastax.oss_java-driver-core-shaded-4.13.0.jar to /tmp/spark-19ebb536-bc27-439e-8c8e-96410af7395b/userFiles-9d86b75c-0a15-4501-9577-35e5dd45790b/com.datastax.oss_java-driver-core-shaded-4.13.0.jar
[2024-01-18T23:59:11.020+0000] {spark_submit.py:571} INFO - 24/01/18 23:59:11 INFO SparkContext: Added file file:///home/***/.ivy2/jars/com.datastax.oss_java-driver-mapper-runtime-4.13.0.jar at spark://36e53310e6a3:44831/files/com.datastax.oss_java-driver-mapper-runtime-4.13.0.jar with timestamp 1705622349649
[2024-01-18T23:59:11.021+0000] {spark_submit.py:571} INFO - 24/01/18 23:59:11 INFO Utils: Copying /home/***/.ivy2/jars/com.datastax.oss_java-driver-mapper-runtime-4.13.0.jar to /tmp/spark-19ebb536-bc27-439e-8c8e-96410af7395b/userFiles-9d86b75c-0a15-4501-9577-35e5dd45790b/com.datastax.oss_java-driver-mapper-runtime-4.13.0.jar
[2024-01-18T23:59:11.029+0000] {spark_submit.py:571} INFO - 24/01/18 23:59:11 INFO SparkContext: Added file file:///home/***/.ivy2/jars/org.apache.commons_commons-lang3-3.10.jar at spark://36e53310e6a3:44831/files/org.apache.commons_commons-lang3-3.10.jar with timestamp 1705622349649
[2024-01-18T23:59:11.030+0000] {spark_submit.py:571} INFO - 24/01/18 23:59:11 INFO Utils: Copying /home/***/.ivy2/jars/org.apache.commons_commons-lang3-3.10.jar to /tmp/spark-19ebb536-bc27-439e-8c8e-96410af7395b/userFiles-9d86b75c-0a15-4501-9577-35e5dd45790b/org.apache.commons_commons-lang3-3.10.jar
[2024-01-18T23:59:11.041+0000] {spark_submit.py:571} INFO - 24/01/18 23:59:11 INFO SparkContext: Added file file:///home/***/.ivy2/jars/com.thoughtworks.paranamer_paranamer-2.8.jar at spark://36e53310e6a3:44831/files/com.thoughtworks.paranamer_paranamer-2.8.jar with timestamp 1705622349649
[2024-01-18T23:59:11.042+0000] {spark_submit.py:571} INFO - 24/01/18 23:59:11 INFO Utils: Copying /home/***/.ivy2/jars/com.thoughtworks.paranamer_paranamer-2.8.jar to /tmp/spark-19ebb536-bc27-439e-8c8e-96410af7395b/userFiles-9d86b75c-0a15-4501-9577-35e5dd45790b/com.thoughtworks.paranamer_paranamer-2.8.jar
[2024-01-18T23:59:11.050+0000] {spark_submit.py:571} INFO - 24/01/18 23:59:11 INFO SparkContext: Added file file:///home/***/.ivy2/jars/org.scala-lang_scala-reflect-2.12.11.jar at spark://36e53310e6a3:44831/files/org.scala-lang_scala-reflect-2.12.11.jar with timestamp 1705622349649
[2024-01-18T23:59:11.051+0000] {spark_submit.py:571} INFO - 24/01/18 23:59:11 INFO Utils: Copying /home/***/.ivy2/jars/org.scala-lang_scala-reflect-2.12.11.jar to /tmp/spark-19ebb536-bc27-439e-8c8e-96410af7395b/userFiles-9d86b75c-0a15-4501-9577-35e5dd45790b/org.scala-lang_scala-reflect-2.12.11.jar
[2024-01-18T23:59:11.074+0000] {spark_submit.py:571} INFO - 24/01/18 23:59:11 INFO SparkContext: Added file file:///home/***/.ivy2/jars/com.datastax.oss_native-protocol-1.5.0.jar at spark://36e53310e6a3:44831/files/com.datastax.oss_native-protocol-1.5.0.jar with timestamp 1705622349649
[2024-01-18T23:59:11.075+0000] {spark_submit.py:571} INFO - 24/01/18 23:59:11 INFO Utils: Copying /home/***/.ivy2/jars/com.datastax.oss_native-protocol-1.5.0.jar to /tmp/spark-19ebb536-bc27-439e-8c8e-96410af7395b/userFiles-9d86b75c-0a15-4501-9577-35e5dd45790b/com.datastax.oss_native-protocol-1.5.0.jar
[2024-01-18T23:59:11.082+0000] {spark_submit.py:571} INFO - 24/01/18 23:59:11 INFO SparkContext: Added file file:///home/***/.ivy2/jars/com.datastax.oss_java-driver-shaded-guava-25.1-jre-graal-sub-1.jar at spark://36e53310e6a3:44831/files/com.datastax.oss_java-driver-shaded-guava-25.1-jre-graal-sub-1.jar with timestamp 1705622349649
[2024-01-18T23:59:11.083+0000] {spark_submit.py:571} INFO - 24/01/18 23:59:11 INFO Utils: Copying /home/***/.ivy2/jars/com.datastax.oss_java-driver-shaded-guava-25.1-jre-graal-sub-1.jar to /tmp/spark-19ebb536-bc27-439e-8c8e-96410af7395b/userFiles-9d86b75c-0a15-4501-9577-35e5dd45790b/com.datastax.oss_java-driver-shaded-guava-25.1-jre-graal-sub-1.jar
[2024-01-18T23:59:11.102+0000] {spark_submit.py:571} INFO - 24/01/18 23:59:11 INFO SparkContext: Added file file:///home/***/.ivy2/jars/com.typesafe_config-1.4.1.jar at spark://36e53310e6a3:44831/files/com.typesafe_config-1.4.1.jar with timestamp 1705622349649
[2024-01-18T23:59:11.102+0000] {spark_submit.py:571} INFO - 24/01/18 23:59:11 INFO Utils: Copying /home/***/.ivy2/jars/com.typesafe_config-1.4.1.jar to /tmp/spark-19ebb536-bc27-439e-8c8e-96410af7395b/userFiles-9d86b75c-0a15-4501-9577-35e5dd45790b/com.typesafe_config-1.4.1.jar
[2024-01-18T23:59:11.108+0000] {spark_submit.py:571} INFO - 24/01/18 23:59:11 INFO SparkContext: Added file file:///home/***/.ivy2/jars/org.slf4j_slf4j-api-1.7.26.jar at spark://36e53310e6a3:44831/files/org.slf4j_slf4j-api-1.7.26.jar with timestamp 1705622349649
[2024-01-18T23:59:11.108+0000] {spark_submit.py:571} INFO - 24/01/18 23:59:11 INFO Utils: Copying /home/***/.ivy2/jars/org.slf4j_slf4j-api-1.7.26.jar to /tmp/spark-19ebb536-bc27-439e-8c8e-96410af7395b/userFiles-9d86b75c-0a15-4501-9577-35e5dd45790b/org.slf4j_slf4j-api-1.7.26.jar
[2024-01-18T23:59:11.116+0000] {spark_submit.py:571} INFO - 24/01/18 23:59:11 INFO SparkContext: Added file file:///home/***/.ivy2/jars/io.dropwizard.metrics_metrics-core-4.1.18.jar at spark://36e53310e6a3:44831/files/io.dropwizard.metrics_metrics-core-4.1.18.jar with timestamp 1705622349649
[2024-01-18T23:59:11.117+0000] {spark_submit.py:571} INFO - 24/01/18 23:59:11 INFO Utils: Copying /home/***/.ivy2/jars/io.dropwizard.metrics_metrics-core-4.1.18.jar to /tmp/spark-19ebb536-bc27-439e-8c8e-96410af7395b/userFiles-9d86b75c-0a15-4501-9577-35e5dd45790b/io.dropwizard.metrics_metrics-core-4.1.18.jar
[2024-01-18T23:59:11.123+0000] {spark_submit.py:571} INFO - 24/01/18 23:59:11 INFO SparkContext: Added file file:///home/***/.ivy2/jars/org.hdrhistogram_HdrHistogram-2.1.12.jar at spark://36e53310e6a3:44831/files/org.hdrhistogram_HdrHistogram-2.1.12.jar with timestamp 1705622349649
[2024-01-18T23:59:11.123+0000] {spark_submit.py:571} INFO - 24/01/18 23:59:11 INFO Utils: Copying /home/***/.ivy2/jars/org.hdrhistogram_HdrHistogram-2.1.12.jar to /tmp/spark-19ebb536-bc27-439e-8c8e-96410af7395b/userFiles-9d86b75c-0a15-4501-9577-35e5dd45790b/org.hdrhistogram_HdrHistogram-2.1.12.jar
[2024-01-18T23:59:11.132+0000] {spark_submit.py:571} INFO - 24/01/18 23:59:11 INFO SparkContext: Added file file:///home/***/.ivy2/jars/org.reactivestreams_reactive-streams-1.0.3.jar at spark://36e53310e6a3:44831/files/org.reactivestreams_reactive-streams-1.0.3.jar with timestamp 1705622349649
[2024-01-18T23:59:11.132+0000] {spark_submit.py:571} INFO - 24/01/18 23:59:11 INFO Utils: Copying /home/***/.ivy2/jars/org.reactivestreams_reactive-streams-1.0.3.jar to /tmp/spark-19ebb536-bc27-439e-8c8e-96410af7395b/userFiles-9d86b75c-0a15-4501-9577-35e5dd45790b/org.reactivestreams_reactive-streams-1.0.3.jar
[2024-01-18T23:59:11.139+0000] {spark_submit.py:571} INFO - 24/01/18 23:59:11 INFO SparkContext: Added file file:///home/***/.ivy2/jars/com.github.stephenc.jcip_jcip-annotations-1.0-1.jar at spark://36e53310e6a3:44831/files/com.github.stephenc.jcip_jcip-annotations-1.0-1.jar with timestamp 1705622349649
[2024-01-18T23:59:11.139+0000] {spark_submit.py:571} INFO - 24/01/18 23:59:11 INFO Utils: Copying /home/***/.ivy2/jars/com.github.stephenc.jcip_jcip-annotations-1.0-1.jar to /tmp/spark-19ebb536-bc27-439e-8c8e-96410af7395b/userFiles-9d86b75c-0a15-4501-9577-35e5dd45790b/com.github.stephenc.jcip_jcip-annotations-1.0-1.jar
[2024-01-18T23:59:11.144+0000] {spark_submit.py:571} INFO - 24/01/18 23:59:11 INFO SparkContext: Added file file:///home/***/.ivy2/jars/com.github.spotbugs_spotbugs-annotations-3.1.12.jar at spark://36e53310e6a3:44831/files/com.github.spotbugs_spotbugs-annotations-3.1.12.jar with timestamp 1705622349649
[2024-01-18T23:59:11.145+0000] {spark_submit.py:571} INFO - 24/01/18 23:59:11 INFO Utils: Copying /home/***/.ivy2/jars/com.github.spotbugs_spotbugs-annotations-3.1.12.jar to /tmp/spark-19ebb536-bc27-439e-8c8e-96410af7395b/userFiles-9d86b75c-0a15-4501-9577-35e5dd45790b/com.github.spotbugs_spotbugs-annotations-3.1.12.jar
[2024-01-18T23:59:11.151+0000] {spark_submit.py:571} INFO - 24/01/18 23:59:11 INFO SparkContext: Added file file:///home/***/.ivy2/jars/com.google.code.findbugs_jsr305-3.0.2.jar at spark://36e53310e6a3:44831/files/com.google.code.findbugs_jsr305-3.0.2.jar with timestamp 1705622349649
[2024-01-18T23:59:11.151+0000] {spark_submit.py:571} INFO - 24/01/18 23:59:11 INFO Utils: Copying /home/***/.ivy2/jars/com.google.code.findbugs_jsr305-3.0.2.jar to /tmp/spark-19ebb536-bc27-439e-8c8e-96410af7395b/userFiles-9d86b75c-0a15-4501-9577-35e5dd45790b/com.google.code.findbugs_jsr305-3.0.2.jar
[2024-01-18T23:59:11.157+0000] {spark_submit.py:571} INFO - 24/01/18 23:59:11 INFO SparkContext: Added file file:///home/***/.ivy2/jars/com.datastax.oss_java-driver-query-builder-4.13.0.jar at spark://36e53310e6a3:44831/files/com.datastax.oss_java-driver-query-builder-4.13.0.jar with timestamp 1705622349649
[2024-01-18T23:59:11.157+0000] {spark_submit.py:571} INFO - 24/01/18 23:59:11 INFO Utils: Copying /home/***/.ivy2/jars/com.datastax.oss_java-driver-query-builder-4.13.0.jar to /tmp/spark-19ebb536-bc27-439e-8c8e-96410af7395b/userFiles-9d86b75c-0a15-4501-9577-35e5dd45790b/com.datastax.oss_java-driver-query-builder-4.13.0.jar
[2024-01-18T23:59:11.280+0000] {spark_submit.py:571} INFO - 24/01/18 23:59:11 INFO StandaloneAppClient$ClientEndpoint: Connecting to master spark://172.29.0.5:7077...
[2024-01-18T23:59:11.343+0000] {spark_submit.py:571} INFO - 24/01/18 23:59:11 INFO TransportClientFactory: Successfully created connection to /172.29.0.5:7077 after 38 ms (0 ms spent in bootstraps)
[2024-01-18T23:59:11.484+0000] {spark_submit.py:571} INFO - 24/01/18 23:59:11 INFO StandaloneSchedulerBackend: Connected to Spark cluster with app ID app-20240118235911-0010
[2024-01-18T23:59:11.487+0000] {spark_submit.py:571} INFO - 24/01/18 23:59:11 INFO StandaloneAppClient$ClientEndpoint: Executor added: app-20240118235911-0010/0 on worker-20240118223130-172.29.0.7-36307 (172.29.0.7:36307) with 2 core(s)
[2024-01-18T23:59:11.493+0000] {spark_submit.py:571} INFO - 24/01/18 23:59:11 INFO StandaloneSchedulerBackend: Granted executor ID app-20240118235911-0010/0 on hostPort 172.29.0.7:36307 with 2 core(s), 1024.0 MiB RAM
[2024-01-18T23:59:11.494+0000] {spark_submit.py:571} INFO - 24/01/18 23:59:11 INFO StandaloneAppClient$ClientEndpoint: Executor added: app-20240118235911-0010/1 on worker-20240118223130-172.29.0.8-39635 (172.29.0.8:39635) with 2 core(s)
[2024-01-18T23:59:11.494+0000] {spark_submit.py:571} INFO - 24/01/18 23:59:11 INFO StandaloneSchedulerBackend: Granted executor ID app-20240118235911-0010/1 on hostPort 172.29.0.8:39635 with 2 core(s), 1024.0 MiB RAM
[2024-01-18T23:59:11.509+0000] {spark_submit.py:571} INFO - 24/01/18 23:59:11 INFO Utils: Successfully started service 'org.apache.spark.network.netty.NettyBlockTransferService' on port 45547.
[2024-01-18T23:59:11.510+0000] {spark_submit.py:571} INFO - 24/01/18 23:59:11 INFO NettyBlockTransferService: Server created on 36e53310e6a3:45547
[2024-01-18T23:59:11.514+0000] {spark_submit.py:571} INFO - 24/01/18 23:59:11 INFO BlockManager: Using org.apache.spark.storage.RandomBlockReplicationPolicy for block replication policy
[2024-01-18T23:59:11.531+0000] {spark_submit.py:571} INFO - 24/01/18 23:59:11 INFO BlockManagerMaster: Registering BlockManager BlockManagerId(driver, 36e53310e6a3, 45547, None)
[2024-01-18T23:59:11.539+0000] {spark_submit.py:571} INFO - 24/01/18 23:59:11 INFO BlockManagerMasterEndpoint: Registering block manager 36e53310e6a3:45547 with 434.4 MiB RAM, BlockManagerId(driver, 36e53310e6a3, 45547, None)
[2024-01-18T23:59:11.542+0000] {spark_submit.py:571} INFO - 24/01/18 23:59:11 INFO BlockManagerMaster: Registered BlockManager BlockManagerId(driver, 36e53310e6a3, 45547, None)
[2024-01-18T23:59:11.544+0000] {spark_submit.py:571} INFO - 24/01/18 23:59:11 INFO BlockManager: Initialized BlockManager: BlockManagerId(driver, 36e53310e6a3, 45547, None)
[2024-01-18T23:59:11.549+0000] {spark_submit.py:571} INFO - 24/01/18 23:59:11 INFO StandaloneAppClient$ClientEndpoint: Executor updated: app-20240118235911-0010/1 is now RUNNING
[2024-01-18T23:59:11.550+0000] {spark_submit.py:571} INFO - 24/01/18 23:59:11 INFO StandaloneAppClient$ClientEndpoint: Executor updated: app-20240118235911-0010/0 is now RUNNING
[2024-01-18T23:59:11.852+0000] {spark_submit.py:571} INFO - 24/01/18 23:59:11 INFO StandaloneSchedulerBackend: SchedulerBackend is ready for scheduling beginning after reached minRegisteredResourcesRatio: 0.0
[2024-01-18T23:59:12.367+0000] {spark_submit.py:571} INFO - WARNING:cassandra.cluster:Cluster.__init__ called with contact_points specified, but no load_balancing_policy. In the next major version, this will raise an error; please specify a load-balancing policy. (contact_points = ['cassandra'], lbp = None)
[2024-01-18T23:59:12.378+0000] {spark_submit.py:571} INFO - WARNING:cassandra.cluster:Downgrading core protocol version from 66 to 65 for 172.29.0.3:9042. To avoid this, it is best practice to explicitly set Cluster(protocol_version) to the version supported by your cluster. http://datastax.github.io/python-driver/api/cassandra/cluster.html#cassandra.cluster.Cluster.protocol_version
[2024-01-18T23:59:12.381+0000] {spark_submit.py:571} INFO - WARNING:cassandra.cluster:Downgrading core protocol version from 65 to 5 for 172.29.0.3:9042. To avoid this, it is best practice to explicitly set Cluster(protocol_version) to the version supported by your cluster. http://datastax.github.io/python-driver/api/cassandra/cluster.html#cassandra.cluster.Cluster.protocol_version
[2024-01-18T23:59:12.487+0000] {spark_submit.py:571} INFO - Keyspace created successfully!
[2024-01-18T23:59:12.490+0000] {spark_submit.py:571} INFO - Table created successfully!
[2024-01-18T23:59:12.490+0000] {spark_submit.py:571} INFO - Charger les donnes historiques depuis Cassandra
[2024-01-18T23:59:19.936+0000] {spark_submit.py:571} INFO - historical_data :  DataFrame[name: string, date: string, price: string]
[2024-01-18T23:59:30.599+0000] {spark_submit.py:571} INFO - Trier les donnes par last_updated
[2024-01-18T23:59:30.686+0000] {spark_submit.py:571} INFO - Utiliser une fentre pour obtenir les 15 dernires lignes
[2024-01-18T23:59:30.790+0000] {spark_submit.py:571} INFO - Slectionner uniquement la colonne price
[2024-01-18T23:59:33.433+0000] {spark_submit.py:571} INFO - [Row(price='44179.921875'), Row(price='44162.691406'), Row(price='43989.195313'), Row(price='43943.097656'), Row(price='46970.503906'), Row(price='46139.730469'), Row(price='46627.777344'), Row(price='46368.585938'), Row(price='42853.167969'), Row(price='42842.382813'), Row(price='41796.269531'), Row(price='42511.968750'), Row(price='43154.945313'), Row(price='42742.652344'), Row(price='42406.503906')]
[2024-01-18T23:59:33.434+0000] {spark_submit.py:571} INFO - Convertir les donnes en un tableau NumPy
[2024-01-18T23:59:33.434+0000] {spark_submit.py:571} INFO - [44179.921875, 44162.691406, 43989.195313, 43943.097656, 46970.503906, 46139.730469, 46627.777344, 46368.585938, 42853.167969, 42842.382813, 41796.269531, 42511.96875, 43154.945313, 42742.652344, 42406.503906]
[2024-01-18T23:59:33.434+0000] {spark_submit.py:571} INFO - model_path :  /opt/***/plugins/complete_model.h5
[2024-01-18T23:59:34.814+0000] {spark_submit.py:571} INFO - [[0.4606773 ]
[2024-01-18T23:59:34.817+0000] {spark_submit.py:571} INFO - [0.45734725]
[2024-01-18T23:59:34.818+0000] {spark_submit.py:571} INFO - [0.42381648]
[2024-01-18T23:59:34.818+0000] {spark_submit.py:571} INFO - [0.4149074 ]
[2024-01-18T23:59:34.818+0000] {spark_submit.py:571} INFO - [1.        ]
[2024-01-18T23:59:34.818+0000] {spark_submit.py:571} INFO - [0.83944032]
[2024-01-18T23:59:34.818+0000] {spark_submit.py:571} INFO - [0.93376285]
[2024-01-18T23:59:34.818+0000] {spark_submit.py:571} INFO - [0.88367014]
[2024-01-18T23:59:34.818+0000] {spark_submit.py:571} INFO - [0.2042618 ]
[2024-01-18T23:59:34.818+0000] {spark_submit.py:571} INFO - [0.20217741]
[2024-01-18T23:59:34.818+0000] {spark_submit.py:571} INFO - [0.        ]
[2024-01-18T23:59:34.818+0000] {spark_submit.py:571} INFO - [0.13831983]
[2024-01-18T23:59:34.818+0000] {spark_submit.py:571} INFO - [0.26258489]
[2024-01-18T23:59:34.818+0000] {spark_submit.py:571} INFO - [0.18290297]
[2024-01-18T23:59:34.819+0000] {spark_submit.py:571} INFO - [0.11793713]]
[2024-01-18T23:59:36.000+0000] {spark_submit.py:571} INFO - 
[2024-01-18T23:59:36.002+0000] {spark_submit.py:571} INFO - 1/1 [==============================] - ETA: 0s
[2024-01-18T23:59:36.003+0000] {spark_submit.py:571} INFO - 1/1 [==============================] - 1s 1s/step
[2024-01-18T23:59:36.128+0000] {spark_submit.py:571} INFO - Predicted Close Price for the Next Day: 42448.523
[2024-01-18T23:59:37.993+0000] {taskinstance.py:1400} INFO - Marking task as SUCCESS. dag_id=bitcoin_data_batch_processing, task_id=submit_spark_job, execution_date=20240117T235600, start_date=20240118T235853, end_date=20240118T235937
[2024-01-18T23:59:38.028+0000] {local_task_job_runner.py:228} INFO - Task exited with return code 0
[2024-01-18T23:59:38.045+0000] {taskinstance.py:2784} INFO - 0 downstream tasks scheduled from follow-on schedule check
