[2024-01-18T23:57:58.946+0000] {taskinstance.py:1159} INFO - Dependencies all met for dep_context=non-requeueable deps ti=<TaskInstance: bitcoin_data_batch_processing.submit_spark_job manual__2024-01-18T23:57:56.552597+00:00 [queued]>
[2024-01-18T23:57:58.954+0000] {taskinstance.py:1159} INFO - Dependencies all met for dep_context=requeueable deps ti=<TaskInstance: bitcoin_data_batch_processing.submit_spark_job manual__2024-01-18T23:57:56.552597+00:00 [queued]>
[2024-01-18T23:57:58.954+0000] {taskinstance.py:1361} INFO - Starting attempt 1 of 1
[2024-01-18T23:57:58.969+0000] {taskinstance.py:1382} INFO - Executing <Task(SparkSubmitOperator): submit_spark_job> on 2024-01-18 23:57:56.552597+00:00
[2024-01-18T23:57:58.972+0000] {standard_task_runner.py:57} INFO - Started process 6053 to run task
[2024-01-18T23:57:58.976+0000] {standard_task_runner.py:84} INFO - Running: ['***', 'tasks', 'run', 'bitcoin_data_batch_processing', 'submit_spark_job', 'manual__2024-01-18T23:57:56.552597+00:00', '--job-id', '45', '--raw', '--subdir', 'DAGS_FOLDER/BatchLayer_dag.py', '--cfg-path', '/tmp/tmp2nztvk7u']
[2024-01-18T23:57:58.978+0000] {standard_task_runner.py:85} INFO - Job 45: Subtask submit_spark_job
[2024-01-18T23:57:59.047+0000] {task_command.py:415} INFO - Running <TaskInstance: bitcoin_data_batch_processing.submit_spark_job manual__2024-01-18T23:57:56.552597+00:00 [running]> on host 36e53310e6a3
[2024-01-18T23:57:59.143+0000] {taskinstance.py:1660} INFO - Exporting env vars: AIRFLOW_CTX_DAG_OWNER='***' AIRFLOW_CTX_DAG_ID='bitcoin_data_batch_processing' AIRFLOW_CTX_TASK_ID='submit_spark_job' AIRFLOW_CTX_EXECUTION_DATE='2024-01-18T23:57:56.552597+00:00' AIRFLOW_CTX_TRY_NUMBER='1' AIRFLOW_CTX_DAG_RUN_ID='manual__2024-01-18T23:57:56.552597+00:00'
[2024-01-18T23:57:59.155+0000] {base.py:73} INFO - Using connection ID 'spark_default' for task execution.
[2024-01-18T23:57:59.156+0000] {spark_submit.py:401} INFO - Spark-Submit cmd: spark-submit --master spark://172.29.0.5:7077 --packages com.datastax.spark:spark-cassandra-connector_2.12:3.4.1 --name arrow-spark --queue root.default --deploy-mode client /opt/***/dags/spark_batch.py
[2024-01-18T23:57:59.288+0000] {spark_submit.py:571} INFO - /home/***/.local/lib/python3.9/site-packages/pyspark/bin/load-spark-env.sh: line 68: ps: command not found
[2024-01-18T23:58:01.042+0000] {spark_submit.py:571} INFO - :: loading settings :: url = jar:file:/home/***/.local/lib/python3.9/site-packages/pyspark/jars/ivy-2.5.1.jar!/org/apache/ivy/core/settings/ivysettings.xml
[2024-01-18T23:58:01.136+0000] {spark_submit.py:571} INFO - Ivy Default Cache set to: /home/***/.ivy2/cache
[2024-01-18T23:58:01.137+0000] {spark_submit.py:571} INFO - The jars for the packages stored in: /home/***/.ivy2/jars
[2024-01-18T23:58:01.140+0000] {spark_submit.py:571} INFO - com.datastax.spark#spark-cassandra-connector_2.12 added as a dependency
[2024-01-18T23:58:01.141+0000] {spark_submit.py:571} INFO - :: resolving dependencies :: org.apache.spark#spark-submit-parent-b981cff3-0973-4898-886f-f8be4f46cf0a;1.0
[2024-01-18T23:58:01.141+0000] {spark_submit.py:571} INFO - confs: [default]
[2024-01-18T23:58:01.225+0000] {spark_submit.py:571} INFO - found com.datastax.spark#spark-cassandra-connector_2.12;3.4.1 in central
[2024-01-18T23:58:01.250+0000] {spark_submit.py:571} INFO - found com.datastax.spark#spark-cassandra-connector-driver_2.12;3.4.1 in central
[2024-01-18T23:58:01.275+0000] {spark_submit.py:571} INFO - found org.scala-lang.modules#scala-collection-compat_2.12;2.11.0 in central
[2024-01-18T23:58:01.307+0000] {spark_submit.py:571} INFO - found com.datastax.oss#java-driver-core-shaded;4.13.0 in central
[2024-01-18T23:58:01.329+0000] {spark_submit.py:571} INFO - found com.datastax.oss#native-protocol;1.5.0 in central
[2024-01-18T23:58:01.348+0000] {spark_submit.py:571} INFO - found com.datastax.oss#java-driver-shaded-guava;25.1-jre-graal-sub-1 in central
[2024-01-18T23:58:01.363+0000] {spark_submit.py:571} INFO - found com.typesafe#config;1.4.1 in central
[2024-01-18T23:58:01.377+0000] {spark_submit.py:571} INFO - found org.slf4j#slf4j-api;1.7.26 in central
[2024-01-18T23:58:01.392+0000] {spark_submit.py:571} INFO - found io.dropwizard.metrics#metrics-core;4.1.18 in central
[2024-01-18T23:58:01.408+0000] {spark_submit.py:571} INFO - found org.hdrhistogram#HdrHistogram;2.1.12 in central
[2024-01-18T23:58:01.419+0000] {spark_submit.py:571} INFO - found org.reactivestreams#reactive-streams;1.0.3 in central
[2024-01-18T23:58:01.430+0000] {spark_submit.py:571} INFO - found com.github.stephenc.jcip#jcip-annotations;1.0-1 in central
[2024-01-18T23:58:01.440+0000] {spark_submit.py:571} INFO - found com.github.spotbugs#spotbugs-annotations;3.1.12 in central
[2024-01-18T23:58:01.454+0000] {spark_submit.py:571} INFO - found com.google.code.findbugs#jsr305;3.0.2 in central
[2024-01-18T23:58:01.482+0000] {spark_submit.py:571} INFO - found com.datastax.oss#java-driver-mapper-runtime;4.13.0 in central
[2024-01-18T23:58:01.496+0000] {spark_submit.py:571} INFO - found com.datastax.oss#java-driver-query-builder;4.13.0 in central
[2024-01-18T23:58:01.511+0000] {spark_submit.py:571} INFO - found org.apache.commons#commons-lang3;3.10 in central
[2024-01-18T23:58:01.519+0000] {spark_submit.py:571} INFO - found com.thoughtworks.paranamer#paranamer;2.8 in central
[2024-01-18T23:58:01.529+0000] {spark_submit.py:571} INFO - found org.scala-lang#scala-reflect;2.12.11 in central
[2024-01-18T23:58:01.561+0000] {spark_submit.py:571} INFO - :: resolution report :: resolve 406ms :: artifacts dl 14ms
[2024-01-18T23:58:01.561+0000] {spark_submit.py:571} INFO - :: modules in use:
[2024-01-18T23:58:01.561+0000] {spark_submit.py:571} INFO - com.datastax.oss#java-driver-core-shaded;4.13.0 from central in [default]
[2024-01-18T23:58:01.561+0000] {spark_submit.py:571} INFO - com.datastax.oss#java-driver-mapper-runtime;4.13.0 from central in [default]
[2024-01-18T23:58:01.562+0000] {spark_submit.py:571} INFO - com.datastax.oss#java-driver-query-builder;4.13.0 from central in [default]
[2024-01-18T23:58:01.562+0000] {spark_submit.py:571} INFO - com.datastax.oss#java-driver-shaded-guava;25.1-jre-graal-sub-1 from central in [default]
[2024-01-18T23:58:01.562+0000] {spark_submit.py:571} INFO - com.datastax.oss#native-protocol;1.5.0 from central in [default]
[2024-01-18T23:58:01.562+0000] {spark_submit.py:571} INFO - com.datastax.spark#spark-cassandra-connector-driver_2.12;3.4.1 from central in [default]
[2024-01-18T23:58:01.562+0000] {spark_submit.py:571} INFO - com.datastax.spark#spark-cassandra-connector_2.12;3.4.1 from central in [default]
[2024-01-18T23:58:01.562+0000] {spark_submit.py:571} INFO - com.github.spotbugs#spotbugs-annotations;3.1.12 from central in [default]
[2024-01-18T23:58:01.562+0000] {spark_submit.py:571} INFO - com.github.stephenc.jcip#jcip-annotations;1.0-1 from central in [default]
[2024-01-18T23:58:01.562+0000] {spark_submit.py:571} INFO - com.google.code.findbugs#jsr305;3.0.2 from central in [default]
[2024-01-18T23:58:01.562+0000] {spark_submit.py:571} INFO - com.thoughtworks.paranamer#paranamer;2.8 from central in [default]
[2024-01-18T23:58:01.563+0000] {spark_submit.py:571} INFO - com.typesafe#config;1.4.1 from central in [default]
[2024-01-18T23:58:01.563+0000] {spark_submit.py:571} INFO - io.dropwizard.metrics#metrics-core;4.1.18 from central in [default]
[2024-01-18T23:58:01.563+0000] {spark_submit.py:571} INFO - org.apache.commons#commons-lang3;3.10 from central in [default]
[2024-01-18T23:58:01.563+0000] {spark_submit.py:571} INFO - org.hdrhistogram#HdrHistogram;2.1.12 from central in [default]
[2024-01-18T23:58:01.563+0000] {spark_submit.py:571} INFO - org.reactivestreams#reactive-streams;1.0.3 from central in [default]
[2024-01-18T23:58:01.563+0000] {spark_submit.py:571} INFO - org.scala-lang#scala-reflect;2.12.11 from central in [default]
[2024-01-18T23:58:01.563+0000] {spark_submit.py:571} INFO - org.scala-lang.modules#scala-collection-compat_2.12;2.11.0 from central in [default]
[2024-01-18T23:58:01.563+0000] {spark_submit.py:571} INFO - org.slf4j#slf4j-api;1.7.26 from central in [default]
[2024-01-18T23:58:01.563+0000] {spark_submit.py:571} INFO - ---------------------------------------------------------------------
[2024-01-18T23:58:01.563+0000] {spark_submit.py:571} INFO - |                  |            modules            ||   artifacts   |
[2024-01-18T23:58:01.563+0000] {spark_submit.py:571} INFO - |       conf       | number| search|dwnlded|evicted|| number|dwnlded|
[2024-01-18T23:58:01.564+0000] {spark_submit.py:571} INFO - ---------------------------------------------------------------------
[2024-01-18T23:58:01.564+0000] {spark_submit.py:571} INFO - |      default     |   19  |   0   |   0   |   0   ||   19  |   0   |
[2024-01-18T23:58:01.564+0000] {spark_submit.py:571} INFO - ---------------------------------------------------------------------
[2024-01-18T23:58:01.571+0000] {spark_submit.py:571} INFO - :: retrieving :: org.apache.spark#spark-submit-parent-b981cff3-0973-4898-886f-f8be4f46cf0a
[2024-01-18T23:58:01.571+0000] {spark_submit.py:571} INFO - confs: [default]
[2024-01-18T23:58:01.614+0000] {spark_submit.py:571} INFO - 19 artifacts copied, 0 already retrieved (18359kB/43ms)
[2024-01-18T23:58:01.778+0000] {spark_submit.py:571} INFO - 24/01/18 23:58:01 WARN NativeCodeLoader: Unable to load native-hadoop library for your platform... using builtin-java classes where applicable
[2024-01-18T23:58:04.067+0000] {spark_submit.py:571} INFO - 2024-01-18 23:58:04.067138: I tensorflow/core/util/port.cc:113] oneDNN custom operations are on. You may see slightly different numerical results due to floating-point round-off errors from different computation orders. To turn them off, set the environment variable `TF_ENABLE_ONEDNN_OPTS=0`.
[2024-01-18T23:58:04.084+0000] {spark_submit.py:571} INFO - 2024-01-18 23:58:04.084438: I external/local_tsl/tsl/cuda/cudart_stub.cc:31] Could not find cuda drivers on your machine, GPU will not be used.
[2024-01-18T23:58:04.194+0000] {spark_submit.py:571} INFO - 2024-01-18 23:58:04.193786: E external/local_xla/xla/stream_executor/cuda/cuda_dnn.cc:9261] Unable to register cuDNN factory: Attempting to register factory for plugin cuDNN when one has already been registered
[2024-01-18T23:58:04.194+0000] {spark_submit.py:571} INFO - 2024-01-18 23:58:04.193892: E external/local_xla/xla/stream_executor/cuda/cuda_fft.cc:607] Unable to register cuFFT factory: Attempting to register factory for plugin cuFFT when one has already been registered
[2024-01-18T23:58:04.208+0000] {spark_submit.py:571} INFO - 2024-01-18 23:58:04.208334: E external/local_xla/xla/stream_executor/cuda/cuda_blas.cc:1515] Unable to register cuBLAS factory: Attempting to register factory for plugin cuBLAS when one has already been registered
[2024-01-18T23:58:04.261+0000] {spark_submit.py:571} INFO - 2024-01-18 23:58:04.261015: I external/local_tsl/tsl/cuda/cudart_stub.cc:31] Could not find cuda drivers on your machine, GPU will not be used.
[2024-01-18T23:58:04.262+0000] {spark_submit.py:571} INFO - 2024-01-18 23:58:04.262551: I tensorflow/core/platform/cpu_feature_guard.cc:182] This TensorFlow binary is optimized to use available CPU instructions in performance-critical operations.
[2024-01-18T23:58:04.263+0000] {spark_submit.py:571} INFO - To enable the following instructions: AVX2 AVX512F AVX512_VNNI FMA, in other operations, rebuild TensorFlow with the appropriate compiler flags.
[2024-01-18T23:58:05.566+0000] {spark_submit.py:571} INFO - 2024-01-18 23:58:05.565980: W tensorflow/compiler/tf2tensorrt/utils/py_utils.cc:38] TF-TRT Warning: Could not find TensorRT
[2024-01-18T23:58:08.509+0000] {spark_submit.py:571} INFO - 24/01/18 23:58:08 INFO SparkContext: Running Spark version 3.5.0
[2024-01-18T23:58:08.509+0000] {spark_submit.py:571} INFO - 24/01/18 23:58:08 INFO SparkContext: OS info Linux, 5.10.102.1-microsoft-standard-WSL2, amd64
[2024-01-18T23:58:08.509+0000] {spark_submit.py:571} INFO - 24/01/18 23:58:08 INFO SparkContext: Java version 11.0.21
[2024-01-18T23:58:08.530+0000] {spark_submit.py:571} INFO - 24/01/18 23:58:08 INFO ResourceUtils: ==============================================================
[2024-01-18T23:58:08.530+0000] {spark_submit.py:571} INFO - 24/01/18 23:58:08 INFO ResourceUtils: No custom resources configured for spark.driver.
[2024-01-18T23:58:08.530+0000] {spark_submit.py:571} INFO - 24/01/18 23:58:08 INFO ResourceUtils: ==============================================================
[2024-01-18T23:58:08.531+0000] {spark_submit.py:571} INFO - 24/01/18 23:58:08 INFO SparkContext: Submitted application: SparkDataStreaming
[2024-01-18T23:58:08.556+0000] {spark_submit.py:571} INFO - 24/01/18 23:58:08 INFO ResourceProfile: Default ResourceProfile created, executor resources: Map(memory -> name: memory, amount: 1024, script: , vendor: , offHeap -> name: offHeap, amount: 0, script: , vendor: ), task resources: Map(cpus -> name: cpus, amount: 1.0)
[2024-01-18T23:58:08.579+0000] {spark_submit.py:571} INFO - 24/01/18 23:58:08 INFO ResourceProfile: Limiting resource is cpu
[2024-01-18T23:58:08.580+0000] {spark_submit.py:571} INFO - 24/01/18 23:58:08 INFO ResourceProfileManager: Added ResourceProfile id: 0
[2024-01-18T23:58:08.647+0000] {spark_submit.py:571} INFO - 24/01/18 23:58:08 INFO SecurityManager: Changing view acls to: ***
[2024-01-18T23:58:08.647+0000] {spark_submit.py:571} INFO - 24/01/18 23:58:08 INFO SecurityManager: Changing modify acls to: ***
[2024-01-18T23:58:08.648+0000] {spark_submit.py:571} INFO - 24/01/18 23:58:08 INFO SecurityManager: Changing view acls groups to:
[2024-01-18T23:58:08.648+0000] {spark_submit.py:571} INFO - 24/01/18 23:58:08 INFO SecurityManager: Changing modify acls groups to:
[2024-01-18T23:58:08.648+0000] {spark_submit.py:571} INFO - 24/01/18 23:58:08 INFO SecurityManager: SecurityManager: authentication disabled; ui acls disabled; users with view permissions: ***; groups with view permissions: EMPTY; users with modify permissions: ***; groups with modify permissions: EMPTY
[2024-01-18T23:58:08.905+0000] {spark_submit.py:571} INFO - 24/01/18 23:58:08 INFO Utils: Successfully started service 'sparkDriver' on port 37753.
[2024-01-18T23:58:08.946+0000] {spark_submit.py:571} INFO - 24/01/18 23:58:08 INFO SparkEnv: Registering MapOutputTracker
[2024-01-18T23:58:08.997+0000] {spark_submit.py:571} INFO - 24/01/18 23:58:08 INFO SparkEnv: Registering BlockManagerMaster
[2024-01-18T23:58:09.026+0000] {spark_submit.py:571} INFO - 24/01/18 23:58:09 INFO BlockManagerMasterEndpoint: Using org.apache.spark.storage.DefaultTopologyMapper for getting topology information
[2024-01-18T23:58:09.027+0000] {spark_submit.py:571} INFO - 24/01/18 23:58:09 INFO BlockManagerMasterEndpoint: BlockManagerMasterEndpoint up
[2024-01-18T23:58:09.032+0000] {spark_submit.py:571} INFO - 24/01/18 23:58:09 INFO SparkEnv: Registering BlockManagerMasterHeartbeat
[2024-01-18T23:58:09.062+0000] {spark_submit.py:571} INFO - 24/01/18 23:58:09 INFO DiskBlockManager: Created local directory at /tmp/blockmgr-40c3e1c3-e6a6-483b-a949-40d64fdabd2a
[2024-01-18T23:58:09.080+0000] {spark_submit.py:571} INFO - 24/01/18 23:58:09 INFO MemoryStore: MemoryStore started with capacity 434.4 MiB
[2024-01-18T23:58:09.098+0000] {spark_submit.py:571} INFO - 24/01/18 23:58:09 INFO SparkEnv: Registering OutputCommitCoordinator
[2024-01-18T23:58:09.246+0000] {spark_submit.py:571} INFO - 24/01/18 23:58:09 INFO JettyUtils: Start Jetty 0.0.0.0:4040 for SparkUI
[2024-01-18T23:58:09.343+0000] {spark_submit.py:571} INFO - 24/01/18 23:58:09 INFO Utils: Successfully started service 'SparkUI' on port 4040.
[2024-01-18T23:58:09.384+0000] {spark_submit.py:571} INFO - 24/01/18 23:58:09 INFO SparkContext: Added JAR file:///home/***/.ivy2/jars/com.datastax.spark_spark-cassandra-connector_2.12-3.4.1.jar at spark://36e53310e6a3:37753/jars/com.datastax.spark_spark-cassandra-connector_2.12-3.4.1.jar with timestamp 1705622288498
[2024-01-18T23:58:09.384+0000] {spark_submit.py:571} INFO - 24/01/18 23:58:09 INFO SparkContext: Added JAR file:///home/***/.ivy2/jars/com.datastax.spark_spark-cassandra-connector-driver_2.12-3.4.1.jar at spark://36e53310e6a3:37753/jars/com.datastax.spark_spark-cassandra-connector-driver_2.12-3.4.1.jar with timestamp 1705622288498
[2024-01-18T23:58:09.384+0000] {spark_submit.py:571} INFO - 24/01/18 23:58:09 INFO SparkContext: Added JAR file:///home/***/.ivy2/jars/org.scala-lang.modules_scala-collection-compat_2.12-2.11.0.jar at spark://36e53310e6a3:37753/jars/org.scala-lang.modules_scala-collection-compat_2.12-2.11.0.jar with timestamp 1705622288498
[2024-01-18T23:58:09.384+0000] {spark_submit.py:571} INFO - 24/01/18 23:58:09 INFO SparkContext: Added JAR file:///home/***/.ivy2/jars/com.datastax.oss_java-driver-core-shaded-4.13.0.jar at spark://36e53310e6a3:37753/jars/com.datastax.oss_java-driver-core-shaded-4.13.0.jar with timestamp 1705622288498
[2024-01-18T23:58:09.385+0000] {spark_submit.py:571} INFO - 24/01/18 23:58:09 INFO SparkContext: Added JAR file:///home/***/.ivy2/jars/com.datastax.oss_java-driver-mapper-runtime-4.13.0.jar at spark://36e53310e6a3:37753/jars/com.datastax.oss_java-driver-mapper-runtime-4.13.0.jar with timestamp 1705622288498
[2024-01-18T23:58:09.385+0000] {spark_submit.py:571} INFO - 24/01/18 23:58:09 INFO SparkContext: Added JAR file:///home/***/.ivy2/jars/org.apache.commons_commons-lang3-3.10.jar at spark://36e53310e6a3:37753/jars/org.apache.commons_commons-lang3-3.10.jar with timestamp 1705622288498
[2024-01-18T23:58:09.385+0000] {spark_submit.py:571} INFO - 24/01/18 23:58:09 INFO SparkContext: Added JAR file:///home/***/.ivy2/jars/com.thoughtworks.paranamer_paranamer-2.8.jar at spark://36e53310e6a3:37753/jars/com.thoughtworks.paranamer_paranamer-2.8.jar with timestamp 1705622288498
[2024-01-18T23:58:09.385+0000] {spark_submit.py:571} INFO - 24/01/18 23:58:09 INFO SparkContext: Added JAR file:///home/***/.ivy2/jars/org.scala-lang_scala-reflect-2.12.11.jar at spark://36e53310e6a3:37753/jars/org.scala-lang_scala-reflect-2.12.11.jar with timestamp 1705622288498
[2024-01-18T23:58:09.385+0000] {spark_submit.py:571} INFO - 24/01/18 23:58:09 INFO SparkContext: Added JAR file:///home/***/.ivy2/jars/com.datastax.oss_native-protocol-1.5.0.jar at spark://36e53310e6a3:37753/jars/com.datastax.oss_native-protocol-1.5.0.jar with timestamp 1705622288498
[2024-01-18T23:58:09.385+0000] {spark_submit.py:571} INFO - 24/01/18 23:58:09 INFO SparkContext: Added JAR file:///home/***/.ivy2/jars/com.datastax.oss_java-driver-shaded-guava-25.1-jre-graal-sub-1.jar at spark://36e53310e6a3:37753/jars/com.datastax.oss_java-driver-shaded-guava-25.1-jre-graal-sub-1.jar with timestamp 1705622288498
[2024-01-18T23:58:09.385+0000] {spark_submit.py:571} INFO - 24/01/18 23:58:09 INFO SparkContext: Added JAR file:///home/***/.ivy2/jars/com.typesafe_config-1.4.1.jar at spark://36e53310e6a3:37753/jars/com.typesafe_config-1.4.1.jar with timestamp 1705622288498
[2024-01-18T23:58:09.385+0000] {spark_submit.py:571} INFO - 24/01/18 23:58:09 INFO SparkContext: Added JAR file:///home/***/.ivy2/jars/org.slf4j_slf4j-api-1.7.26.jar at spark://36e53310e6a3:37753/jars/org.slf4j_slf4j-api-1.7.26.jar with timestamp 1705622288498
[2024-01-18T23:58:09.385+0000] {spark_submit.py:571} INFO - 24/01/18 23:58:09 INFO SparkContext: Added JAR file:///home/***/.ivy2/jars/io.dropwizard.metrics_metrics-core-4.1.18.jar at spark://36e53310e6a3:37753/jars/io.dropwizard.metrics_metrics-core-4.1.18.jar with timestamp 1705622288498
[2024-01-18T23:58:09.385+0000] {spark_submit.py:571} INFO - 24/01/18 23:58:09 INFO SparkContext: Added JAR file:///home/***/.ivy2/jars/org.hdrhistogram_HdrHistogram-2.1.12.jar at spark://36e53310e6a3:37753/jars/org.hdrhistogram_HdrHistogram-2.1.12.jar with timestamp 1705622288498
[2024-01-18T23:58:09.386+0000] {spark_submit.py:571} INFO - 24/01/18 23:58:09 INFO SparkContext: Added JAR file:///home/***/.ivy2/jars/org.reactivestreams_reactive-streams-1.0.3.jar at spark://36e53310e6a3:37753/jars/org.reactivestreams_reactive-streams-1.0.3.jar with timestamp 1705622288498
[2024-01-18T23:58:09.386+0000] {spark_submit.py:571} INFO - 24/01/18 23:58:09 INFO SparkContext: Added JAR file:///home/***/.ivy2/jars/com.github.stephenc.jcip_jcip-annotations-1.0-1.jar at spark://36e53310e6a3:37753/jars/com.github.stephenc.jcip_jcip-annotations-1.0-1.jar with timestamp 1705622288498
[2024-01-18T23:58:09.386+0000] {spark_submit.py:571} INFO - 24/01/18 23:58:09 INFO SparkContext: Added JAR file:///home/***/.ivy2/jars/com.github.spotbugs_spotbugs-annotations-3.1.12.jar at spark://36e53310e6a3:37753/jars/com.github.spotbugs_spotbugs-annotations-3.1.12.jar with timestamp 1705622288498
[2024-01-18T23:58:09.386+0000] {spark_submit.py:571} INFO - 24/01/18 23:58:09 INFO SparkContext: Added JAR file:///home/***/.ivy2/jars/com.google.code.findbugs_jsr305-3.0.2.jar at spark://36e53310e6a3:37753/jars/com.google.code.findbugs_jsr305-3.0.2.jar with timestamp 1705622288498
[2024-01-18T23:58:09.386+0000] {spark_submit.py:571} INFO - 24/01/18 23:58:09 INFO SparkContext: Added JAR file:///home/***/.ivy2/jars/com.datastax.oss_java-driver-query-builder-4.13.0.jar at spark://36e53310e6a3:37753/jars/com.datastax.oss_java-driver-query-builder-4.13.0.jar with timestamp 1705622288498
[2024-01-18T23:58:09.389+0000] {spark_submit.py:571} INFO - 24/01/18 23:58:09 INFO SparkContext: Added file file:///home/***/.ivy2/jars/com.datastax.spark_spark-cassandra-connector_2.12-3.4.1.jar at spark://36e53310e6a3:37753/files/com.datastax.spark_spark-cassandra-connector_2.12-3.4.1.jar with timestamp 1705622288498
[2024-01-18T23:58:09.391+0000] {spark_submit.py:571} INFO - 24/01/18 23:58:09 INFO Utils: Copying /home/***/.ivy2/jars/com.datastax.spark_spark-cassandra-connector_2.12-3.4.1.jar to /tmp/spark-7c8fbb9b-fd84-4448-940f-d4347c740aee/userFiles-36a19bd3-48ff-4c9a-9683-6405ed2b2a6b/com.datastax.spark_spark-cassandra-connector_2.12-3.4.1.jar
[2024-01-18T23:58:09.411+0000] {spark_submit.py:571} INFO - 24/01/18 23:58:09 INFO SparkContext: Added file file:///home/***/.ivy2/jars/com.datastax.spark_spark-cassandra-connector-driver_2.12-3.4.1.jar at spark://36e53310e6a3:37753/files/com.datastax.spark_spark-cassandra-connector-driver_2.12-3.4.1.jar with timestamp 1705622288498
[2024-01-18T23:58:09.412+0000] {spark_submit.py:571} INFO - 24/01/18 23:58:09 INFO Utils: Copying /home/***/.ivy2/jars/com.datastax.spark_spark-cassandra-connector-driver_2.12-3.4.1.jar to /tmp/spark-7c8fbb9b-fd84-4448-940f-d4347c740aee/userFiles-36a19bd3-48ff-4c9a-9683-6405ed2b2a6b/com.datastax.spark_spark-cassandra-connector-driver_2.12-3.4.1.jar
[2024-01-18T23:58:09.420+0000] {spark_submit.py:571} INFO - 24/01/18 23:58:09 INFO SparkContext: Added file file:///home/***/.ivy2/jars/org.scala-lang.modules_scala-collection-compat_2.12-2.11.0.jar at spark://36e53310e6a3:37753/files/org.scala-lang.modules_scala-collection-compat_2.12-2.11.0.jar with timestamp 1705622288498
[2024-01-18T23:58:09.420+0000] {spark_submit.py:571} INFO - 24/01/18 23:58:09 INFO Utils: Copying /home/***/.ivy2/jars/org.scala-lang.modules_scala-collection-compat_2.12-2.11.0.jar to /tmp/spark-7c8fbb9b-fd84-4448-940f-d4347c740aee/userFiles-36a19bd3-48ff-4c9a-9683-6405ed2b2a6b/org.scala-lang.modules_scala-collection-compat_2.12-2.11.0.jar
[2024-01-18T23:58:09.428+0000] {spark_submit.py:571} INFO - 24/01/18 23:58:09 INFO SparkContext: Added file file:///home/***/.ivy2/jars/com.datastax.oss_java-driver-core-shaded-4.13.0.jar at spark://36e53310e6a3:37753/files/com.datastax.oss_java-driver-core-shaded-4.13.0.jar with timestamp 1705622288498
[2024-01-18T23:58:09.429+0000] {spark_submit.py:571} INFO - 24/01/18 23:58:09 INFO Utils: Copying /home/***/.ivy2/jars/com.datastax.oss_java-driver-core-shaded-4.13.0.jar to /tmp/spark-7c8fbb9b-fd84-4448-940f-d4347c740aee/userFiles-36a19bd3-48ff-4c9a-9683-6405ed2b2a6b/com.datastax.oss_java-driver-core-shaded-4.13.0.jar
[2024-01-18T23:58:09.443+0000] {spark_submit.py:571} INFO - 24/01/18 23:58:09 INFO SparkContext: Added file file:///home/***/.ivy2/jars/com.datastax.oss_java-driver-mapper-runtime-4.13.0.jar at spark://36e53310e6a3:37753/files/com.datastax.oss_java-driver-mapper-runtime-4.13.0.jar with timestamp 1705622288498
[2024-01-18T23:58:09.443+0000] {spark_submit.py:571} INFO - 24/01/18 23:58:09 INFO Utils: Copying /home/***/.ivy2/jars/com.datastax.oss_java-driver-mapper-runtime-4.13.0.jar to /tmp/spark-7c8fbb9b-fd84-4448-940f-d4347c740aee/userFiles-36a19bd3-48ff-4c9a-9683-6405ed2b2a6b/com.datastax.oss_java-driver-mapper-runtime-4.13.0.jar
[2024-01-18T23:58:09.452+0000] {spark_submit.py:571} INFO - 24/01/18 23:58:09 INFO SparkContext: Added file file:///home/***/.ivy2/jars/org.apache.commons_commons-lang3-3.10.jar at spark://36e53310e6a3:37753/files/org.apache.commons_commons-lang3-3.10.jar with timestamp 1705622288498
[2024-01-18T23:58:09.452+0000] {spark_submit.py:571} INFO - 24/01/18 23:58:09 INFO Utils: Copying /home/***/.ivy2/jars/org.apache.commons_commons-lang3-3.10.jar to /tmp/spark-7c8fbb9b-fd84-4448-940f-d4347c740aee/userFiles-36a19bd3-48ff-4c9a-9683-6405ed2b2a6b/org.apache.commons_commons-lang3-3.10.jar
[2024-01-18T23:58:09.463+0000] {spark_submit.py:571} INFO - 24/01/18 23:58:09 INFO SparkContext: Added file file:///home/***/.ivy2/jars/com.thoughtworks.paranamer_paranamer-2.8.jar at spark://36e53310e6a3:37753/files/com.thoughtworks.paranamer_paranamer-2.8.jar with timestamp 1705622288498
[2024-01-18T23:58:09.463+0000] {spark_submit.py:571} INFO - 24/01/18 23:58:09 INFO Utils: Copying /home/***/.ivy2/jars/com.thoughtworks.paranamer_paranamer-2.8.jar to /tmp/spark-7c8fbb9b-fd84-4448-940f-d4347c740aee/userFiles-36a19bd3-48ff-4c9a-9683-6405ed2b2a6b/com.thoughtworks.paranamer_paranamer-2.8.jar
[2024-01-18T23:58:09.471+0000] {spark_submit.py:571} INFO - 24/01/18 23:58:09 INFO SparkContext: Added file file:///home/***/.ivy2/jars/org.scala-lang_scala-reflect-2.12.11.jar at spark://36e53310e6a3:37753/files/org.scala-lang_scala-reflect-2.12.11.jar with timestamp 1705622288498
[2024-01-18T23:58:09.471+0000] {spark_submit.py:571} INFO - 24/01/18 23:58:09 INFO Utils: Copying /home/***/.ivy2/jars/org.scala-lang_scala-reflect-2.12.11.jar to /tmp/spark-7c8fbb9b-fd84-4448-940f-d4347c740aee/userFiles-36a19bd3-48ff-4c9a-9683-6405ed2b2a6b/org.scala-lang_scala-reflect-2.12.11.jar
[2024-01-18T23:58:09.484+0000] {spark_submit.py:571} INFO - 24/01/18 23:58:09 INFO SparkContext: Added file file:///home/***/.ivy2/jars/com.datastax.oss_native-protocol-1.5.0.jar at spark://36e53310e6a3:37753/files/com.datastax.oss_native-protocol-1.5.0.jar with timestamp 1705622288498
[2024-01-18T23:58:09.484+0000] {spark_submit.py:571} INFO - 24/01/18 23:58:09 INFO Utils: Copying /home/***/.ivy2/jars/com.datastax.oss_native-protocol-1.5.0.jar to /tmp/spark-7c8fbb9b-fd84-4448-940f-d4347c740aee/userFiles-36a19bd3-48ff-4c9a-9683-6405ed2b2a6b/com.datastax.oss_native-protocol-1.5.0.jar
[2024-01-18T23:58:09.493+0000] {spark_submit.py:571} INFO - 24/01/18 23:58:09 INFO SparkContext: Added file file:///home/***/.ivy2/jars/com.datastax.oss_java-driver-shaded-guava-25.1-jre-graal-sub-1.jar at spark://36e53310e6a3:37753/files/com.datastax.oss_java-driver-shaded-guava-25.1-jre-graal-sub-1.jar with timestamp 1705622288498
[2024-01-18T23:58:09.493+0000] {spark_submit.py:571} INFO - 24/01/18 23:58:09 INFO Utils: Copying /home/***/.ivy2/jars/com.datastax.oss_java-driver-shaded-guava-25.1-jre-graal-sub-1.jar to /tmp/spark-7c8fbb9b-fd84-4448-940f-d4347c740aee/userFiles-36a19bd3-48ff-4c9a-9683-6405ed2b2a6b/com.datastax.oss_java-driver-shaded-guava-25.1-jre-graal-sub-1.jar
[2024-01-18T23:58:09.507+0000] {spark_submit.py:571} INFO - 24/01/18 23:58:09 INFO SparkContext: Added file file:///home/***/.ivy2/jars/com.typesafe_config-1.4.1.jar at spark://36e53310e6a3:37753/files/com.typesafe_config-1.4.1.jar with timestamp 1705622288498
[2024-01-18T23:58:09.507+0000] {spark_submit.py:571} INFO - 24/01/18 23:58:09 INFO Utils: Copying /home/***/.ivy2/jars/com.typesafe_config-1.4.1.jar to /tmp/spark-7c8fbb9b-fd84-4448-940f-d4347c740aee/userFiles-36a19bd3-48ff-4c9a-9683-6405ed2b2a6b/com.typesafe_config-1.4.1.jar
[2024-01-18T23:58:09.514+0000] {spark_submit.py:571} INFO - 24/01/18 23:58:09 INFO SparkContext: Added file file:///home/***/.ivy2/jars/org.slf4j_slf4j-api-1.7.26.jar at spark://36e53310e6a3:37753/files/org.slf4j_slf4j-api-1.7.26.jar with timestamp 1705622288498
[2024-01-18T23:58:09.514+0000] {spark_submit.py:571} INFO - 24/01/18 23:58:09 INFO Utils: Copying /home/***/.ivy2/jars/org.slf4j_slf4j-api-1.7.26.jar to /tmp/spark-7c8fbb9b-fd84-4448-940f-d4347c740aee/userFiles-36a19bd3-48ff-4c9a-9683-6405ed2b2a6b/org.slf4j_slf4j-api-1.7.26.jar
[2024-01-18T23:58:09.524+0000] {spark_submit.py:571} INFO - 24/01/18 23:58:09 INFO SparkContext: Added file file:///home/***/.ivy2/jars/io.dropwizard.metrics_metrics-core-4.1.18.jar at spark://36e53310e6a3:37753/files/io.dropwizard.metrics_metrics-core-4.1.18.jar with timestamp 1705622288498
[2024-01-18T23:58:09.525+0000] {spark_submit.py:571} INFO - 24/01/18 23:58:09 INFO Utils: Copying /home/***/.ivy2/jars/io.dropwizard.metrics_metrics-core-4.1.18.jar to /tmp/spark-7c8fbb9b-fd84-4448-940f-d4347c740aee/userFiles-36a19bd3-48ff-4c9a-9683-6405ed2b2a6b/io.dropwizard.metrics_metrics-core-4.1.18.jar
[2024-01-18T23:58:09.535+0000] {spark_submit.py:571} INFO - 24/01/18 23:58:09 INFO SparkContext: Added file file:///home/***/.ivy2/jars/org.hdrhistogram_HdrHistogram-2.1.12.jar at spark://36e53310e6a3:37753/files/org.hdrhistogram_HdrHistogram-2.1.12.jar with timestamp 1705622288498
[2024-01-18T23:58:09.536+0000] {spark_submit.py:571} INFO - 24/01/18 23:58:09 INFO Utils: Copying /home/***/.ivy2/jars/org.hdrhistogram_HdrHistogram-2.1.12.jar to /tmp/spark-7c8fbb9b-fd84-4448-940f-d4347c740aee/userFiles-36a19bd3-48ff-4c9a-9683-6405ed2b2a6b/org.hdrhistogram_HdrHistogram-2.1.12.jar
[2024-01-18T23:58:09.550+0000] {spark_submit.py:571} INFO - 24/01/18 23:58:09 INFO SparkContext: Added file file:///home/***/.ivy2/jars/org.reactivestreams_reactive-streams-1.0.3.jar at spark://36e53310e6a3:37753/files/org.reactivestreams_reactive-streams-1.0.3.jar with timestamp 1705622288498
[2024-01-18T23:58:09.551+0000] {spark_submit.py:571} INFO - 24/01/18 23:58:09 INFO Utils: Copying /home/***/.ivy2/jars/org.reactivestreams_reactive-streams-1.0.3.jar to /tmp/spark-7c8fbb9b-fd84-4448-940f-d4347c740aee/userFiles-36a19bd3-48ff-4c9a-9683-6405ed2b2a6b/org.reactivestreams_reactive-streams-1.0.3.jar
[2024-01-18T23:58:09.558+0000] {spark_submit.py:571} INFO - 24/01/18 23:58:09 INFO SparkContext: Added file file:///home/***/.ivy2/jars/com.github.stephenc.jcip_jcip-annotations-1.0-1.jar at spark://36e53310e6a3:37753/files/com.github.stephenc.jcip_jcip-annotations-1.0-1.jar with timestamp 1705622288498
[2024-01-18T23:58:09.558+0000] {spark_submit.py:571} INFO - 24/01/18 23:58:09 INFO Utils: Copying /home/***/.ivy2/jars/com.github.stephenc.jcip_jcip-annotations-1.0-1.jar to /tmp/spark-7c8fbb9b-fd84-4448-940f-d4347c740aee/userFiles-36a19bd3-48ff-4c9a-9683-6405ed2b2a6b/com.github.stephenc.jcip_jcip-annotations-1.0-1.jar
[2024-01-18T23:58:09.564+0000] {spark_submit.py:571} INFO - 24/01/18 23:58:09 INFO SparkContext: Added file file:///home/***/.ivy2/jars/com.github.spotbugs_spotbugs-annotations-3.1.12.jar at spark://36e53310e6a3:37753/files/com.github.spotbugs_spotbugs-annotations-3.1.12.jar with timestamp 1705622288498
[2024-01-18T23:58:09.564+0000] {spark_submit.py:571} INFO - 24/01/18 23:58:09 INFO Utils: Copying /home/***/.ivy2/jars/com.github.spotbugs_spotbugs-annotations-3.1.12.jar to /tmp/spark-7c8fbb9b-fd84-4448-940f-d4347c740aee/userFiles-36a19bd3-48ff-4c9a-9683-6405ed2b2a6b/com.github.spotbugs_spotbugs-annotations-3.1.12.jar
[2024-01-18T23:58:09.572+0000] {spark_submit.py:571} INFO - 24/01/18 23:58:09 INFO SparkContext: Added file file:///home/***/.ivy2/jars/com.google.code.findbugs_jsr305-3.0.2.jar at spark://36e53310e6a3:37753/files/com.google.code.findbugs_jsr305-3.0.2.jar with timestamp 1705622288498
[2024-01-18T23:58:09.573+0000] {spark_submit.py:571} INFO - 24/01/18 23:58:09 INFO Utils: Copying /home/***/.ivy2/jars/com.google.code.findbugs_jsr305-3.0.2.jar to /tmp/spark-7c8fbb9b-fd84-4448-940f-d4347c740aee/userFiles-36a19bd3-48ff-4c9a-9683-6405ed2b2a6b/com.google.code.findbugs_jsr305-3.0.2.jar
[2024-01-18T23:58:09.579+0000] {spark_submit.py:571} INFO - 24/01/18 23:58:09 INFO SparkContext: Added file file:///home/***/.ivy2/jars/com.datastax.oss_java-driver-query-builder-4.13.0.jar at spark://36e53310e6a3:37753/files/com.datastax.oss_java-driver-query-builder-4.13.0.jar with timestamp 1705622288498
[2024-01-18T23:58:09.580+0000] {spark_submit.py:571} INFO - 24/01/18 23:58:09 INFO Utils: Copying /home/***/.ivy2/jars/com.datastax.oss_java-driver-query-builder-4.13.0.jar to /tmp/spark-7c8fbb9b-fd84-4448-940f-d4347c740aee/userFiles-36a19bd3-48ff-4c9a-9683-6405ed2b2a6b/com.datastax.oss_java-driver-query-builder-4.13.0.jar
[2024-01-18T23:58:09.680+0000] {spark_submit.py:571} INFO - 24/01/18 23:58:09 INFO StandaloneAppClient$ClientEndpoint: Connecting to master spark://172.29.0.5:7077...
[2024-01-18T23:58:09.728+0000] {spark_submit.py:571} INFO - 24/01/18 23:58:09 INFO TransportClientFactory: Successfully created connection to /172.29.0.5:7077 after 30 ms (0 ms spent in bootstraps)
[2024-01-18T23:58:09.886+0000] {spark_submit.py:571} INFO - 24/01/18 23:58:09 INFO StandaloneSchedulerBackend: Connected to Spark cluster with app ID app-20240118235809-0009
[2024-01-18T23:58:09.890+0000] {spark_submit.py:571} INFO - 24/01/18 23:58:09 INFO StandaloneAppClient$ClientEndpoint: Executor added: app-20240118235809-0009/0 on worker-20240118223130-172.29.0.7-36307 (172.29.0.7:36307) with 2 core(s)
[2024-01-18T23:58:09.893+0000] {spark_submit.py:571} INFO - 24/01/18 23:58:09 INFO StandaloneSchedulerBackend: Granted executor ID app-20240118235809-0009/0 on hostPort 172.29.0.7:36307 with 2 core(s), 1024.0 MiB RAM
[2024-01-18T23:58:09.893+0000] {spark_submit.py:571} INFO - 24/01/18 23:58:09 INFO StandaloneAppClient$ClientEndpoint: Executor added: app-20240118235809-0009/1 on worker-20240118223130-172.29.0.8-39635 (172.29.0.8:39635) with 2 core(s)
[2024-01-18T23:58:09.893+0000] {spark_submit.py:571} INFO - 24/01/18 23:58:09 INFO StandaloneSchedulerBackend: Granted executor ID app-20240118235809-0009/1 on hostPort 172.29.0.8:39635 with 2 core(s), 1024.0 MiB RAM
[2024-01-18T23:58:09.897+0000] {spark_submit.py:571} INFO - 24/01/18 23:58:09 INFO Utils: Successfully started service 'org.apache.spark.network.netty.NettyBlockTransferService' on port 45343.
[2024-01-18T23:58:09.898+0000] {spark_submit.py:571} INFO - 24/01/18 23:58:09 INFO NettyBlockTransferService: Server created on 36e53310e6a3:45343
[2024-01-18T23:58:09.901+0000] {spark_submit.py:571} INFO - 24/01/18 23:58:09 INFO BlockManager: Using org.apache.spark.storage.RandomBlockReplicationPolicy for block replication policy
[2024-01-18T23:58:09.912+0000] {spark_submit.py:571} INFO - 24/01/18 23:58:09 INFO BlockManagerMaster: Registering BlockManager BlockManagerId(driver, 36e53310e6a3, 45343, None)
[2024-01-18T23:58:09.917+0000] {spark_submit.py:571} INFO - 24/01/18 23:58:09 INFO BlockManagerMasterEndpoint: Registering block manager 36e53310e6a3:45343 with 434.4 MiB RAM, BlockManagerId(driver, 36e53310e6a3, 45343, None)
[2024-01-18T23:58:09.920+0000] {spark_submit.py:571} INFO - 24/01/18 23:58:09 INFO BlockManagerMaster: Registered BlockManager BlockManagerId(driver, 36e53310e6a3, 45343, None)
[2024-01-18T23:58:09.922+0000] {spark_submit.py:571} INFO - 24/01/18 23:58:09 INFO BlockManager: Initialized BlockManager: BlockManagerId(driver, 36e53310e6a3, 45343, None)
[2024-01-18T23:58:10.077+0000] {spark_submit.py:571} INFO - 24/01/18 23:58:10 INFO StandaloneAppClient$ClientEndpoint: Executor updated: app-20240118235809-0009/1 is now RUNNING
[2024-01-18T23:58:10.077+0000] {spark_submit.py:571} INFO - 24/01/18 23:58:10 INFO StandaloneAppClient$ClientEndpoint: Executor updated: app-20240118235809-0009/0 is now RUNNING
[2024-01-18T23:58:10.154+0000] {spark_submit.py:571} INFO - 24/01/18 23:58:10 INFO StandaloneSchedulerBackend: SchedulerBackend is ready for scheduling beginning after reached minRegisteredResourcesRatio: 0.0
[2024-01-18T23:58:10.408+0000] {spark_submit.py:571} INFO - WARNING:cassandra.cluster:Cluster.__init__ called with contact_points specified, but no load_balancing_policy. In the next major version, this will raise an error; please specify a load-balancing policy. (contact_points = ['cassandra'], lbp = None)
[2024-01-18T23:58:10.437+0000] {spark_submit.py:571} INFO - WARNING:cassandra.cluster:Downgrading core protocol version from 66 to 65 for 172.29.0.3:9042. To avoid this, it is best practice to explicitly set Cluster(protocol_version) to the version supported by your cluster. http://datastax.github.io/python-driver/api/cassandra/cluster.html#cassandra.cluster.Cluster.protocol_version
[2024-01-18T23:58:10.444+0000] {spark_submit.py:571} INFO - WARNING:cassandra.cluster:Downgrading core protocol version from 65 to 5 for 172.29.0.3:9042. To avoid this, it is best practice to explicitly set Cluster(protocol_version) to the version supported by your cluster. http://datastax.github.io/python-driver/api/cassandra/cluster.html#cassandra.cluster.Cluster.protocol_version
[2024-01-18T23:58:12.644+0000] {spark_submit.py:571} INFO - Keyspace created successfully!
[2024-01-18T23:58:12.650+0000] {spark_submit.py:571} INFO - Table created successfully!
[2024-01-18T23:58:12.650+0000] {spark_submit.py:571} INFO - Charger les données historiques depuis Cassandra
[2024-01-18T23:58:22.680+0000] {spark_submit.py:571} INFO - historical_data :  DataFrame[name: string, date: string, price: string]
[2024-01-18T23:58:31.868+0000] {spark_submit.py:571} INFO - Trier les données par last_updated
[2024-01-18T23:58:31.966+0000] {spark_submit.py:571} INFO - Utiliser une fenêtre pour obtenir les 15 dernières lignes
[2024-01-18T23:58:32.077+0000] {spark_submit.py:571} INFO - Sélectionner uniquement la colonne price
[2024-01-18T23:58:40.009+0000] {spark_submit.py:571} INFO - [Row(price='44179.921875'), Row(price='44162.691406'), Row(price='43989.195313'), Row(price='43943.097656'), Row(price='46970.503906'), Row(price='46139.730469'), Row(price='46627.777344'), Row(price='46368.585938'), Row(price='42853.167969'), Row(price='42842.382813'), Row(price='41796.269531'), Row(price='42511.968750'), Row(price='43154.945313'), Row(price='42742.652344'), Row(price='42406.503906')]
[2024-01-18T23:58:40.015+0000] {spark_submit.py:571} INFO - Convertir les données en un tableau NumPy
[2024-01-18T23:58:40.015+0000] {spark_submit.py:571} INFO - [44179.921875, 44162.691406, 43989.195313, 43943.097656, 46970.503906, 46139.730469, 46627.777344, 46368.585938, 42853.167969, 42842.382813, 41796.269531, 42511.96875, 43154.945313, 42742.652344, 42406.503906]
[2024-01-18T23:58:40.015+0000] {spark_submit.py:571} INFO - model_path :  /opt/***/plugins/complete_model.h5
[2024-01-18T23:58:41.480+0000] {spark_submit.py:571} INFO - [[0.4606773 ]
[2024-01-18T23:58:41.486+0000] {spark_submit.py:571} INFO - [0.45734725]
[2024-01-18T23:58:41.486+0000] {spark_submit.py:571} INFO - [0.42381648]
[2024-01-18T23:58:41.486+0000] {spark_submit.py:571} INFO - [0.4149074 ]
[2024-01-18T23:58:41.487+0000] {spark_submit.py:571} INFO - [1.        ]
[2024-01-18T23:58:41.487+0000] {spark_submit.py:571} INFO - [0.83944032]
[2024-01-18T23:58:41.487+0000] {spark_submit.py:571} INFO - [0.93376285]
[2024-01-18T23:58:41.487+0000] {spark_submit.py:571} INFO - [0.88367014]
[2024-01-18T23:58:41.487+0000] {spark_submit.py:571} INFO - [0.2042618 ]
[2024-01-18T23:58:41.487+0000] {spark_submit.py:571} INFO - [0.20217741]
[2024-01-18T23:58:41.487+0000] {spark_submit.py:571} INFO - [0.        ]
[2024-01-18T23:58:41.487+0000] {spark_submit.py:571} INFO - [0.13831983]
[2024-01-18T23:58:41.487+0000] {spark_submit.py:571} INFO - [0.26258489]
[2024-01-18T23:58:41.487+0000] {spark_submit.py:571} INFO - [0.18290297]
[2024-01-18T23:58:41.487+0000] {spark_submit.py:571} INFO - [0.11793713]]
[2024-01-18T23:58:42.887+0000] {spark_submit.py:571} INFO - 
[2024-01-18T23:58:42.895+0000] {spark_submit.py:571} INFO - 1/1 [==============================] - ETA: 0s
[2024-01-18T23:58:42.895+0000] {spark_submit.py:571} INFO - 1/1 [==============================] - 1s 1s/step
[2024-01-18T23:58:43.264+0000] {spark_submit.py:571} INFO - Predicted Close Price for the Next Day: 42448.523
[2024-01-18T23:58:48.235+0000] {taskinstance.py:1400} INFO - Marking task as SUCCESS. dag_id=bitcoin_data_batch_processing, task_id=submit_spark_job, execution_date=20240118T235756, start_date=20240118T235758, end_date=20240118T235848
[2024-01-18T23:58:48.291+0000] {local_task_job_runner.py:228} INFO - Task exited with return code 0
[2024-01-18T23:58:48.313+0000] {taskinstance.py:2784} INFO - 0 downstream tasks scheduled from follow-on schedule check
